{"meta": {"format": 3, "version": "7.13.2", "timestamp": "2026-02-05T23:30:12.655593", "branch_coverage": true, "show_contexts": false}, "files": {"src/siopv/__init__.py": {"executed_lines": [], "summary": {"covered_lines": 0, "num_statements": 0, "percent_covered": 100.0, "percent_covered_display": "100", "missing_lines": 0, "excluded_lines": 0, "percent_statements_covered": 100.0, "percent_statements_covered_display": "100", "num_branches": 0, "num_partial_branches": 0, "covered_branches": 0, "missing_branches": 0, "percent_branches_covered": 100.0, "percent_branches_covered_display": "100"}, "missing_lines": [], "excluded_lines": [], "executed_branches": [], "missing_branches": [], "functions": {"": {"executed_lines": [], "summary": {"covered_lines": 0, "num_statements": 0, "percent_covered": 100.0, "percent_covered_display": "100", "missing_lines": 0, "excluded_lines": 0, "percent_statements_covered": 100.0, "percent_statements_covered_display": "100", "num_branches": 0, "num_partial_branches": 0, "covered_branches": 0, "missing_branches": 0, "percent_branches_covered": 100.0, "percent_branches_covered_display": "100"}, "missing_lines": [], "excluded_lines": [], "start_line": 1, "executed_branches": [], "missing_branches": []}}, "classes": {"": {"executed_lines": [], "summary": {"covered_lines": 0, "num_statements": 0, "percent_covered": 100.0, "percent_covered_display": "100", "missing_lines": 0, "excluded_lines": 0, "percent_statements_covered": 100.0, "percent_statements_covered_display": "100", "num_branches": 0, "num_partial_branches": 0, "covered_branches": 0, "missing_branches": 0, "percent_branches_covered": 100.0, "percent_branches_covered_display": "100"}, "missing_lines": [], "excluded_lines": [], "start_line": 1, "executed_branches": [], "missing_branches": []}}}, "src/siopv/adapters/__init__.py": {"executed_lines": [], "summary": {"covered_lines": 0, "num_statements": 0, "percent_covered": 100.0, "percent_covered_display": "100", "missing_lines": 0, "excluded_lines": 0, "percent_statements_covered": 100.0, "percent_statements_covered_display": "100", "num_branches": 0, "num_partial_branches": 0, "covered_branches": 0, "missing_branches": 0, "percent_branches_covered": 100.0, "percent_branches_covered_display": "100"}, "missing_lines": [], "excluded_lines": [], "executed_branches": [], "missing_branches": [], "functions": {"": {"executed_lines": [], "summary": {"covered_lines": 0, "num_statements": 0, "percent_covered": 100.0, "percent_covered_display": "100", "missing_lines": 0, "excluded_lines": 0, "percent_statements_covered": 100.0, "percent_statements_covered_display": "100", "num_branches": 0, "num_partial_branches": 0, "covered_branches": 0, "missing_branches": 0, "percent_branches_covered": 100.0, "percent_branches_covered_display": "100"}, "missing_lines": [], "excluded_lines": [], "start_line": 1, "executed_branches": [], "missing_branches": []}}, "classes": {"": {"executed_lines": [], "summary": {"covered_lines": 0, "num_statements": 0, "percent_covered": 100.0, "percent_covered_display": "100", "missing_lines": 0, "excluded_lines": 0, "percent_statements_covered": 100.0, "percent_statements_covered_display": "100", "num_branches": 0, "num_partial_branches": 0, "covered_branches": 0, "missing_branches": 0, "percent_branches_covered": 100.0, "percent_branches_covered_display": "100"}, "missing_lines": [], "excluded_lines": [], "start_line": 1, "executed_branches": [], "missing_branches": []}}}, "src/siopv/adapters/authorization/__init__.py": {"executed_lines": [], "summary": {"covered_lines": 0, "num_statements": 2, "percent_covered": 0.0, "percent_covered_display": "0", "missing_lines": 2, "excluded_lines": 0, "percent_statements_covered": 0.0, "percent_statements_covered_display": "0", "num_branches": 0, "num_partial_branches": 0, "covered_branches": 0, "missing_branches": 0, "percent_branches_covered": 100.0, "percent_branches_covered_display": "100"}, "missing_lines": [25, 30], "excluded_lines": [], "executed_branches": [], "missing_branches": [], "functions": {"": {"executed_lines": [], "summary": {"covered_lines": 0, "num_statements": 2, "percent_covered": 0.0, "percent_covered_display": "0", "missing_lines": 2, "excluded_lines": 0, "percent_statements_covered": 0.0, "percent_statements_covered_display": "0", "num_branches": 0, "num_partial_branches": 0, "covered_branches": 0, "missing_branches": 0, "percent_branches_covered": 100.0, "percent_branches_covered_display": "100"}, "missing_lines": [25, 30], "excluded_lines": [], "start_line": 1, "executed_branches": [], "missing_branches": []}}, "classes": {"": {"executed_lines": [], "summary": {"covered_lines": 0, "num_statements": 2, "percent_covered": 0.0, "percent_covered_display": "0", "missing_lines": 2, "excluded_lines": 0, "percent_statements_covered": 0.0, "percent_statements_covered_display": "0", "num_branches": 0, "num_partial_branches": 0, "covered_branches": 0, "missing_branches": 0, "percent_branches_covered": 100.0, "percent_branches_covered_display": "100"}, "missing_lines": [25, 30], "excluded_lines": [], "start_line": 1, "executed_branches": [], "missing_branches": []}}}, "src/siopv/adapters/authorization/openfga_adapter.py": {"executed_lines": [], "summary": {"covered_lines": 0, "num_statements": 316, "percent_covered": 0.0, "percent_covered_display": "0", "missing_lines": 316, "excluded_lines": 2, "percent_statements_covered": 0.0, "percent_statements_covered_display": "0", "num_branches": 74, "num_partial_branches": 0, "covered_branches": 0, "missing_branches": 74, "percent_branches_covered": 0.0, "percent_branches_covered_display": "0"}, "missing_lines": [18, 20, 21, 23, 24, 25, 32, 33, 40, 45, 60, 65, 68, 71, 75, 101, 113, 114, 117, 124, 125, 128, 131, 133, 139, 148, 149, 151, 152, 154, 156, 157, 159, 164, 165, 167, 173, 178, 179, 180, 181, 182, 184, 193, 194, 196, 197, 201, 203, 216, 217, 220, 221, 222, 227, 229, 238, 244, 260, 262, 268, 288, 294, 295, 297, 298, 299, 301, 302, 308, 322, 324, 325, 326, 329, 330, 331, 336, 337, 345, 347, 354, 364, 366, 367, 369, 370, 372, 373, 378, 386, 387, 391, 396, 397, 402, 410, 426, 427, 429, 430, 432, 434, 435, 438, 439, 441, 442, 443, 445, 451, 452, 456, 459, 460, 461, 463, 464, 465, 467, 471, 475, 476, 477, 478, 484, 487, 490, 491, 497, 499, 504, 512, 514, 515, 517, 518, 519, 527, 528, 533, 541, 560, 567, 569, 570, 572, 573, 580, 582, 589, 590, 598, 599, 607, 624, 626, 628, 629, 630, 631, 632, 633, 635, 637, 644, 646, 647, 653, 665, 675, 676, 677, 679, 680, 681, 682, 684, 685, 687, 694, 695, 699, 706, 707, 715, 716, 720, 728, 739, 740, 742, 743, 745, 746, 747, 749, 750, 751, 752, 754, 755, 757, 762, 763, 770, 771, 779, 780, 788, 797, 798, 799, 801, 802, 803, 804, 806, 807, 809, 816, 817, 825, 826, 830, 838, 848, 849, 851, 852, 854, 855, 856, 858, 859, 860, 861, 863, 864, 866, 871, 872, 880, 881, 889, 908, 909, 912, 913, 914, 915, 916, 917, 918, 920, 921, 924, 925, 926, 927, 928, 929, 934, 936, 944, 946, 947, 955, 956, 960, 968, 983, 985, 1000, 1002, 1021, 1022, 1028, 1038, 1039, 1041, 1042, 1044, 1045, 1051, 1052, 1053, 1055, 1060, 1062, 1063, 1065, 1066, 1068, 1069, 1075, 1076, 1081, 1090, 1091, 1093, 1095, 1096, 1098, 1099, 1101, 1107, 1108, 1111, 1112, 1114, 1115, 1117, 1118, 1122, 1125], "excluded_lines": [62, 63], "executed_branches": [], "missing_branches": [[148, 149], [148, 151], [151, 152], [151, 154], [154, 156], [154, 159], [178, -173], [178, 179], [193, 194], [193, 196], [196, 197], [196, 201], [216, 217], [216, 220], [221, 222], [221, 227], [294, 295], [294, 297], [298, 299], [298, 301], [330, 331], [330, 336], [426, 427], [426, 429], [429, 430], [429, 432], [441, 442], [441, 459], [451, 452], [451, 456], [460, 461], [460, 463], [475, 476], [475, 487], [476, 477], [476, 499], [477, 476], [477, 478], [487, 490], [487, 499], [628, 629], [628, 637], [631, 628], [631, 632], [681, 682], [681, 684], [739, 740], [739, 742], [742, 743], [742, 745], [751, 752], [751, 754], [803, 804], [803, 806], [848, 849], [848, 851], [851, 852], [851, 854], [860, 861], [860, 863], [913, 914], [913, 915], [915, 916], [915, 917], [917, 918], [917, 920], [925, 926], [925, 936], [926, 927], [926, 936], [927, 926], [927, 928], [1044, 1045], [1044, 1051]], "functions": {"OpenFGAAdapter.__init__": {"executed_lines": [], "summary": {"covered_lines": 0, "num_statements": 8, "percent_covered": 0.0, "percent_covered_display": "0", "missing_lines": 8, "excluded_lines": 0, "percent_statements_covered": 0.0, "percent_statements_covered_display": "0", "num_branches": 0, "num_partial_branches": 0, "covered_branches": 0, "missing_branches": 0, "percent_branches_covered": 100.0, "percent_branches_covered_display": "100"}, "missing_lines": [113, 114, 117, 124, 125, 128, 131, 133], "excluded_lines": [], "start_line": 101, "executed_branches": [], "missing_branches": []}, "OpenFGAAdapter.initialize": {"executed_lines": [], "summary": {"covered_lines": 0, "num_statements": 11, "percent_covered": 0.0, "percent_covered_display": "0", "missing_lines": 11, "excluded_lines": 0, "percent_statements_covered": 0.0, "percent_statements_covered_display": "0", "num_branches": 6, "num_partial_branches": 0, "covered_branches": 0, "missing_branches": 6, "percent_branches_covered": 0.0, "percent_branches_covered_display": "0"}, "missing_lines": [148, 149, 151, 152, 154, 156, 157, 159, 164, 165, 167], "excluded_lines": [], "start_line": 139, "executed_branches": [], "missing_branches": [[148, 149], [148, 151], [151, 152], [151, 154], [154, 156], [154, 159]]}, "OpenFGAAdapter.close": {"executed_lines": [], "summary": {"covered_lines": 0, "num_statements": 5, "percent_covered": 0.0, "percent_covered_display": "0", "missing_lines": 5, "excluded_lines": 0, "percent_statements_covered": 0.0, "percent_statements_covered_display": "0", "num_branches": 2, "num_partial_branches": 0, "covered_branches": 0, "missing_branches": 2, "percent_branches_covered": 0.0, "percent_branches_covered_display": "0"}, "missing_lines": [178, 179, 180, 181, 182], "excluded_lines": [], "start_line": 173, "executed_branches": [], "missing_branches": [[178, -173], [178, 179]]}, "OpenFGAAdapter._get_client": {"executed_lines": [], "summary": {"covered_lines": 0, "num_statements": 5, "percent_covered": 0.0, "percent_covered_display": "0", "missing_lines": 5, "excluded_lines": 0, "percent_statements_covered": 0.0, "percent_statements_covered_display": "0", "num_branches": 4, "num_partial_branches": 0, "covered_branches": 0, "missing_branches": 4, "percent_branches_covered": 0.0, "percent_branches_covered_display": "0"}, "missing_lines": [193, 194, 196, 197, 201], "excluded_lines": [], "start_line": 184, "executed_branches": [], "missing_branches": [[193, 194], [193, 196], [196, 197], [196, 201]]}, "OpenFGAAdapter._resolve_relation_for_action": {"executed_lines": [], "summary": {"covered_lines": 0, "num_statements": 6, "percent_covered": 0.0, "percent_covered_display": "0", "missing_lines": 6, "excluded_lines": 0, "percent_statements_covered": 0.0, "percent_statements_covered_display": "0", "num_branches": 4, "num_partial_branches": 0, "covered_branches": 0, "missing_branches": 4, "percent_branches_covered": 0.0, "percent_branches_covered_display": "0"}, "missing_lines": [216, 217, 220, 221, 222, 227], "excluded_lines": [], "start_line": 203, "executed_branches": [], "missing_branches": [[216, 217], [216, 220], [221, 222], [221, 227]]}, "OpenFGAAdapter._domain_tuple_to_client_tuple": {"executed_lines": [], "summary": {"covered_lines": 0, "num_statements": 1, "percent_covered": 0.0, "percent_covered_display": "0", "missing_lines": 1, "excluded_lines": 0, "percent_statements_covered": 0.0, "percent_statements_covered_display": "0", "num_branches": 0, "num_partial_branches": 0, "covered_branches": 0, "missing_branches": 0, "percent_branches_covered": 100.0, "percent_branches_covered_display": "100"}, "missing_lines": [238], "excluded_lines": [], "start_line": 229, "executed_branches": [], "missing_branches": []}, "OpenFGAAdapter._client_tuple_to_domain_tuple": {"executed_lines": [], "summary": {"covered_lines": 0, "num_statements": 1, "percent_covered": 0.0, "percent_covered_display": "0", "missing_lines": 1, "excluded_lines": 0, "percent_statements_covered": 0.0, "percent_statements_covered_display": "0", "num_branches": 0, "num_partial_branches": 0, "covered_branches": 0, "missing_branches": 0, "percent_branches_covered": 100.0, "percent_branches_covered_display": "100"}, "missing_lines": [260], "excluded_lines": [], "start_line": 244, "executed_branches": [], "missing_branches": []}, "OpenFGAAdapter._execute_check": {"executed_lines": [], "summary": {"covered_lines": 0, "num_statements": 8, "percent_covered": 0.0, "percent_covered_display": "0", "missing_lines": 8, "excluded_lines": 0, "percent_statements_covered": 0.0, "percent_statements_covered_display": "0", "num_branches": 4, "num_partial_branches": 0, "covered_branches": 0, "missing_branches": 4, "percent_branches_covered": 0.0, "percent_branches_covered_display": "0"}, "missing_lines": [288, 294, 295, 297, 298, 299, 301, 302], "excluded_lines": [], "start_line": 268, "executed_branches": [], "missing_branches": [[294, 295], [294, 297], [298, 299], [298, 301]]}, "OpenFGAAdapter.check": {"executed_lines": [], "summary": {"covered_lines": 0, "num_statements": 26, "percent_covered": 0.0, "percent_covered_display": "0", "missing_lines": 26, "excluded_lines": 0, "percent_statements_covered": 0.0, "percent_statements_covered_display": "0", "num_branches": 2, "num_partial_branches": 0, "covered_branches": 0, "missing_branches": 2, "percent_branches_covered": 0.0, "percent_branches_covered_display": "0"}, "missing_lines": [322, 324, 325, 326, 329, 330, 331, 336, 337, 345, 347, 354, 364, 366, 367, 369, 370, 372, 373, 378, 386, 387, 391, 396, 397, 402], "excluded_lines": [], "start_line": 308, "executed_branches": [], "missing_branches": [[330, 331], [330, 336]]}, "OpenFGAAdapter.batch_check": {"executed_lines": [], "summary": {"covered_lines": 0, "num_statements": 44, "percent_covered": 0.0, "percent_covered_display": "0", "missing_lines": 44, "excluded_lines": 0, "percent_statements_covered": 0.0, "percent_statements_covered_display": "0", "num_branches": 18, "num_partial_branches": 0, "covered_branches": 0, "missing_branches": 18, "percent_branches_covered": 0.0, "percent_branches_covered_display": "0"}, "missing_lines": [426, 427, 429, 430, 432, 434, 435, 438, 439, 441, 442, 443, 445, 451, 452, 456, 459, 460, 461, 463, 464, 465, 467, 471, 475, 476, 477, 478, 484, 487, 490, 491, 497, 499, 504, 512, 514, 515, 517, 518, 519, 527, 528, 533], "excluded_lines": [], "start_line": 410, "executed_branches": [], "missing_branches": [[426, 427], [426, 429], [429, 430], [429, 432], [441, 442], [441, 459], [451, 452], [451, 456], [460, 461], [460, 463], [475, 476], [475, 487], [476, 477], [476, 499], [477, 476], [477, 478], [487, 490], [487, 499]]}, "OpenFGAAdapter.check_relation": {"executed_lines": [], "summary": {"covered_lines": 0, "num_statements": 12, "percent_covered": 0.0, "percent_covered_display": "0", "missing_lines": 12, "excluded_lines": 0, "percent_statements_covered": 0.0, "percent_statements_covered_display": "0", "num_branches": 0, "num_partial_branches": 0, "covered_branches": 0, "missing_branches": 0, "percent_branches_covered": 100.0, "percent_branches_covered_display": "100"}, "missing_lines": [560, 567, 569, 570, 572, 573, 580, 582, 589, 590, 598, 599], "excluded_lines": [], "start_line": 541, "executed_branches": [], "missing_branches": []}, "OpenFGAAdapter.list_user_relations": {"executed_lines": [], "summary": {"covered_lines": 0, "num_statements": 14, "percent_covered": 0.0, "percent_covered_display": "0", "missing_lines": 14, "excluded_lines": 0, "percent_statements_covered": 0.0, "percent_statements_covered_display": "0", "num_branches": 4, "num_partial_branches": 0, "covered_branches": 0, "missing_branches": 4, "percent_branches_covered": 0.0, "percent_branches_covered_display": "0"}, "missing_lines": [624, 626, 628, 629, 630, 631, 632, 633, 635, 637, 644, 646, 647, 653], "excluded_lines": [], "start_line": 607, "executed_branches": [], "missing_branches": [[628, 629], [628, 637], [631, 628], [631, 632]]}, "OpenFGAAdapter.write_tuple": {"executed_lines": [], "summary": {"covered_lines": 0, "num_statements": 18, "percent_covered": 0.0, "percent_covered_display": "0", "missing_lines": 18, "excluded_lines": 0, "percent_statements_covered": 0.0, "percent_statements_covered_display": "0", "num_branches": 2, "num_partial_branches": 0, "covered_branches": 0, "missing_branches": 2, "percent_branches_covered": 0.0, "percent_branches_covered_display": "0"}, "missing_lines": [675, 676, 677, 679, 680, 681, 682, 684, 685, 687, 694, 695, 699, 706, 707, 715, 716, 720], "excluded_lines": [], "start_line": 665, "executed_branches": [], "missing_branches": [[681, 682], [681, 684]]}, "OpenFGAAdapter.write_tuples": {"executed_lines": [], "summary": {"covered_lines": 0, "num_statements": 20, "percent_covered": 0.0, "percent_covered_display": "0", "missing_lines": 20, "excluded_lines": 0, "percent_statements_covered": 0.0, "percent_statements_covered_display": "0", "num_branches": 6, "num_partial_branches": 0, "covered_branches": 0, "missing_branches": 6, "percent_branches_covered": 0.0, "percent_branches_covered_display": "0"}, "missing_lines": [739, 740, 742, 743, 745, 746, 747, 749, 750, 751, 752, 754, 755, 757, 762, 763, 770, 771, 779, 780], "excluded_lines": [], "start_line": 728, "executed_branches": [], "missing_branches": [[739, 740], [739, 742], [742, 743], [742, 745], [751, 752], [751, 754]]}, "OpenFGAAdapter.delete_tuple": {"executed_lines": [], "summary": {"covered_lines": 0, "num_statements": 15, "percent_covered": 0.0, "percent_covered_display": "0", "missing_lines": 15, "excluded_lines": 0, "percent_statements_covered": 0.0, "percent_statements_covered_display": "0", "num_branches": 2, "num_partial_branches": 0, "covered_branches": 0, "missing_branches": 2, "percent_branches_covered": 0.0, "percent_branches_covered_display": "0"}, "missing_lines": [797, 798, 799, 801, 802, 803, 804, 806, 807, 809, 816, 817, 825, 826, 830], "excluded_lines": [], "start_line": 788, "executed_branches": [], "missing_branches": [[803, 804], [803, 806]]}, "OpenFGAAdapter.delete_tuples": {"executed_lines": [], "summary": {"covered_lines": 0, "num_statements": 18, "percent_covered": 0.0, "percent_covered_display": "0", "missing_lines": 18, "excluded_lines": 0, "percent_statements_covered": 0.0, "percent_statements_covered_display": "0", "num_branches": 6, "num_partial_branches": 0, "covered_branches": 0, "missing_branches": 6, "percent_branches_covered": 0.0, "percent_branches_covered_display": "0"}, "missing_lines": [848, 849, 851, 852, 854, 855, 856, 858, 859, 860, 861, 863, 864, 866, 871, 872, 880, 881], "excluded_lines": [], "start_line": 838, "executed_branches": [], "missing_branches": [[848, 849], [848, 851], [851, 852], [851, 854], [860, 861], [860, 863]]}, "OpenFGAAdapter.read_tuples": {"executed_lines": [], "summary": {"covered_lines": 0, "num_statements": 25, "percent_covered": 0.0, "percent_covered_display": "0", "missing_lines": 25, "excluded_lines": 0, "percent_statements_covered": 0.0, "percent_statements_covered_display": "0", "num_branches": 12, "num_partial_branches": 0, "covered_branches": 0, "missing_branches": 12, "percent_branches_covered": 0.0, "percent_branches_covered_display": "0"}, "missing_lines": [908, 909, 912, 913, 914, 915, 916, 917, 918, 920, 921, 924, 925, 926, 927, 928, 929, 934, 936, 944, 946, 947, 955, 956, 960], "excluded_lines": [], "start_line": 889, "executed_branches": [], "missing_branches": [[913, 914], [913, 915], [915, 916], [915, 917], [917, 918], [917, 920], [925, 926], [925, 936], [926, 927], [926, 936], [927, 926], [927, 928]]}, "OpenFGAAdapter.read_tuples_for_resource": {"executed_lines": [], "summary": {"covered_lines": 0, "num_statements": 1, "percent_covered": 0.0, "percent_covered_display": "0", "missing_lines": 1, "excluded_lines": 0, "percent_statements_covered": 0.0, "percent_statements_covered_display": "0", "num_branches": 0, "num_partial_branches": 0, "covered_branches": 0, "missing_branches": 0, "percent_branches_covered": 100.0, "percent_branches_covered_display": "100"}, "missing_lines": [983], "excluded_lines": [], "start_line": 968, "executed_branches": [], "missing_branches": []}, "OpenFGAAdapter.read_tuples_for_user": {"executed_lines": [], "summary": {"covered_lines": 0, "num_statements": 1, "percent_covered": 0.0, "percent_covered_display": "0", "missing_lines": 1, "excluded_lines": 0, "percent_statements_covered": 0.0, "percent_statements_covered_display": "0", "num_branches": 0, "num_partial_branches": 0, "covered_branches": 0, "missing_branches": 0, "percent_branches_covered": 100.0, "percent_branches_covered_display": "100"}, "missing_lines": [1000], "excluded_lines": [], "start_line": 985, "executed_branches": [], "missing_branches": []}, "OpenFGAAdapter.tuple_exists": {"executed_lines": [], "summary": {"covered_lines": 0, "num_statements": 2, "percent_covered": 0.0, "percent_covered_display": "0", "missing_lines": 2, "excluded_lines": 0, "percent_statements_covered": 0.0, "percent_statements_covered_display": "0", "num_branches": 0, "num_partial_branches": 0, "covered_branches": 0, "missing_branches": 0, "percent_branches_covered": 100.0, "percent_branches_covered_display": "100"}, "missing_lines": [1021, 1022], "excluded_lines": [], "start_line": 1002, "executed_branches": [], "missing_branches": []}, "OpenFGAAdapter.get_model_id": {"executed_lines": [], "summary": {"covered_lines": 0, "num_statements": 19, "percent_covered": 0.0, "percent_covered_display": "0", "missing_lines": 19, "excluded_lines": 0, "percent_statements_covered": 0.0, "percent_statements_covered_display": "0", "num_branches": 2, "num_partial_branches": 0, "covered_branches": 0, "missing_branches": 2, "percent_branches_covered": 0.0, "percent_branches_covered_display": "0"}, "missing_lines": [1038, 1039, 1041, 1042, 1044, 1045, 1051, 1052, 1053, 1055, 1060, 1062, 1063, 1065, 1066, 1068, 1069, 1075, 1076], "excluded_lines": [], "start_line": 1028, "executed_branches": [], "missing_branches": [[1044, 1045], [1044, 1051]]}, "OpenFGAAdapter.validate_model": {"executed_lines": [], "summary": {"covered_lines": 0, "num_statements": 7, "percent_covered": 0.0, "percent_covered_display": "0", "missing_lines": 7, "excluded_lines": 0, "percent_statements_covered": 0.0, "percent_statements_covered_display": "0", "num_branches": 0, "num_partial_branches": 0, "covered_branches": 0, "missing_branches": 0, "percent_branches_covered": 100.0, "percent_branches_covered_display": "100"}, "missing_lines": [1090, 1091, 1093, 1095, 1096, 1098, 1099], "excluded_lines": [], "start_line": 1081, "executed_branches": [], "missing_branches": []}, "OpenFGAAdapter.health_check": {"executed_lines": [], "summary": {"covered_lines": 0, "num_statements": 9, "percent_covered": 0.0, "percent_covered_display": "0", "missing_lines": 9, "excluded_lines": 0, "percent_statements_covered": 0.0, "percent_statements_covered_display": "0", "num_branches": 0, "num_partial_branches": 0, "covered_branches": 0, "missing_branches": 0, "percent_branches_covered": 100.0, "percent_branches_covered_display": "100"}, "missing_lines": [1107, 1108, 1111, 1112, 1114, 1115, 1117, 1118, 1122], "excluded_lines": [], "start_line": 1101, "executed_branches": [], "missing_branches": []}, "": {"executed_lines": [], "summary": {"covered_lines": 0, "num_statements": 40, "percent_covered": 0.0, "percent_covered_display": "0", "missing_lines": 40, "excluded_lines": 2, "percent_statements_covered": 0.0, "percent_statements_covered_display": "0", "num_branches": 0, "num_partial_branches": 0, "covered_branches": 0, "missing_branches": 0, "percent_branches_covered": 100.0, "percent_branches_covered_display": "100"}, "missing_lines": [18, 20, 21, 23, 24, 25, 32, 33, 40, 45, 60, 65, 68, 71, 75, 101, 139, 173, 184, 203, 229, 244, 262, 268, 308, 410, 541, 607, 665, 728, 788, 838, 889, 968, 985, 1002, 1028, 1081, 1101, 1125], "excluded_lines": [62, 63], "start_line": 1, "executed_branches": [], "missing_branches": []}}, "classes": {"OpenFGAAdapterError": {"executed_lines": [], "summary": {"covered_lines": 0, "num_statements": 0, "percent_covered": 100.0, "percent_covered_display": "100", "missing_lines": 0, "excluded_lines": 0, "percent_statements_covered": 100.0, "percent_statements_covered_display": "100", "num_branches": 0, "num_partial_branches": 0, "covered_branches": 0, "missing_branches": 0, "percent_branches_covered": 100.0, "percent_branches_covered_display": "100"}, "missing_lines": [], "excluded_lines": [], "start_line": 71, "executed_branches": [], "missing_branches": []}, "OpenFGAAdapter": {"executed_lines": [], "summary": {"covered_lines": 0, "num_statements": 276, "percent_covered": 0.0, "percent_covered_display": "0", "missing_lines": 276, "excluded_lines": 0, "percent_statements_covered": 0.0, "percent_statements_covered_display": "0", "num_branches": 74, "num_partial_branches": 0, "covered_branches": 0, "missing_branches": 74, "percent_branches_covered": 0.0, "percent_branches_covered_display": "0"}, "missing_lines": [113, 114, 117, 124, 125, 128, 131, 133, 148, 149, 151, 152, 154, 156, 157, 159, 164, 165, 167, 178, 179, 180, 181, 182, 193, 194, 196, 197, 201, 216, 217, 220, 221, 222, 227, 238, 260, 288, 294, 295, 297, 298, 299, 301, 302, 322, 324, 325, 326, 329, 330, 331, 336, 337, 345, 347, 354, 364, 366, 367, 369, 370, 372, 373, 378, 386, 387, 391, 396, 397, 402, 426, 427, 429, 430, 432, 434, 435, 438, 439, 441, 442, 443, 445, 451, 452, 456, 459, 460, 461, 463, 464, 465, 467, 471, 475, 476, 477, 478, 484, 487, 490, 491, 497, 499, 504, 512, 514, 515, 517, 518, 519, 527, 528, 533, 560, 567, 569, 570, 572, 573, 580, 582, 589, 590, 598, 599, 624, 626, 628, 629, 630, 631, 632, 633, 635, 637, 644, 646, 647, 653, 675, 676, 677, 679, 680, 681, 682, 684, 685, 687, 694, 695, 699, 706, 707, 715, 716, 720, 739, 740, 742, 743, 745, 746, 747, 749, 750, 751, 752, 754, 755, 757, 762, 763, 770, 771, 779, 780, 797, 798, 799, 801, 802, 803, 804, 806, 807, 809, 816, 817, 825, 826, 830, 848, 849, 851, 852, 854, 855, 856, 858, 859, 860, 861, 863, 864, 866, 871, 872, 880, 881, 908, 909, 912, 913, 914, 915, 916, 917, 918, 920, 921, 924, 925, 926, 927, 928, 929, 934, 936, 944, 946, 947, 955, 956, 960, 983, 1000, 1021, 1022, 1038, 1039, 1041, 1042, 1044, 1045, 1051, 1052, 1053, 1055, 1060, 1062, 1063, 1065, 1066, 1068, 1069, 1075, 1076, 1090, 1091, 1093, 1095, 1096, 1098, 1099, 1107, 1108, 1111, 1112, 1114, 1115, 1117, 1118, 1122], "excluded_lines": [], "start_line": 75, "executed_branches": [], "missing_branches": [[148, 149], [148, 151], [151, 152], [151, 154], [154, 156], [154, 159], [178, -173], [178, 179], [193, 194], [193, 196], [196, 197], [196, 201], [216, 217], [216, 220], [221, 222], [221, 227], [294, 295], [294, 297], [298, 299], [298, 301], [330, 331], [330, 336], [426, 427], [426, 429], [429, 430], [429, 432], [441, 442], [441, 459], [451, 452], [451, 456], [460, 461], [460, 463], [475, 476], [475, 487], [476, 477], [476, 499], [477, 476], [477, 478], [487, 490], [487, 499], [628, 629], [628, 637], [631, 628], [631, 632], [681, 682], [681, 684], [739, 740], [739, 742], [742, 743], [742, 745], [751, 752], [751, 754], [803, 804], [803, 806], [848, 849], [848, 851], [851, 852], [851, 854], [860, 861], [860, 863], [913, 914], [913, 915], [915, 916], [915, 917], [917, 918], [917, 920], [925, 926], [925, 936], [926, 927], [926, 936], [927, 926], [927, 928], [1044, 1045], [1044, 1051]]}, "": {"executed_lines": [], "summary": {"covered_lines": 0, "num_statements": 40, "percent_covered": 0.0, "percent_covered_display": "0", "missing_lines": 40, "excluded_lines": 2, "percent_statements_covered": 0.0, "percent_statements_covered_display": "0", "num_branches": 0, "num_partial_branches": 0, "covered_branches": 0, "missing_branches": 0, "percent_branches_covered": 100.0, "percent_branches_covered_display": "100"}, "missing_lines": [18, 20, 21, 23, 24, 25, 32, 33, 40, 45, 60, 65, 68, 71, 75, 101, 139, 173, 184, 203, 229, 244, 262, 268, 308, 410, 541, 607, 665, 728, 788, 838, 889, 968, 985, 1002, 1028, 1081, 1101, 1125], "excluded_lines": [62, 63], "start_line": 1, "executed_branches": [], "missing_branches": []}}}, "src/siopv/adapters/external_apis/__init__.py": {"executed_lines": [3, 4, 8, 9, 10, 12], "summary": {"covered_lines": 6, "num_statements": 6, "percent_covered": 100.0, "percent_covered_display": "100", "missing_lines": 0, "excluded_lines": 0, "percent_statements_covered": 100.0, "percent_statements_covered_display": "100", "num_branches": 0, "num_partial_branches": 0, "covered_branches": 0, "missing_branches": 0, "percent_branches_covered": 100.0, "percent_branches_covered_display": "100"}, "missing_lines": [], "excluded_lines": [], "executed_branches": [], "missing_branches": [], "functions": {"": {"executed_lines": [3, 4, 8, 9, 10, 12], "summary": {"covered_lines": 6, "num_statements": 6, "percent_covered": 100.0, "percent_covered_display": "100", "missing_lines": 0, "excluded_lines": 0, "percent_statements_covered": 100.0, "percent_statements_covered_display": "100", "num_branches": 0, "num_partial_branches": 0, "covered_branches": 0, "missing_branches": 0, "percent_branches_covered": 100.0, "percent_branches_covered_display": "100"}, "missing_lines": [], "excluded_lines": [], "start_line": 1, "executed_branches": [], "missing_branches": []}}, "classes": {"": {"executed_lines": [3, 4, 8, 9, 10, 12], "summary": {"covered_lines": 6, "num_statements": 6, "percent_covered": 100.0, "percent_covered_display": "100", "missing_lines": 0, "excluded_lines": 0, "percent_statements_covered": 100.0, "percent_statements_covered_display": "100", "num_branches": 0, "num_partial_branches": 0, "covered_branches": 0, "missing_branches": 0, "percent_branches_covered": 100.0, "percent_branches_covered_display": "100"}, "missing_lines": [], "excluded_lines": [], "start_line": 1, "executed_branches": [], "missing_branches": []}}}, "src/siopv/adapters/external_apis/epss_client.py": {"executed_lines": [9, 11, 13, 14, 15, 22, 23, 24, 25, 30, 35, 38, 42, 52, 86, 100, 106, 112, 139, 196, 202, 227, 287, 293], "summary": {"covered_lines": 24, "num_statements": 117, "percent_covered": 17.02127659574468, "percent_covered_display": "17", "missing_lines": 93, "excluded_lines": 2, "percent_statements_covered": 20.512820512820515, "percent_statements_covered_display": "21", "num_branches": 24, "num_partial_branches": 0, "covered_branches": 0, "missing_branches": 24, "percent_branches_covered": 0.0, "percent_branches_covered_display": "0"}, "missing_lines": [64, 67, 70, 77, 78, 79, 82, 84, 88, 89, 91, 92, 98, 102, 103, 104, 121, 122, 124, 126, 127, 129, 130, 132, 133, 134, 136, 137, 149, 150, 151, 153, 155, 158, 159, 161, 162, 165, 166, 168, 174, 176, 177, 178, 180, 181, 182, 184, 185, 190, 192, 193, 194, 213, 215, 216, 218, 220, 221, 223, 224, 225, 238, 241, 242, 243, 244, 246, 247, 249, 250, 251, 253, 255, 258, 260, 261, 262, 263, 266, 267, 268, 269, 270, 271, 273, 279, 280, 282, 283, 285, 289, 290], "excluded_lines": [32, 33], "executed_branches": [], "missing_branches": [[88, 89], [88, 91], [91, 92], [91, 98], [102, -100], [102, 103], [132, 133], [132, 136], [149, 150], [149, 153], [161, 162], [161, 165], [242, 243], [242, 249], [243, 244], [243, 246], [249, 250], [249, 253], [261, 262], [261, 273], [266, 261], [266, 267], [268, 266], [268, 269]], "functions": {"EPSSClient.__init__": {"executed_lines": [], "summary": {"covered_lines": 0, "num_statements": 8, "percent_covered": 0.0, "percent_covered_display": "0", "missing_lines": 8, "excluded_lines": 0, "percent_statements_covered": 0.0, "percent_statements_covered_display": "0", "num_branches": 0, "num_partial_branches": 0, "covered_branches": 0, "missing_branches": 0, "percent_branches_covered": 100.0, "percent_branches_covered_display": "100"}, "missing_lines": [64, 67, 70, 77, 78, 79, 82, 84], "excluded_lines": [], "start_line": 52, "executed_branches": [], "missing_branches": []}, "EPSSClient._get_client": {"executed_lines": [], "summary": {"covered_lines": 0, "num_statements": 5, "percent_covered": 0.0, "percent_covered_display": "0", "missing_lines": 5, "excluded_lines": 0, "percent_statements_covered": 0.0, "percent_statements_covered_display": "0", "num_branches": 4, "num_partial_branches": 0, "covered_branches": 0, "missing_branches": 4, "percent_branches_covered": 0.0, "percent_branches_covered_display": "0"}, "missing_lines": [88, 89, 91, 92, 98], "excluded_lines": [], "start_line": 86, "executed_branches": [], "missing_branches": [[88, 89], [88, 91], [91, 92], [91, 98]]}, "EPSSClient.close": {"executed_lines": [], "summary": {"covered_lines": 0, "num_statements": 3, "percent_covered": 0.0, "percent_covered_display": "0", "missing_lines": 3, "excluded_lines": 0, "percent_statements_covered": 0.0, "percent_statements_covered_display": "0", "num_branches": 2, "num_partial_branches": 0, "covered_branches": 0, "missing_branches": 2, "percent_branches_covered": 0.0, "percent_branches_covered_display": "0"}, "missing_lines": [102, 103, 104], "excluded_lines": [], "start_line": 100, "executed_branches": [], "missing_branches": [[102, -100], [102, 103]]}, "EPSSClient._fetch_epss": {"executed_lines": [], "summary": {"covered_lines": 0, "num_statements": 12, "percent_covered": 0.0, "percent_covered_display": "0", "missing_lines": 12, "excluded_lines": 0, "percent_statements_covered": 0.0, "percent_statements_covered_display": "0", "num_branches": 2, "num_partial_branches": 0, "covered_branches": 0, "missing_branches": 2, "percent_branches_covered": 0.0, "percent_branches_covered_display": "0"}, "missing_lines": [121, 122, 124, 126, 127, 129, 130, 132, 133, 134, 136, 137], "excluded_lines": [], "start_line": 112, "executed_branches": [], "missing_branches": [[132, 133], [132, 136]]}, "EPSSClient.get_score": {"executed_lines": [], "summary": {"covered_lines": 0, "num_statements": 25, "percent_covered": 0.0, "percent_covered_display": "0", "missing_lines": 25, "excluded_lines": 0, "percent_statements_covered": 0.0, "percent_statements_covered_display": "0", "num_branches": 4, "num_partial_branches": 0, "covered_branches": 0, "missing_branches": 4, "percent_branches_covered": 0.0, "percent_branches_covered_display": "0"}, "missing_lines": [149, 150, 151, 153, 155, 158, 159, 161, 162, 165, 166, 168, 174, 176, 177, 178, 180, 181, 182, 184, 185, 190, 192, 193, 194], "excluded_lines": [], "start_line": 139, "executed_branches": [], "missing_branches": [[149, 150], [149, 153], [161, 162], [161, 165]]}, "EPSSClient._fetch_epss_batch": {"executed_lines": [], "summary": {"covered_lines": 0, "num_statements": 9, "percent_covered": 0.0, "percent_covered_display": "0", "missing_lines": 9, "excluded_lines": 0, "percent_statements_covered": 0.0, "percent_statements_covered_display": "0", "num_branches": 0, "num_partial_branches": 0, "covered_branches": 0, "missing_branches": 0, "percent_branches_covered": 100.0, "percent_branches_covered_display": "100"}, "missing_lines": [213, 215, 216, 218, 220, 221, 223, 224, 225], "excluded_lines": [], "start_line": 202, "executed_branches": [], "missing_branches": []}, "EPSSClient.get_scores_batch": {"executed_lines": [], "summary": {"covered_lines": 0, "num_statements": 29, "percent_covered": 0.0, "percent_covered_display": "0", "missing_lines": 29, "excluded_lines": 0, "percent_statements_covered": 0.0, "percent_statements_covered_display": "0", "num_branches": 12, "num_partial_branches": 0, "covered_branches": 0, "missing_branches": 12, "percent_branches_covered": 0.0, "percent_branches_covered_display": "0"}, "missing_lines": [238, 241, 242, 243, 244, 246, 247, 249, 250, 251, 253, 255, 258, 260, 261, 262, 263, 266, 267, 268, 269, 270, 271, 273, 279, 280, 282, 283, 285], "excluded_lines": [], "start_line": 227, "executed_branches": [], "missing_branches": [[242, 243], [242, 249], [243, 244], [243, 246], [249, 250], [249, 253], [261, 262], [261, 273], [266, 261], [266, 267], [268, 266], [268, 269]]}, "EPSSClient.clear_cache": {"executed_lines": [], "summary": {"covered_lines": 0, "num_statements": 2, "percent_covered": 0.0, "percent_covered_display": "0", "missing_lines": 2, "excluded_lines": 0, "percent_statements_covered": 0.0, "percent_statements_covered_display": "0", "num_branches": 0, "num_partial_branches": 0, "covered_branches": 0, "missing_branches": 0, "percent_branches_covered": 100.0, "percent_branches_covered_display": "100"}, "missing_lines": [289, 290], "excluded_lines": [], "start_line": 287, "executed_branches": [], "missing_branches": []}, "": {"executed_lines": [9, 11, 13, 14, 15, 22, 23, 24, 25, 30, 35, 38, 42, 52, 86, 100, 106, 112, 139, 196, 202, 227, 287, 293], "summary": {"covered_lines": 24, "num_statements": 24, "percent_covered": 100.0, "percent_covered_display": "100", "missing_lines": 0, "excluded_lines": 2, "percent_statements_covered": 100.0, "percent_statements_covered_display": "100", "num_branches": 0, "num_partial_branches": 0, "covered_branches": 0, "missing_branches": 0, "percent_branches_covered": 100.0, "percent_branches_covered_display": "100"}, "missing_lines": [], "excluded_lines": [32, 33], "start_line": 1, "executed_branches": [], "missing_branches": []}}, "classes": {"EPSSClientError": {"executed_lines": [], "summary": {"covered_lines": 0, "num_statements": 0, "percent_covered": 100.0, "percent_covered_display": "100", "missing_lines": 0, "excluded_lines": 0, "percent_statements_covered": 100.0, "percent_statements_covered_display": "100", "num_branches": 0, "num_partial_branches": 0, "covered_branches": 0, "missing_branches": 0, "percent_branches_covered": 100.0, "percent_branches_covered_display": "100"}, "missing_lines": [], "excluded_lines": [], "start_line": 38, "executed_branches": [], "missing_branches": []}, "EPSSClient": {"executed_lines": [], "summary": {"covered_lines": 0, "num_statements": 93, "percent_covered": 0.0, "percent_covered_display": "0", "missing_lines": 93, "excluded_lines": 0, "percent_statements_covered": 0.0, "percent_statements_covered_display": "0", "num_branches": 24, "num_partial_branches": 0, "covered_branches": 0, "missing_branches": 24, "percent_branches_covered": 0.0, "percent_branches_covered_display": "0"}, "missing_lines": [64, 67, 70, 77, 78, 79, 82, 84, 88, 89, 91, 92, 98, 102, 103, 104, 121, 122, 124, 126, 127, 129, 130, 132, 133, 134, 136, 137, 149, 150, 151, 153, 155, 158, 159, 161, 162, 165, 166, 168, 174, 176, 177, 178, 180, 181, 182, 184, 185, 190, 192, 193, 194, 213, 215, 216, 218, 220, 221, 223, 224, 225, 238, 241, 242, 243, 244, 246, 247, 249, 250, 251, 253, 255, 258, 260, 261, 262, 263, 266, 267, 268, 269, 270, 271, 273, 279, 280, 282, 283, 285, 289, 290], "excluded_lines": [], "start_line": 42, "executed_branches": [], "missing_branches": [[88, 89], [88, 91], [91, 92], [91, 98], [102, -100], [102, 103], [132, 133], [132, 136], [149, 150], [149, 153], [161, 162], [161, 165], [242, 243], [242, 249], [243, 244], [243, 246], [249, 250], [249, 253], [261, 262], [261, 273], [266, 261], [266, 267], [268, 266], [268, 269]]}, "": {"executed_lines": [9, 11, 13, 14, 15, 22, 23, 24, 25, 30, 35, 38, 42, 52, 86, 100, 106, 112, 139, 196, 202, 227, 287, 293], "summary": {"covered_lines": 24, "num_statements": 24, "percent_covered": 100.0, "percent_covered_display": "100", "missing_lines": 0, "excluded_lines": 2, "percent_statements_covered": 100.0, "percent_statements_covered_display": "100", "num_branches": 0, "num_partial_branches": 0, "covered_branches": 0, "missing_branches": 0, "percent_branches_covered": 100.0, "percent_branches_covered_display": "100"}, "missing_lines": [], "excluded_lines": [32, 33], "start_line": 1, "executed_branches": [], "missing_branches": []}}}, "src/siopv/adapters/external_apis/github_advisory_client.py": {"executed_lines": [9, 11, 13, 14, 15, 22, 23, 24, 25, 30, 35, 39, 70, 99, 103, 114, 130, 169, 190, 196, 202, 247, 318, 395, 401], "summary": {"covered_lines": 25, "num_statements": 119, "percent_covered": 17.24137931034483, "percent_covered_display": "17", "missing_lines": 94, "excluded_lines": 2, "percent_statements_covered": 21.008403361344538, "percent_statements_covered_display": "21", "num_branches": 26, "num_partial_branches": 0, "covered_branches": 0, "missing_branches": 26, "percent_branches_covered": 0.0, "percent_branches_covered_display": "0"}, "missing_lines": [142, 143, 146, 149, 156, 157, 158, 161, 163, 171, 172, 174, 175, 180, 181, 183, 188, 192, 193, 194, 215, 217, 219, 221, 224, 225, 226, 227, 228, 234, 236, 239, 240, 241, 242, 244, 245, 257, 258, 259, 261, 263, 266, 267, 272, 274, 275, 276, 279, 280, 282, 287, 289, 290, 291, 295, 296, 297, 299, 300, 305, 309, 310, 312, 313, 314, 332, 334, 337, 338, 339, 342, 343, 348, 350, 351, 356, 359, 360, 361, 362, 364, 373, 374, 376, 381, 383, 384, 385, 387, 388, 393, 397, 398], "excluded_lines": [32, 33], "executed_branches": [], "missing_branches": [[171, 172], [171, 174], [174, 175], [174, 188], [180, 181], [180, 183], [192, -190], [192, 193], [224, 225], [224, 234], [226, 227], [226, 234], [239, 240], [239, 244], [257, 258], [257, 261], [274, 275], [274, 279], [338, 339], [338, 342], [350, 351], [350, 359], [360, 361], [360, 376], [362, 360], [362, 364]], "functions": {"GitHubAdvisoryClient.__init__": {"executed_lines": [], "summary": {"covered_lines": 0, "num_statements": 9, "percent_covered": 0.0, "percent_covered_display": "0", "missing_lines": 9, "excluded_lines": 0, "percent_statements_covered": 0.0, "percent_statements_covered_display": "0", "num_branches": 0, "num_partial_branches": 0, "covered_branches": 0, "missing_branches": 0, "percent_branches_covered": 100.0, "percent_branches_covered_display": "100"}, "missing_lines": [142, 143, 146, 149, 156, 157, 158, 161, 163], "excluded_lines": [], "start_line": 130, "executed_branches": [], "missing_branches": []}, "GitHubAdvisoryClient._get_client": {"executed_lines": [], "summary": {"covered_lines": 0, "num_statements": 8, "percent_covered": 0.0, "percent_covered_display": "0", "missing_lines": 8, "excluded_lines": 0, "percent_statements_covered": 0.0, "percent_statements_covered_display": "0", "num_branches": 6, "num_partial_branches": 0, "covered_branches": 0, "missing_branches": 6, "percent_branches_covered": 0.0, "percent_branches_covered_display": "0"}, "missing_lines": [171, 172, 174, 175, 180, 181, 183, 188], "excluded_lines": [], "start_line": 169, "executed_branches": [], "missing_branches": [[171, 172], [171, 174], [174, 175], [174, 188], [180, 181], [180, 183]]}, "GitHubAdvisoryClient.close": {"executed_lines": [], "summary": {"covered_lines": 0, "num_statements": 3, "percent_covered": 0.0, "percent_covered_display": "0", "missing_lines": 3, "excluded_lines": 0, "percent_statements_covered": 0.0, "percent_statements_covered_display": "0", "num_branches": 2, "num_partial_branches": 0, "covered_branches": 0, "missing_branches": 2, "percent_branches_covered": 0.0, "percent_branches_covered_display": "0"}, "missing_lines": [192, 193, 194], "excluded_lines": [], "start_line": 190, "executed_branches": [], "missing_branches": [[192, -190], [192, 193]]}, "GitHubAdvisoryClient._execute_graphql": {"executed_lines": [], "summary": {"covered_lines": 0, "num_statements": 17, "percent_covered": 0.0, "percent_covered_display": "0", "missing_lines": 17, "excluded_lines": 0, "percent_statements_covered": 0.0, "percent_statements_covered_display": "0", "num_branches": 6, "num_partial_branches": 0, "covered_branches": 0, "missing_branches": 6, "percent_branches_covered": 0.0, "percent_branches_covered_display": "0"}, "missing_lines": [215, 217, 219, 221, 224, 225, 226, 227, 228, 234, 236, 239, 240, 241, 242, 244, 245], "excluded_lines": [], "start_line": 202, "executed_branches": [], "missing_branches": [[224, 225], [224, 234], [226, 227], [226, 234], [239, 240], [239, 244]]}, "GitHubAdvisoryClient.get_advisory_by_cve": {"executed_lines": [], "summary": {"covered_lines": 0, "num_statements": 29, "percent_covered": 0.0, "percent_covered_display": "0", "missing_lines": 29, "excluded_lines": 0, "percent_statements_covered": 0.0, "percent_statements_covered_display": "0", "num_branches": 4, "num_partial_branches": 0, "covered_branches": 0, "missing_branches": 4, "percent_branches_covered": 0.0, "percent_branches_covered_display": "0"}, "missing_lines": [257, 258, 259, 261, 263, 266, 267, 272, 274, 275, 276, 279, 280, 282, 287, 289, 290, 291, 295, 296, 297, 299, 300, 305, 309, 310, 312, 313, 314], "excluded_lines": [], "start_line": 247, "executed_branches": [], "missing_branches": [[257, 258], [257, 261], [274, 275], [274, 279]]}, "GitHubAdvisoryClient.get_advisories_for_package": {"executed_lines": [], "summary": {"covered_lines": 0, "num_statements": 26, "percent_covered": 0.0, "percent_covered_display": "0", "missing_lines": 26, "excluded_lines": 0, "percent_statements_covered": 0.0, "percent_statements_covered_display": "0", "num_branches": 8, "num_partial_branches": 0, "covered_branches": 0, "missing_branches": 8, "percent_branches_covered": 0.0, "percent_branches_covered_display": "0"}, "missing_lines": [332, 334, 337, 338, 339, 342, 343, 348, 350, 351, 356, 359, 360, 361, 362, 364, 373, 374, 376, 381, 383, 384, 385, 387, 388, 393], "excluded_lines": [], "start_line": 318, "executed_branches": [], "missing_branches": [[338, 339], [338, 342], [350, 351], [350, 359], [360, 361], [360, 376], [362, 360], [362, 364]]}, "GitHubAdvisoryClient.clear_cache": {"executed_lines": [], "summary": {"covered_lines": 0, "num_statements": 2, "percent_covered": 0.0, "percent_covered_display": "0", "missing_lines": 2, "excluded_lines": 0, "percent_statements_covered": 0.0, "percent_statements_covered_display": "0", "num_branches": 0, "num_partial_branches": 0, "covered_branches": 0, "missing_branches": 0, "percent_branches_covered": 100.0, "percent_branches_covered_display": "100"}, "missing_lines": [397, 398], "excluded_lines": [], "start_line": 395, "executed_branches": [], "missing_branches": []}, "": {"executed_lines": [9, 11, 13, 14, 15, 22, 23, 24, 25, 30, 35, 39, 70, 99, 103, 114, 130, 169, 190, 196, 202, 247, 318, 395, 401], "summary": {"covered_lines": 25, "num_statements": 25, "percent_covered": 100.0, "percent_covered_display": "100", "missing_lines": 0, "excluded_lines": 2, "percent_statements_covered": 100.0, "percent_statements_covered_display": "100", "num_branches": 0, "num_partial_branches": 0, "covered_branches": 0, "missing_branches": 0, "percent_branches_covered": 100.0, "percent_branches_covered_display": "100"}, "missing_lines": [], "excluded_lines": [32, 33], "start_line": 1, "executed_branches": [], "missing_branches": []}}, "classes": {"GitHubAdvisoryClientError": {"executed_lines": [], "summary": {"covered_lines": 0, "num_statements": 0, "percent_covered": 100.0, "percent_covered_display": "100", "missing_lines": 0, "excluded_lines": 0, "percent_statements_covered": 100.0, "percent_statements_covered_display": "100", "num_branches": 0, "num_partial_branches": 0, "covered_branches": 0, "missing_branches": 0, "percent_branches_covered": 100.0, "percent_branches_covered_display": "100"}, "missing_lines": [], "excluded_lines": [], "start_line": 99, "executed_branches": [], "missing_branches": []}, "GitHubAdvisoryClient": {"executed_lines": [], "summary": {"covered_lines": 0, "num_statements": 94, "percent_covered": 0.0, "percent_covered_display": "0", "missing_lines": 94, "excluded_lines": 0, "percent_statements_covered": 0.0, "percent_statements_covered_display": "0", "num_branches": 26, "num_partial_branches": 0, "covered_branches": 0, "missing_branches": 26, "percent_branches_covered": 0.0, "percent_branches_covered_display": "0"}, "missing_lines": [142, 143, 146, 149, 156, 157, 158, 161, 163, 171, 172, 174, 175, 180, 181, 183, 188, 192, 193, 194, 215, 217, 219, 221, 224, 225, 226, 227, 228, 234, 236, 239, 240, 241, 242, 244, 245, 257, 258, 259, 261, 263, 266, 267, 272, 274, 275, 276, 279, 280, 282, 287, 289, 290, 291, 295, 296, 297, 299, 300, 305, 309, 310, 312, 313, 314, 332, 334, 337, 338, 339, 342, 343, 348, 350, 351, 356, 359, 360, 361, 362, 364, 373, 374, 376, 381, 383, 384, 385, 387, 388, 393, 397, 398], "excluded_lines": [], "start_line": 103, "executed_branches": [], "missing_branches": [[171, 172], [171, 174], [174, 175], [174, 188], [180, 181], [180, 183], [192, -190], [192, 193], [224, 225], [224, 234], [226, 227], [226, 234], [239, 240], [239, 244], [257, 258], [257, 261], [274, 275], [274, 279], [338, 339], [338, 342], [350, 351], [350, 359], [360, 361], [360, 376], [362, 360], [362, 364]]}, "": {"executed_lines": [9, 11, 13, 14, 15, 22, 23, 24, 25, 30, 35, 39, 70, 99, 103, 114, 130, 169, 190, 196, 202, 247, 318, 395, 401], "summary": {"covered_lines": 25, "num_statements": 25, "percent_covered": 100.0, "percent_covered_display": "100", "missing_lines": 0, "excluded_lines": 2, "percent_statements_covered": 100.0, "percent_statements_covered_display": "100", "num_branches": 0, "num_partial_branches": 0, "covered_branches": 0, "missing_branches": 0, "percent_branches_covered": 100.0, "percent_branches_covered_display": "100"}, "missing_lines": [], "excluded_lines": [32, 33], "start_line": 1, "executed_branches": [], "missing_branches": []}}}, "src/siopv/adapters/external_apis/nvd_client.py": {"executed_lines": [9, 11, 12, 14, 15, 16, 23, 24, 25, 26, 31, 36, 39, 43, 54, 93, 111, 117, 123, 162, 217, 254, 272, 278], "summary": {"covered_lines": 24, "num_statements": 110, "percent_covered": 18.46153846153846, "percent_covered_display": "18", "missing_lines": 86, "excluded_lines": 2, "percent_statements_covered": 21.818181818181817, "percent_statements_covered_display": "22", "num_branches": 20, "num_partial_branches": 0, "covered_branches": 0, "missing_branches": 20, "percent_branches_covered": 0.0, "percent_branches_covered_display": "0"}, "missing_lines": [66, 67, 70, 73, 80, 81, 82, 85, 87, 95, 96, 98, 99, 100, 101, 103, 109, 113, 114, 115, 132, 133, 135, 137, 139, 140, 141, 143, 144, 145, 151, 153, 154, 156, 157, 159, 160, 175, 176, 177, 179, 181, 184, 185, 187, 188, 191, 192, 194, 195, 197, 198, 199, 201, 202, 203, 205, 206, 211, 213, 214, 215, 229, 230, 232, 233, 234, 235, 236, 237, 238, 240, 241, 243, 244, 246, 252, 260, 261, 263, 267, 268, 269, 270, 274, 275], "excluded_lines": [33, 34], "executed_branches": [], "missing_branches": [[95, 96], [95, 98], [98, 99], [98, 109], [100, 101], [100, 103], [113, -111], [113, 114], [139, 140], [139, 143], [143, 144], [143, 151], [156, 157], [156, 159], [175, 176], [175, 179], [187, 188], [187, 191], [243, 244], [243, 246]], "functions": {"NVDClient.__init__": {"executed_lines": [], "summary": {"covered_lines": 0, "num_statements": 9, "percent_covered": 0.0, "percent_covered_display": "0", "missing_lines": 9, "excluded_lines": 0, "percent_statements_covered": 0.0, "percent_statements_covered_display": "0", "num_branches": 0, "num_partial_branches": 0, "covered_branches": 0, "missing_branches": 0, "percent_branches_covered": 100.0, "percent_branches_covered_display": "100"}, "missing_lines": [66, 67, 70, 73, 80, 81, 82, 85, 87], "excluded_lines": [], "start_line": 54, "executed_branches": [], "missing_branches": []}, "NVDClient._get_client": {"executed_lines": [], "summary": {"covered_lines": 0, "num_statements": 8, "percent_covered": 0.0, "percent_covered_display": "0", "missing_lines": 8, "excluded_lines": 0, "percent_statements_covered": 0.0, "percent_statements_covered_display": "0", "num_branches": 6, "num_partial_branches": 0, "covered_branches": 0, "missing_branches": 6, "percent_branches_covered": 0.0, "percent_branches_covered_display": "0"}, "missing_lines": [95, 96, 98, 99, 100, 101, 103, 109], "excluded_lines": [], "start_line": 93, "executed_branches": [], "missing_branches": [[95, 96], [95, 98], [98, 99], [98, 109], [100, 101], [100, 103]]}, "NVDClient.close": {"executed_lines": [], "summary": {"covered_lines": 0, "num_statements": 3, "percent_covered": 0.0, "percent_covered_display": "0", "missing_lines": 3, "excluded_lines": 0, "percent_statements_covered": 0.0, "percent_statements_covered_display": "0", "num_branches": 2, "num_partial_branches": 0, "covered_branches": 0, "missing_branches": 2, "percent_branches_covered": 0.0, "percent_branches_covered_display": "0"}, "missing_lines": [113, 114, 115], "excluded_lines": [], "start_line": 111, "executed_branches": [], "missing_branches": [[113, -111], [113, 114]]}, "NVDClient._fetch_cve": {"executed_lines": [], "summary": {"covered_lines": 0, "num_statements": 17, "percent_covered": 0.0, "percent_covered_display": "0", "missing_lines": 17, "excluded_lines": 0, "percent_statements_covered": 0.0, "percent_statements_covered_display": "0", "num_branches": 6, "num_partial_branches": 0, "covered_branches": 0, "missing_branches": 6, "percent_branches_covered": 0.0, "percent_branches_covered_display": "0"}, "missing_lines": [132, 133, 135, 137, 139, 140, 141, 143, 144, 145, 151, 153, 154, 156, 157, 159, 160], "excluded_lines": [], "start_line": 123, "executed_branches": [], "missing_branches": [[139, 140], [139, 143], [143, 144], [143, 151], [156, 157], [156, 159]]}, "NVDClient.get_cve": {"executed_lines": [], "summary": {"covered_lines": 0, "num_statements": 25, "percent_covered": 0.0, "percent_covered_display": "0", "missing_lines": 25, "excluded_lines": 0, "percent_statements_covered": 0.0, "percent_statements_covered_display": "0", "num_branches": 4, "num_partial_branches": 0, "covered_branches": 0, "missing_branches": 4, "percent_branches_covered": 0.0, "percent_branches_covered_display": "0"}, "missing_lines": [175, 176, 177, 179, 181, 184, 185, 187, 188, 191, 192, 194, 195, 197, 198, 199, 201, 202, 203, 205, 206, 211, 213, 214, 215], "excluded_lines": [], "start_line": 162, "executed_branches": [], "missing_branches": [[175, 176], [175, 179], [187, 188], [187, 191]]}, "NVDClient.get_cves_batch": {"executed_lines": [], "summary": {"covered_lines": 0, "num_statements": 9, "percent_covered": 0.0, "percent_covered_display": "0", "missing_lines": 9, "excluded_lines": 0, "percent_statements_covered": 0.0, "percent_statements_covered_display": "0", "num_branches": 2, "num_partial_branches": 0, "covered_branches": 0, "missing_branches": 2, "percent_branches_covered": 0.0, "percent_branches_covered_display": "0"}, "missing_lines": [229, 230, 232, 240, 241, 243, 244, 246, 252], "excluded_lines": [], "start_line": 217, "executed_branches": [], "missing_branches": [[243, 244], [243, 246]]}, "NVDClient.get_cves_batch.fetch_one": {"executed_lines": [], "summary": {"covered_lines": 0, "num_statements": 6, "percent_covered": 0.0, "percent_covered_display": "0", "missing_lines": 6, "excluded_lines": 0, "percent_statements_covered": 0.0, "percent_statements_covered_display": "0", "num_branches": 0, "num_partial_branches": 0, "covered_branches": 0, "missing_branches": 0, "percent_branches_covered": 100.0, "percent_branches_covered_display": "100"}, "missing_lines": [233, 234, 235, 236, 237, 238], "excluded_lines": [], "start_line": 232, "executed_branches": [], "missing_branches": []}, "NVDClient.health_check": {"executed_lines": [], "summary": {"covered_lines": 0, "num_statements": 7, "percent_covered": 0.0, "percent_covered_display": "0", "missing_lines": 7, "excluded_lines": 0, "percent_statements_covered": 0.0, "percent_statements_covered_display": "0", "num_branches": 0, "num_partial_branches": 0, "covered_branches": 0, "missing_branches": 0, "percent_branches_covered": 100.0, "percent_branches_covered_display": "100"}, "missing_lines": [260, 261, 263, 267, 268, 269, 270], "excluded_lines": [], "start_line": 254, "executed_branches": [], "missing_branches": []}, "NVDClient.clear_cache": {"executed_lines": [], "summary": {"covered_lines": 0, "num_statements": 2, "percent_covered": 0.0, "percent_covered_display": "0", "missing_lines": 2, "excluded_lines": 0, "percent_statements_covered": 0.0, "percent_statements_covered_display": "0", "num_branches": 0, "num_partial_branches": 0, "covered_branches": 0, "missing_branches": 0, "percent_branches_covered": 100.0, "percent_branches_covered_display": "100"}, "missing_lines": [274, 275], "excluded_lines": [], "start_line": 272, "executed_branches": [], "missing_branches": []}, "": {"executed_lines": [9, 11, 12, 14, 15, 16, 23, 24, 25, 26, 31, 36, 39, 43, 54, 93, 111, 117, 123, 162, 217, 254, 272, 278], "summary": {"covered_lines": 24, "num_statements": 24, "percent_covered": 100.0, "percent_covered_display": "100", "missing_lines": 0, "excluded_lines": 2, "percent_statements_covered": 100.0, "percent_statements_covered_display": "100", "num_branches": 0, "num_partial_branches": 0, "covered_branches": 0, "missing_branches": 0, "percent_branches_covered": 100.0, "percent_branches_covered_display": "100"}, "missing_lines": [], "excluded_lines": [33, 34], "start_line": 1, "executed_branches": [], "missing_branches": []}}, "classes": {"NVDClientError": {"executed_lines": [], "summary": {"covered_lines": 0, "num_statements": 0, "percent_covered": 100.0, "percent_covered_display": "100", "missing_lines": 0, "excluded_lines": 0, "percent_statements_covered": 100.0, "percent_statements_covered_display": "100", "num_branches": 0, "num_partial_branches": 0, "covered_branches": 0, "missing_branches": 0, "percent_branches_covered": 100.0, "percent_branches_covered_display": "100"}, "missing_lines": [], "excluded_lines": [], "start_line": 39, "executed_branches": [], "missing_branches": []}, "NVDClient": {"executed_lines": [], "summary": {"covered_lines": 0, "num_statements": 86, "percent_covered": 0.0, "percent_covered_display": "0", "missing_lines": 86, "excluded_lines": 0, "percent_statements_covered": 0.0, "percent_statements_covered_display": "0", "num_branches": 20, "num_partial_branches": 0, "covered_branches": 0, "missing_branches": 20, "percent_branches_covered": 0.0, "percent_branches_covered_display": "0"}, "missing_lines": [66, 67, 70, 73, 80, 81, 82, 85, 87, 95, 96, 98, 99, 100, 101, 103, 109, 113, 114, 115, 132, 133, 135, 137, 139, 140, 141, 143, 144, 145, 151, 153, 154, 156, 157, 159, 160, 175, 176, 177, 179, 181, 184, 185, 187, 188, 191, 192, 194, 195, 197, 198, 199, 201, 202, 203, 205, 206, 211, 213, 214, 215, 229, 230, 232, 233, 234, 235, 236, 237, 238, 240, 241, 243, 244, 246, 252, 260, 261, 263, 267, 268, 269, 270, 274, 275], "excluded_lines": [], "start_line": 43, "executed_branches": [], "missing_branches": [[95, 96], [95, 98], [98, 99], [98, 109], [100, 101], [100, 103], [113, -111], [113, 114], [139, 140], [139, 143], [143, 144], [143, 151], [156, 157], [156, 159], [175, 176], [175, 179], [187, 188], [187, 191], [243, 244], [243, 246]]}, "": {"executed_lines": [9, 11, 12, 14, 15, 16, 23, 24, 25, 26, 31, 36, 39, 43, 54, 93, 111, 117, 123, 162, 217, 254, 272, 278], "summary": {"covered_lines": 24, "num_statements": 24, "percent_covered": 100.0, "percent_covered_display": "100", "missing_lines": 0, "excluded_lines": 2, "percent_statements_covered": 100.0, "percent_statements_covered_display": "100", "num_branches": 0, "num_partial_branches": 0, "covered_branches": 0, "missing_branches": 0, "percent_branches_covered": 100.0, "percent_branches_covered_display": "100"}, "missing_lines": [], "excluded_lines": [33, 34], "start_line": 1, "executed_branches": [], "missing_branches": []}}}, "src/siopv/adapters/external_apis/tavily_client.py": {"executed_lines": [9, 11, 13, 14, 15, 22, 23, 24, 25, 30, 35, 38, 42, 52, 54, 94, 110, 116, 120, 126, 184, 250, 316], "summary": {"covered_lines": 23, "num_statements": 104, "percent_covered": 18.253968253968253, "percent_covered_display": "18", "missing_lines": 81, "excluded_lines": 2, "percent_statements_covered": 22.115384615384617, "percent_statements_covered_display": "22", "num_branches": 22, "num_partial_branches": 0, "covered_branches": 0, "missing_branches": 22, "percent_branches_covered": 0.0, "percent_branches_covered_display": "0"}, "missing_lines": [66, 71, 78, 85, 86, 87, 89, 96, 97, 99, 100, 108, 112, 113, 114, 118, 145, 146, 147, 149, 151, 159, 160, 162, 164, 166, 167, 168, 170, 171, 172, 178, 180, 181, 182, 201, 202, 203, 205, 207, 210, 211, 218, 220, 225, 227, 228, 229, 231, 232, 233, 235, 236, 241, 243, 244, 246, 247, 248, 262, 265, 275, 276, 277, 279, 281, 284, 285, 293, 294, 295, 297, 298, 300, 305, 307, 308, 309, 311, 312, 313], "excluded_lines": [32, 33], "executed_branches": [], "missing_branches": [[96, 97], [96, 99], [99, 100], [99, 108], [112, -110], [112, 113], [145, 146], [145, 149], [159, 160], [159, 162], [166, 167], [166, 170], [170, 171], [170, 178], [201, 202], [201, 205], [275, 276], [275, 279], [294, 295], [294, 300], [297, 294], [297, 298]], "functions": {"TavilyClient.__init__": {"executed_lines": [], "summary": {"covered_lines": 0, "num_statements": 7, "percent_covered": 0.0, "percent_covered_display": "0", "missing_lines": 7, "excluded_lines": 0, "percent_statements_covered": 0.0, "percent_statements_covered_display": "0", "num_branches": 0, "num_partial_branches": 0, "covered_branches": 0, "missing_branches": 0, "percent_branches_covered": 100.0, "percent_branches_covered_display": "100"}, "missing_lines": [66, 71, 78, 85, 86, 87, 89], "excluded_lines": [], "start_line": 54, "executed_branches": [], "missing_branches": []}, "TavilyClient._get_client": {"executed_lines": [], "summary": {"covered_lines": 0, "num_statements": 5, "percent_covered": 0.0, "percent_covered_display": "0", "missing_lines": 5, "excluded_lines": 0, "percent_statements_covered": 0.0, "percent_statements_covered_display": "0", "num_branches": 4, "num_partial_branches": 0, "covered_branches": 0, "missing_branches": 4, "percent_branches_covered": 0.0, "percent_branches_covered_display": "0"}, "missing_lines": [96, 97, 99, 100, 108], "excluded_lines": [], "start_line": 94, "executed_branches": [], "missing_branches": [[96, 97], [96, 99], [99, 100], [99, 108]]}, "TavilyClient.close": {"executed_lines": [], "summary": {"covered_lines": 0, "num_statements": 3, "percent_covered": 0.0, "percent_covered_display": "0", "missing_lines": 3, "excluded_lines": 0, "percent_statements_covered": 0.0, "percent_statements_covered_display": "0", "num_branches": 2, "num_partial_branches": 0, "covered_branches": 0, "missing_branches": 2, "percent_branches_covered": 0.0, "percent_branches_covered_display": "0"}, "missing_lines": [112, 113, 114], "excluded_lines": [], "start_line": 110, "executed_branches": [], "missing_branches": [[112, -110], [112, 113]]}, "TavilyClient._is_configured": {"executed_lines": [], "summary": {"covered_lines": 0, "num_statements": 1, "percent_covered": 0.0, "percent_covered_display": "0", "missing_lines": 1, "excluded_lines": 0, "percent_statements_covered": 0.0, "percent_statements_covered_display": "0", "num_branches": 0, "num_partial_branches": 0, "covered_branches": 0, "missing_branches": 0, "percent_branches_covered": 100.0, "percent_branches_covered_display": "100"}, "missing_lines": [118], "excluded_lines": [], "start_line": 116, "executed_branches": [], "missing_branches": []}, "TavilyClient._execute_search": {"executed_lines": [], "summary": {"covered_lines": 0, "num_statements": 19, "percent_covered": 0.0, "percent_covered_display": "0", "missing_lines": 19, "excluded_lines": 0, "percent_statements_covered": 0.0, "percent_statements_covered_display": "0", "num_branches": 8, "num_partial_branches": 0, "covered_branches": 0, "missing_branches": 8, "percent_branches_covered": 0.0, "percent_branches_covered_display": "0"}, "missing_lines": [145, 146, 147, 149, 151, 159, 160, 162, 164, 166, 167, 168, 170, 171, 172, 178, 180, 181, 182], "excluded_lines": [], "start_line": 126, "executed_branches": [], "missing_branches": [[145, 146], [145, 149], [159, 160], [159, 162], [166, 167], [166, 170], [170, 171], [170, 178]]}, "TavilyClient.search": {"executed_lines": [], "summary": {"covered_lines": 0, "num_statements": 24, "percent_covered": 0.0, "percent_covered_display": "0", "missing_lines": 24, "excluded_lines": 0, "percent_statements_covered": 0.0, "percent_statements_covered_display": "0", "num_branches": 2, "num_partial_branches": 0, "covered_branches": 0, "missing_branches": 2, "percent_branches_covered": 0.0, "percent_branches_covered_display": "0"}, "missing_lines": [201, 202, 203, 205, 207, 210, 211, 218, 220, 225, 227, 228, 229, 231, 232, 233, 235, 236, 241, 243, 244, 246, 247, 248], "excluded_lines": [], "start_line": 184, "executed_branches": [], "missing_branches": [[201, 202], [201, 205]]}, "TavilyClient.search_exploit_info": {"executed_lines": [], "summary": {"covered_lines": 0, "num_statements": 22, "percent_covered": 0.0, "percent_covered_display": "0", "missing_lines": 22, "excluded_lines": 0, "percent_statements_covered": 0.0, "percent_statements_covered_display": "0", "num_branches": 6, "num_partial_branches": 0, "covered_branches": 0, "missing_branches": 6, "percent_branches_covered": 0.0, "percent_branches_covered_display": "0"}, "missing_lines": [262, 265, 275, 276, 277, 279, 281, 284, 285, 293, 294, 295, 297, 298, 300, 305, 307, 308, 309, 311, 312, 313], "excluded_lines": [], "start_line": 250, "executed_branches": [], "missing_branches": [[275, 276], [275, 279], [294, 295], [294, 300], [297, 294], [297, 298]]}, "": {"executed_lines": [9, 11, 13, 14, 15, 22, 23, 24, 25, 30, 35, 38, 42, 52, 54, 94, 110, 116, 120, 126, 184, 250, 316], "summary": {"covered_lines": 23, "num_statements": 23, "percent_covered": 100.0, "percent_covered_display": "100", "missing_lines": 0, "excluded_lines": 2, "percent_statements_covered": 100.0, "percent_statements_covered_display": "100", "num_branches": 0, "num_partial_branches": 0, "covered_branches": 0, "missing_branches": 0, "percent_branches_covered": 100.0, "percent_branches_covered_display": "100"}, "missing_lines": [], "excluded_lines": [32, 33], "start_line": 1, "executed_branches": [], "missing_branches": []}}, "classes": {"TavilyClientError": {"executed_lines": [], "summary": {"covered_lines": 0, "num_statements": 0, "percent_covered": 100.0, "percent_covered_display": "100", "missing_lines": 0, "excluded_lines": 0, "percent_statements_covered": 100.0, "percent_statements_covered_display": "100", "num_branches": 0, "num_partial_branches": 0, "covered_branches": 0, "missing_branches": 0, "percent_branches_covered": 100.0, "percent_branches_covered_display": "100"}, "missing_lines": [], "excluded_lines": [], "start_line": 38, "executed_branches": [], "missing_branches": []}, "TavilyClient": {"executed_lines": [], "summary": {"covered_lines": 0, "num_statements": 81, "percent_covered": 0.0, "percent_covered_display": "0", "missing_lines": 81, "excluded_lines": 0, "percent_statements_covered": 0.0, "percent_statements_covered_display": "0", "num_branches": 22, "num_partial_branches": 0, "covered_branches": 0, "missing_branches": 22, "percent_branches_covered": 0.0, "percent_branches_covered_display": "0"}, "missing_lines": [66, 71, 78, 85, 86, 87, 89, 96, 97, 99, 100, 108, 112, 113, 114, 118, 145, 146, 147, 149, 151, 159, 160, 162, 164, 166, 167, 168, 170, 171, 172, 178, 180, 181, 182, 201, 202, 203, 205, 207, 210, 211, 218, 220, 225, 227, 228, 229, 231, 232, 233, 235, 236, 241, 243, 244, 246, 247, 248, 262, 265, 275, 276, 277, 279, 281, 284, 285, 293, 294, 295, 297, 298, 300, 305, 307, 308, 309, 311, 312, 313], "excluded_lines": [], "start_line": 42, "executed_branches": [], "missing_branches": [[96, 97], [96, 99], [99, 100], [99, 108], [112, -110], [112, 113], [145, 146], [145, 149], [159, 160], [159, 162], [166, 167], [166, 170], [170, 171], [170, 178], [201, 202], [201, 205], [275, 276], [275, 279], [294, 295], [294, 300], [297, 294], [297, 298]]}, "": {"executed_lines": [9, 11, 13, 14, 15, 22, 23, 24, 25, 30, 35, 38, 42, 52, 54, 94, 110, 116, 120, 126, 184, 250, 316], "summary": {"covered_lines": 23, "num_statements": 23, "percent_covered": 100.0, "percent_covered_display": "100", "missing_lines": 0, "excluded_lines": 2, "percent_statements_covered": 100.0, "percent_statements_covered_display": "100", "num_branches": 0, "num_partial_branches": 0, "covered_branches": 0, "missing_branches": 0, "percent_branches_covered": 100.0, "percent_branches_covered_display": "100"}, "missing_lines": [], "excluded_lines": [32, 33], "start_line": 1, "executed_branches": [], "missing_branches": []}}}, "src/siopv/adapters/external_apis/trivy_parser.py": {"executed_lines": [7, 9, 10, 11, 13, 15, 16, 21, 24, 32, 34, 39, 70, 116, 148, 149, 153, 154, 159, 172], "summary": {"covered_lines": 20, "num_statements": 66, "percent_covered": 25.641025641025642, "percent_covered_display": "26", "missing_lines": 46, "excluded_lines": 2, "percent_statements_covered": 30.303030303030305, "percent_statements_covered_display": "30", "num_branches": 12, "num_partial_branches": 0, "covered_branches": 0, "missing_branches": 12, "percent_branches_covered": 0.0, "percent_branches_covered_display": "0"}, "missing_lines": [36, 37, 51, 53, 54, 55, 57, 58, 59, 61, 62, 63, 64, 65, 66, 68, 82, 83, 86, 87, 88, 95, 96, 98, 105, 107, 114, 125, 127, 128, 129, 131, 132, 133, 135, 136, 137, 138, 139, 140, 141, 142, 151, 156, 168, 169], "excluded_lines": [18, 19], "executed_branches": [], "missing_branches": [[53, 54], [53, 57], [57, 58], [57, 61], [87, 88], [87, 95], [127, -116], [127, 128], [131, 132], [131, 135], [135, 127], [135, 136]], "functions": {"TrivyParser.__init__": {"executed_lines": [], "summary": {"covered_lines": 0, "num_statements": 2, "percent_covered": 0.0, "percent_covered_display": "0", "missing_lines": 2, "excluded_lines": 0, "percent_statements_covered": 0.0, "percent_statements_covered_display": "0", "num_branches": 0, "num_partial_branches": 0, "covered_branches": 0, "missing_branches": 0, "percent_branches_covered": 100.0, "percent_branches_covered_display": "100"}, "missing_lines": [36, 37], "excluded_lines": [], "start_line": 34, "executed_branches": [], "missing_branches": []}, "TrivyParser.parse_file": {"executed_lines": [], "summary": {"covered_lines": 0, "num_statements": 14, "percent_covered": 0.0, "percent_covered_display": "0", "missing_lines": 14, "excluded_lines": 0, "percent_statements_covered": 0.0, "percent_statements_covered_display": "0", "num_branches": 4, "num_partial_branches": 0, "covered_branches": 0, "missing_branches": 4, "percent_branches_covered": 0.0, "percent_branches_covered_display": "0"}, "missing_lines": [51, 53, 54, 55, 57, 58, 59, 61, 62, 63, 64, 65, 66, 68], "excluded_lines": [], "start_line": 39, "executed_branches": [], "missing_branches": [[53, 54], [53, 57], [57, 58], [57, 61]]}, "TrivyParser.parse_dict": {"executed_lines": [], "summary": {"covered_lines": 0, "num_statements": 11, "percent_covered": 0.0, "percent_covered_display": "0", "missing_lines": 11, "excluded_lines": 0, "percent_statements_covered": 0.0, "percent_statements_covered_display": "0", "num_branches": 2, "num_partial_branches": 0, "covered_branches": 0, "missing_branches": 2, "percent_branches_covered": 0.0, "percent_branches_covered_display": "0"}, "missing_lines": [82, 83, 86, 87, 88, 95, 96, 98, 105, 107, 114], "excluded_lines": [], "start_line": 70, "executed_branches": [], "missing_branches": [[87, 88], [87, 95]]}, "TrivyParser._iterate_vulnerabilities": {"executed_lines": [], "summary": {"covered_lines": 0, "num_statements": 15, "percent_covered": 0.0, "percent_covered_display": "0", "missing_lines": 15, "excluded_lines": 0, "percent_statements_covered": 0.0, "percent_statements_covered_display": "0", "num_branches": 6, "num_partial_branches": 0, "covered_branches": 0, "missing_branches": 6, "percent_branches_covered": 0.0, "percent_branches_covered_display": "0"}, "missing_lines": [125, 127, 128, 129, 131, 132, 133, 135, 136, 137, 138, 139, 140, 141, 142], "excluded_lines": [], "start_line": 116, "executed_branches": [], "missing_branches": [[127, -116], [127, 128], [131, 132], [131, 135], [135, 127], [135, 136]]}, "TrivyParser.parsed_count": {"executed_lines": [], "summary": {"covered_lines": 0, "num_statements": 1, "percent_covered": 0.0, "percent_covered_display": "0", "missing_lines": 1, "excluded_lines": 0, "percent_statements_covered": 0.0, "percent_statements_covered_display": "0", "num_branches": 0, "num_partial_branches": 0, "covered_branches": 0, "missing_branches": 0, "percent_branches_covered": 100.0, "percent_branches_covered_display": "100"}, "missing_lines": [151], "excluded_lines": [], "start_line": 149, "executed_branches": [], "missing_branches": []}, "TrivyParser.skipped_count": {"executed_lines": [], "summary": {"covered_lines": 0, "num_statements": 1, "percent_covered": 0.0, "percent_covered_display": "0", "missing_lines": 1, "excluded_lines": 0, "percent_statements_covered": 0.0, "percent_statements_covered_display": "0", "num_branches": 0, "num_partial_branches": 0, "covered_branches": 0, "missing_branches": 0, "percent_branches_covered": 100.0, "percent_branches_covered_display": "100"}, "missing_lines": [156], "excluded_lines": [], "start_line": 154, "executed_branches": [], "missing_branches": []}, "parse_trivy_report": {"executed_lines": [], "summary": {"covered_lines": 0, "num_statements": 2, "percent_covered": 0.0, "percent_covered_display": "0", "missing_lines": 2, "excluded_lines": 0, "percent_statements_covered": 0.0, "percent_statements_covered_display": "0", "num_branches": 0, "num_partial_branches": 0, "covered_branches": 0, "missing_branches": 0, "percent_branches_covered": 100.0, "percent_branches_covered_display": "100"}, "missing_lines": [168, 169], "excluded_lines": [], "start_line": 159, "executed_branches": [], "missing_branches": []}, "": {"executed_lines": [7, 9, 10, 11, 13, 15, 16, 21, 24, 32, 34, 39, 70, 116, 148, 149, 153, 154, 159, 172], "summary": {"covered_lines": 20, "num_statements": 20, "percent_covered": 100.0, "percent_covered_display": "100", "missing_lines": 0, "excluded_lines": 2, "percent_statements_covered": 100.0, "percent_statements_covered_display": "100", "num_branches": 0, "num_partial_branches": 0, "covered_branches": 0, "missing_branches": 0, "percent_branches_covered": 100.0, "percent_branches_covered_display": "100"}, "missing_lines": [], "excluded_lines": [18, 19], "start_line": 1, "executed_branches": [], "missing_branches": []}}, "classes": {"TrivyParser": {"executed_lines": [], "summary": {"covered_lines": 0, "num_statements": 44, "percent_covered": 0.0, "percent_covered_display": "0", "missing_lines": 44, "excluded_lines": 0, "percent_statements_covered": 0.0, "percent_statements_covered_display": "0", "num_branches": 12, "num_partial_branches": 0, "covered_branches": 0, "missing_branches": 12, "percent_branches_covered": 0.0, "percent_branches_covered_display": "0"}, "missing_lines": [36, 37, 51, 53, 54, 55, 57, 58, 59, 61, 62, 63, 64, 65, 66, 68, 82, 83, 86, 87, 88, 95, 96, 98, 105, 107, 114, 125, 127, 128, 129, 131, 132, 133, 135, 136, 137, 138, 139, 140, 141, 142, 151, 156], "excluded_lines": [], "start_line": 24, "executed_branches": [], "missing_branches": [[53, 54], [53, 57], [57, 58], [57, 61], [87, 88], [87, 95], [127, -116], [127, 128], [131, 132], [131, 135], [135, 127], [135, 136]]}, "": {"executed_lines": [7, 9, 10, 11, 13, 15, 16, 21, 24, 32, 34, 39, 70, 116, 148, 149, 153, 154, 159, 172], "summary": {"covered_lines": 20, "num_statements": 22, "percent_covered": 90.9090909090909, "percent_covered_display": "91", "missing_lines": 2, "excluded_lines": 2, "percent_statements_covered": 90.9090909090909, "percent_statements_covered_display": "91", "num_branches": 0, "num_partial_branches": 0, "covered_branches": 0, "missing_branches": 0, "percent_branches_covered": 100.0, "percent_branches_covered_display": "100"}, "missing_lines": [168, 169], "excluded_lines": [18, 19], "start_line": 1, "executed_branches": [], "missing_branches": []}}}, "src/siopv/adapters/llm/__init__.py": {"executed_lines": [], "summary": {"covered_lines": 0, "num_statements": 0, "percent_covered": 100.0, "percent_covered_display": "100", "missing_lines": 0, "excluded_lines": 0, "percent_statements_covered": 100.0, "percent_statements_covered_display": "100", "num_branches": 0, "num_partial_branches": 0, "covered_branches": 0, "missing_branches": 0, "percent_branches_covered": 100.0, "percent_branches_covered_display": "100"}, "missing_lines": [], "excluded_lines": [], "executed_branches": [], "missing_branches": [], "functions": {"": {"executed_lines": [], "summary": {"covered_lines": 0, "num_statements": 0, "percent_covered": 100.0, "percent_covered_display": "100", "missing_lines": 0, "excluded_lines": 0, "percent_statements_covered": 100.0, "percent_statements_covered_display": "100", "num_branches": 0, "num_partial_branches": 0, "covered_branches": 0, "missing_branches": 0, "percent_branches_covered": 100.0, "percent_branches_covered_display": "100"}, "missing_lines": [], "excluded_lines": [], "start_line": 1, "executed_branches": [], "missing_branches": []}}, "classes": {"": {"executed_lines": [], "summary": {"covered_lines": 0, "num_statements": 0, "percent_covered": 100.0, "percent_covered_display": "100", "missing_lines": 0, "excluded_lines": 0, "percent_statements_covered": 100.0, "percent_statements_covered_display": "100", "num_branches": 0, "num_partial_branches": 0, "covered_branches": 0, "missing_branches": 0, "percent_branches_covered": 100.0, "percent_branches_covered_display": "100"}, "missing_lines": [], "excluded_lines": [], "start_line": 1, "executed_branches": [], "missing_branches": []}}}, "src/siopv/adapters/ml/__init__.py": {"executed_lines": [10, 11, 12, 13, 15], "summary": {"covered_lines": 5, "num_statements": 5, "percent_covered": 100.0, "percent_covered_display": "100", "missing_lines": 0, "excluded_lines": 0, "percent_statements_covered": 100.0, "percent_statements_covered_display": "100", "num_branches": 0, "num_partial_branches": 0, "covered_branches": 0, "missing_branches": 0, "percent_branches_covered": 100.0, "percent_branches_covered_display": "100"}, "missing_lines": [], "excluded_lines": [], "executed_branches": [], "missing_branches": [], "functions": {"": {"executed_lines": [10, 11, 12, 13, 15], "summary": {"covered_lines": 5, "num_statements": 5, "percent_covered": 100.0, "percent_covered_display": "100", "missing_lines": 0, "excluded_lines": 0, "percent_statements_covered": 100.0, "percent_statements_covered_display": "100", "num_branches": 0, "num_partial_branches": 0, "covered_branches": 0, "missing_branches": 0, "percent_branches_covered": 100.0, "percent_branches_covered_display": "100"}, "missing_lines": [], "excluded_lines": [], "start_line": 1, "executed_branches": [], "missing_branches": []}}, "classes": {"": {"executed_lines": [10, 11, 12, 13, 15], "summary": {"covered_lines": 5, "num_statements": 5, "percent_covered": 100.0, "percent_covered_display": "100", "missing_lines": 0, "excluded_lines": 0, "percent_statements_covered": 100.0, "percent_statements_covered_display": "100", "num_branches": 0, "num_partial_branches": 0, "covered_branches": 0, "missing_branches": 0, "percent_branches_covered": 100.0, "percent_branches_covered_display": "100"}, "missing_lines": [], "excluded_lines": [], "start_line": 1, "executed_branches": [], "missing_branches": []}}}, "src/siopv/adapters/ml/feature_engineer.py": {"executed_lines": [7, 9, 10, 12, 14, 20, 25, 56, 76, 88, 152, 184, 205, 222, 229, 238, 253, 268], "summary": {"covered_lines": 18, "num_statements": 69, "percent_covered": 19.78021978021978, "percent_covered_display": "20", "missing_lines": 51, "excluded_lines": 3, "percent_statements_covered": 26.08695652173913, "percent_statements_covered_display": "26", "num_branches": 22, "num_partial_branches": 0, "covered_branches": 0, "missing_branches": 22, "percent_branches_covered": 0.0, "percent_branches_covered_display": "0"}, "missing_lines": [86, 102, 104, 
[...]
_lines": 0, "percent_statements_covered": 0.0, "percent_statements_covered_display": "0", "num_branches": 0, "num_partial_branches": 0, "covered_branches": 0, "missing_branches": 0, "percent_branches_covered": 100.0, "percent_branches_covered_display": "100"}, "missing_lines": [236, 237], "excluded_lines": [], "start_line": 235, "executed_branches": [], "missing_branches": []}, "RateLimiter.get_stats": {"executed_lines": [], "summary": {"covered_lines": 0, "num_statements": 1, "percent_covered": 0.0, "percent_covered_display": "0", "missing_lines": 1, "excluded_lines": 0, "percent_statements_covered": 0.0, "percent_statements_covered_display": "0", "num_branches": 0, "num_partial_branches": 0, "covered_branches": 0, "missing_branches": 0, "percent_branches_covered": 100.0, "percent_branches_covered_display": "100"}, "missing_lines": [243], "excluded_lines": [], "start_line": 241, "executed_branches": [], "missing_branches": []}, "create_nvd_rate_limiter": {"executed_lines": [], "summary": {"covered_lines": 0, "num_statements": 2, "percent_covered": 0.0, "percent_covered_display": "0", "missing_lines": 2, "excluded_lines": 0, "percent_statements_covered": 0.0, "percent_statements_covered_display": "0", "num_branches": 0, "num_partial_branches": 0, "covered_branches": 0, "missing_branches": 0, "percent_branches_covered": 100.0, "percent_branches_covered_display": "100"}, "missing_lines": [263, 264], "excluded_lines": [], "start_line": 254, "executed_branches": [], "missing_branches": []}, "create_github_rate_limiter": {"executed_lines": [], "summary": {"covered_lines": 0, "num_statements": 2, "percent_covered": 0.0, "percent_covered_display": "0", "missing_lines": 2, "excluded_lines": 0, "percent_statements_covered": 0.0, "percent_statements_covered_display": "0", "num_branches": 0, "num_partial_branches": 0, "covered_branches": 0, "missing_branches": 0, "percent_branches_covered": 100.0, "percent_branches_covered_display": "100"}, "missing_lines": [281, 282], "excluded_lines": [], "start_line": 272, "executed_branches": [], "missing_branches": []}, "create_epss_rate_limiter": {"executed_lines": [], "summary": {"covered_lines": 0, "num_statements": 1, "percent_covered": 0.0, "percent_covered_display": "0", "missing_lines": 1, "excluded_lines": 0, "percent_statements_covered": 0.0, "percent_statements_covered_display": "0", "num_branches": 0, "num_partial_branches": 0, "covered_branches": 0, "missing_branches": 0, "percent_branches_covered": 100.0, "percent_branches_covered_display": "100"}, "missing_lines": [296], "excluded_lines": [], "start_line": 290, "executed_branches": [], "missing_branches": []}, "": {"executed_lines": [11, 13, 14, 15, 16, 17, 18, 20, 22, 24, 25, 28, 31, 37, 38, 45, 46, 47, 48, 50, 55, 62, 77, 93, 109, 157, 199, 204, 225, 241, 254, 272, 290, 303], "summary": {"covered_lines": 34, "num_statements": 34, "percent_covered": 100.0, "percent_covered_display": "100", "missing_lines": 0, "excluded_lines": 0, "percent_statements_covered": 100.0, "percent_statements_covered_display": "100", "num_branches": 0, "num_partial_branches": 0, "covered_branches": 0, "missing_branches": 0, "percent_branches_covered": 100.0, "percent_branches_covered_display": "100"}, "missing_lines": [], "excluded_lines": [], "start_line": 1, "executed_branches": [], "missing_branches": []}}, "classes": {"RateLimitExceededError": {"executed_lines": [], "summary": {"covered_lines": 0, "num_statements": 3, "percent_covered": 0.0, "percent_covered_display": "0", "missing_lines": 3, "excluded_lines": 0, "percent_statements_covered": 0.0, "percent_statements_covered_display": "0", "num_branches": 0, "num_partial_branches": 0, "covered_branches": 0, "missing_branches": 0, "percent_branches_covered": 100.0, "percent_branches_covered_display": "100"}, "missing_lines": [32, 33, 34], "excluded_lines": [], "start_line": 28, "executed_branches": [], "missing_branches": []}, "TokenBucket": {"executed_lines": [], "summary": {"covered_lines": 0, "num_statements": 16, "percent_covered": 0.0, "percent_covered_display": "0", "missing_lines": 16, "excluded_lines": 0, "percent_statements_covered": 0.0, "percent_statements_covered_display": "0", "num_branches": 4, "num_partial_branches": 0, "covered_branches": 0, "missing_branches": 4, "percent_branches_covered": 0.0, "percent_branches_covered_display": "0"}, "missing_lines": [52, 53, 57, 58, 59, 60, 71, 72, 73, 74, 75, 86, 87, 88, 89, 90], "excluded_lines": [], "start_line": 38, "executed_branches": [], "missing_branches": [[72, 73], [72, 75], [87, 88], [87, 89]]}, "RateLimiter": {"executed_lines": [], "summary": {"covered_lines": 0, "num_statements": 50, "percent_covered": 0.0, "percent_covered_display": "0", "missing_lines": 50, "excluded_lines": 0, "percent_statements_covered": 0.0, "percent_statements_covered_display": "0", "num_branches": 18, "num_partial_branches": 0, "covered_branches": 0, "missing_branches": 18, "percent_branches_covered": 0.0, "percent_branches_covered_display": "0"}, "missing_lines": [129, 130, 133, 134, 135, 136, 138, 141, 142, 144, 147, 148, 150, 168, 169, 170, 171, 174, 175, 176, 179, 180, 183, 186, 187, 188, 189, 190, 195, 197, 201, 202, 206, 208, 209, 210, 212, 213, 214, 215, 216, 217, 222, 223, 234, 235, 236, 237, 239, 243], "excluded_lines": [], "start_line": 93, "executed_branches": [], "missing_branches": [[133, 134], [133, 135], [135, 136], [135, 138], [169, 170], [169, 174], [174, 175], [174, 179], [186, 187], [186, 197], [201, -199], [201, 202], [206, -204], [206, 208], [209, 210], [209, 212], [213, 206], [213, 214]]}, "": {"executed_lines": [11, 13, 14, 15, 16, 17, 18, 20, 22, 24, 25, 28, 31, 37, 38, 45, 46, 47, 48, 50, 55, 62, 77, 93, 109, 157, 199, 204, 225, 241, 254, 272, 290, 303], "summary": {"covered_lines": 34, "num_statements": 39, "percent_covered": 87.17948717948718, "percent_covered_display": "87", "missing_lines": 5, "excluded_lines": 0, "percent_statements_covered": 87.17948717948718, "percent_statements_covered_display": "87", "num_branches": 0, "num_partial_branches": 0, "covered_branches": 0, "missing_branches": 0, "percent_branches_covered": 100.0, "percent_branches_covered_display": "100"}, "missing_lines": [263, 264, 281, 282, 296], "excluded_lines": [], "start_line": 1, "executed_branches": [], "missing_branches": []}}}, "src/siopv/infrastructure/types.py": {"executed_lines": [6, 10, 12], "summary": {"covered_lines": 3, "num_statements": 3, "percent_covered": 100.0, "percent_covered_display": "100", "missing_lines": 0, "excluded_lines": 0, "percent_statements_covered": 100.0, "percent_statements_covered_display": "100", "num_branches": 0, "num_partial_branches": 0, "covered_branches": 0, "missing_branches": 0, "percent_branches_covered": 100.0, "percent_branches_covered_display": "100"}, "missing_lines": [], "excluded_lines": [], "executed_branches": [], "missing_branches": [], "functions": {"": {"executed_lines": [6, 10, 12], "summary": {"covered_lines": 3, "num_statements": 3, "percent_covered": 100.0, "percent_covered_display": "100", "missing_lines": 0, "excluded_lines": 0, "percent_statements_covered": 100.0, "percent_statements_covered_display": "100", "num_branches": 0, "num_partial_branches": 0, "covered_branches": 0, "missing_branches": 0, "percent_branches_covered": 100.0, "percent_branches_covered_display": "100"}, "missing_lines": [], "excluded_lines": [], "start_line": 1, "executed_branches": [], "missing_branches": []}}, "classes": {"": {"executed_lines": [6, 10, 12], "summary": {"covered_lines": 3, "num_statements": 3, "percent_covered": 100.0, "percent_covered_display": "100", "missing_lines": 0, "excluded_lines": 0, "percent_statements_covered": 100.0, "percent_statements_covered_display": "100", "num_branches": 0, "num_partial_branches": 0, "covered_branches": 0, "missing_branches": 0, "percent_branches_covered": 100.0, "percent_branches_covered_display": "100"}, "missing_lines": [], "excluded_lines": [], "start_line": 1, "executed_branches": [], "missing_branches": []}}}, "src/siopv/interfaces/__init__.py": {"executed_lines": [], "summary": {"covered_lines": 0, "num_statements": 0, "percent_covered": 100.0, "percent_covered_display": "100", "missing_lines": 0, "excluded_lines": 0, "percent_statements_covered": 100.0, "percent_statements_covered_display": "100", "num_branches": 0, "num_partial_branches": 0, "covered_branches": 0, "missing_branches": 0, "percent_branches_covered": 100.0, "percent_branches_covered_display": "100"}, "missing_lines": [], "excluded_lines": [], "executed_branches": [], "missing_branches": [], "functions": {"": {"executed_lines": [], "summary": {"covered_lines": 0, "num_statements": 0, "percent_covered": 100.0, "percent_covered_display": "100", "missing_lines": 0, "excluded_lines": 0, "percent_statements_covered": 100.0, "percent_statements_covered_display": "100", "num_branches": 0, "num_partial_branches": 0, "covered_branches": 0, "missing_branches": 0, "percent_branches_covered": 100.0, "percent_branches_covered_display": "100"}, "missing_lines": [], "excluded_lines": [], "start_line": 1, "executed_branches": [], "missing_branches": []}}, "classes": {"": {"executed_lines": [], "summary": {"covered_lines": 0, "num_statements": 0, "percent_covered": 100.0, "percent_covered_display": "100", "missing_lines": 0, "excluded_lines": 0, "percent_statements_covered": 100.0, "percent_statements_covered_display": "100", "num_branches": 0, "num_partial_branches": 0, "covered_branches": 0, "missing_branches": 0, "percent_branches_covered": 100.0, "percent_branches_covered_display": "100"}, "missing_lines": [], "excluded_lines": [], "start_line": 1, "executed_branches": [], "missing_branches": []}}}, "src/siopv/interfaces/api/__init__.py": {"executed_lines": [], "summary": {"covered_lines": 0, "num_statements": 0, "percent_covered": 100.0, "percent_covered_display": "100", "missing_lines": 0, "excluded_lines": 0, "percent_statements_covered": 100.0, "percent_statements_covered_display": "100", "num_branches": 0, "num_partial_branches": 0, "covered_branches": 0, "missing_branches": 0, "percent_branches_covered": 100.0, "percent_branches_covered_display": "100"}, "missing_lines": [], "excluded_lines": [], "executed_branches": [], "missing_branches": [], "functions": {"": {"executed_lines": [], "summary": {"covered_lines": 0, "num_statements": 0, "percent_covered": 100.0, "percent_covered_display": "100", "missing_lines": 0, "excluded_lines": 0, "percent_statements_covered": 100.0, "percent_statements_covered_display": "100", "num_branches": 0, "num_partial_branches": 0, "covered_branches": 0, "missing_branches": 0, "percent_branches_covered": 100.0, "percent_branches_covered_display": "100"}, "missing_lines": [], "excluded_lines": [], "start_line": 1, "executed_branches": [], "missing_branches": []}}, "classes": {"": {"executed_lines": [], "summary": {"covered_lines": 0, "num_statements": 0, "percent_covered": 100.0, "percent_covered_display": "100", "missing_lines": 0, "excluded_lines": 0, "percent_statements_covered": 100.0, "percent_statements_covered_display": "100", "num_branches": 0, "num_partial_branches": 0, "covered_branches": 0, "missing_branches": 0, "percent_branches_covered": 100.0, "percent_branches_covered_display": "100"}, "missing_lines": [], "excluded_lines": [], "start_line": 1, "executed_branches": [], "missing_branches": []}}}, "src/siopv/interfaces/cli/__init__.py": {"executed_lines": [], "summary": {"covered_lines": 0, "num_statements": 0, "percent_covered": 100.0, "percent_covered_display": "100", "missing_lines": 0, "excluded_lines": 0, "percent_statements_covered": 100.0, "percent_statements_covered_display": "100", "num_branches": 0, "num_partial_branches": 0, "covered_branches": 0, "missing_branches": 0, "percent_branches_covered": 100.0, "percent_branches_covered_display": "100"}, "missing_lines": [], "excluded_lines": [], "executed_branches": [], "missing_branches": [], "functions": {"": {"executed_lines": [], "summary": {"covered_lines": 0, "num_statements": 0, "percent_covered": 100.0, "percent_covered_display": "100", "missing_lines": 0, "excluded_lines": 0, "percent_statements_covered": 100.0, "percent_statements_covered_display": "100", "num_branches": 0, "num_partial_branches": 0, "covered_branches": 0, "missing_branches": 0, "percent_branches_covered": 100.0, "percent_branches_covered_display": "100"}, "missing_lines": [], "excluded_lines": [], "start_line": 1, "executed_branches": [], "missing_branches": []}}, "classes": {"": {"executed_lines": [], "summary": {"covered_lines": 0, "num_statements": 0, "percent_covered": 100.0, "percent_covered_display": "100", "missing_lines": 0, "excluded_lines": 0, "percent_statements_covered": 100.0, "percent_statements_covered_display": "100", "num_branches": 0, "num_partial_branches": 0, "covered_branches": 0, "missing_branches": 0, "percent_branches_covered": 100.0, "percent_branches_covered_display": "100"}, "missing_lines": [], "excluded_lines": [], "start_line": 1, "executed_branches": [], "missing_branches": []}}}, "src/siopv/interfaces/cli/main.py": {"executed_lines": [], "summary": {"covered_lines": 0, "num_statements": 34, "percent_covered": 0.0, "percent_covered_display": "0", "missing_lines": 34, "excluded_lines": 2, "percent_statements_covered": 0.0, "percent_statements_covered_display": "0", "num_branches": 0, "num_partial_branches": 0, "covered_branches": 0, "missing_branches": 0, "percent_branches_covered": 100.0, "percent_branches_covered_display": "100"}, "missing_lines": [6, 7, 9, 11, 12, 14, 21, 22, 29, 30, 36, 37, 56, 57, 60, 61, 62, 65, 66, 68, 69, 72, 73, 76, 77, 92, 93, 96, 97, 98, 101, 102, 104, 105], "excluded_lines": [108, 109], "executed_branches": [], "missing_branches": [], "functions": {"main": {"executed_lines": [], "summary": {"covered_lines": 0, "num_statements": 2, "percent_covered": 0.0, "percent_covered_display": "0", "missing_lines": 2, "excluded_lines": 0, "percent_statements_covered": 0.0, "percent_statements_covered_display": "0", "num_branches": 0, "num_partial_branches": 0, "covered_branches": 0, "missing_branches": 0, "percent_branches_covered": 100.0, "percent_branches_covered_display": "100"}, "missing_lines": [29, 30], "excluded_lines": [], "start_line": 22, "executed_branches": [], "missing_branches": []}, "process_report": {"executed_lines": [], "summary": {"covered_lines": 0, "num_statements": 5, "percent_covered": 0.0, "percent_covered_display": "0", "missing_lines": 5, "excluded_lines": 0, "percent_statements_covered": 0.0, "percent_statements_covered_display": "0", "num_branches": 0, "num_partial_branches": 0, "covered_branches": 0, "missing_branches": 0, "percent_branches_covered": 100.0, "percent_branches_covered_display": "100"}, "missing_lines": [56, 57, 60, 61, 62], "excluded_lines": [], "start_line": 37, "executed_branches": [], "missing_branches": []}, "dashboard": {"executed_lines": [], "summary": {"covered_lines": 0, "num_statements": 4, "percent_covered": 0.0, "percent_covered_display": "0", "missing_lines": 4, "excluded_lines": 0, "percent_statements_covered": 0.0, "percent_statements_covered_display": "0", "num_branches": 0, "num_partial_branches": 0, "covered_branches": 0, "missing_branches": 0, "percent_branches_covered": 100.0, "percent_branches_covered_display": "100"}, "missing_lines": [68, 69, 72, 73], "excluded_lines": [], "start_line": 66, "executed_branches": [], "missing_branches": []}, "train_model": {"executed_lines": [], "summary": {"covered_lines": 0, "num_statements": 5, "percent_covered": 0.0, "percent_covered_display": "0", "missing_lines": 5, "excluded_lines": 0, "percent_statements_covered": 0.0, "percent_statements_covered_display": "0", "num_branches": 0, "num_partial_branches": 0, "covered_branches": 0, "missing_branches": 0, "percent_branches_covered": 100.0, "percent_branches_covered_display": "100"}, "missing_lines": [92, 93, 96, 97, 98], "excluded_lines": [], "start_line": 77, "executed_branches": [], "missing_branches": []}, "version": {"executed_lines": [], "summary": {"covered_lines": 0, "num_statements": 2, "percent_covered": 0.0, "percent_covered_display": "0", "missing_lines": 2, "excluded_lines": 0, "percent_statements_covered": 0.0, "percent_statements_covered_display": "0", "num_branches": 0, "num_partial_branches": 0, "covered_branches": 0, "missing_branches": 0, "percent_branches_covered": 100.0, "percent_branches_covered_display": "100"}, "missing_lines": [104, 105], "excluded_lines": [], "start_line": 102, "executed_branches": [], "missing_branches": []}, "": {"executed_lines": [], "summary": {"covered_lines": 0, "num_statements": 16, "percent_covered": 0.0, "percent_covered_display": "0", "missing_lines": 16, "excluded_lines": 2, "percent_statements_covered": 0.0, "percent_statements_covered_display": "0", "num_branches": 0, "num_partial_branches": 0, "covered_branches": 0, "missing_branches": 0, "percent_branches_covered": 100.0, "percent_branches_covered_display": "100"}, "missing_lines": [6, 7, 9, 11, 12, 14, 21, 22, 36, 37, 65, 66, 76, 77, 101, 102], "excluded_lines": [108, 109], "start_line": 1, "executed_branches": [], "missing_branches": []}}, "classes": {"": {"executed_lines": [], "summary": {"covered_lines": 0, "num_statements": 34, "percent_covered": 0.0, "percent_covered_display": "0", "missing_lines": 34, "excluded_lines": 2, "percent_statements_covered": 0.0, "percent_statements_covered_display": "0", "num_branches": 0, "num_partial_branches": 0, "covered_branches": 0, "missing_branches": 0, "percent_branches_covered": 100.0, "percent_branches_covered_display": "100"}, "missing_lines": [6, 7, 9, 11, 12, 14, 21, 22, 29, 30, 36, 37, 56, 57, 60, 61, 62, 65, 66, 68, 69, 72, 73, 76, 77, 92, 93, 96, 97, 98, 101, 102, 104, 105], "excluded_lines": [108, 109], "start_line": 1, "executed_branches": [], "missing_branches": []}}}, "src/siopv/interfaces/dashboard/__init__.py": {"executed_lines": [], "summary": {"covered_lines": 0, "num_statements": 0, "percent_covered": 100.0, "percent_covered_display": "100", "missing_lines": 0, "excluded_lines": 0, "percent_statements_covered": 100.0, "percent_statements_covered_display": "100", "num_branches": 0, "num_partial_branches": 0, "covered_branches": 0, "missing_branches": 0, "percent_branches_covered": 100.0, "percent_branches_covered_display": "100"}, "missing_lines": [], "excluded_lines": [], "executed_branches": [], "missing_branches": [], "functions": {"": {"executed_lines": [], "summary": {"covered_lines": 0, "num_statements": 0, "percent_covered": 100.0, "percent_covered_display": "100", "missing_lines": 0, "excluded_lines": 0, "percent_statements_covered": 100.0, "percent_statements_covered_display": "100", "num_branches": 0, "num_partial_branches": 0, "covered_branches": 0, "missing_branches": 0, "percent_branches_covered": 100.0, "percent_branches_covered_display": "100"}, "missing_lines": [], "excluded_lines": [], "start_line": 1, "executed_branches": [], "missing_branches": []}}, "classes": {"": {"executed_lines": [], "summary": {"covered_lines": 0, "num_statements": 0, "percent_covered": 100.0, "percent_covered_display": "100", "missing_lines": 0, "excluded_lines": 0, "percent_statements_covered": 100.0, "percent_statements_covered_display": "100", "num_branches": 0, "num_partial_branches": 0, "covered_branches": 0, "missing_branches": 0, "percent_branches_covered": 100.0, "percent_branches_covered_display": "100"}, "missing_lines": [], "excluded_lines": [], "start_line": 1, "executed_branches": [], "missing_branches": []}}}}, "totals": {"covered_lines": 1269, "num_statements": 3990, "percent_covered": 27.353689567430024, "percent_covered_display": "27", "missing_lines": 2721, "excluded_lines": 71, "percent_statements_covered": 31.804511278195488, "percent_statements_covered_display": "32", "num_branches": 726, "num_partial_branches": 5, "covered_branches": 21, "missing_branches": 705, "percent_branches_covered": 2.8925619834710745, "percent_branches_covered_display": "3"}}