{"meta": {"format": 3, "version": "7.13.2", "timestamp": "2026-02-24T13:43:32.461024", "branch_coverage": true, "show_contexts": false}, "files": {"src/siopv/__init__.py": {"executed_lines": [], "summary": {"covered_lines": 0, "num_statements": 0, "percent_covered": 100.0, "percent_covered_display": "100", "missing_lines": 0, "excluded_lines": 0, "percent_statements_covered": 100.0, "percent_statements_covered_display": "100", "num_branches": 0, "num_partial_branches": 0, "covered_branches": 0, "missing_branches": 0, "percent_branches_covered": 100.0, "percent_branches_covered_display": "100"}, "missing_lines": [], "excluded_lines": [], "executed_branches": [], "missing_branches": [], "functions": {"": {"executed_lines": [], "summary": {"covered_lines": 0, "num_statements": 0, "percent_covered": 100.0, "percent_covered_display": "100", "missing_lines": 0, "excluded_lines": 0, "percent_statements_covered": 100.0, "percent_statements_covered_display": "100", "num_branches": 0, "num_partial_branches": 0, "covered_branches": 0, "missing_branches": 0, "percent_branches_covered": 100.0, "percent_branches_covered_display": "100"}, "missing_lines": [], "excluded_lines": [], "start_line": 1, "executed_branches": [], "missing_branches": []}}, "classes": {"": {"executed_lines": [], "summary": {"covered_lines": 0, "num_statements": 0, "percent_covered": 100.0, "percent_covered_display": "100", "missing_lines": 0, "excluded_lines": 0, "percent_statements_covered": 100.0, "percent_statements_covered_display": "100", "num_branches": 0, "num_partial_branches": 0, "covered_branches": 0, "missing_branches": 0, "percent_branches_covered": 100.0, "percent_branches_covered_display": "100"}, "missing_lines": [], "excluded_lines": [], "start_line": 1, "executed_branches": [], "missing_branches": []}}}, "src/siopv/adapters/__init__.py": {"executed_lines": [], "summary": {"covered_lines": 0, "num_statements": 0, "percent_covered": 100.0, "percent_covered_display": "100", "missing_lines": 0, "excluded_lines": 0, "percent_statements_covered": 100.0, "percent_statements_covered_display": "100", "num_branches": 0, "num_partial_branches": 0, "covered_branches": 0, "missing_branches": 0, "percent_branches_covered": 100.0, "percent_branches_covered_display": "100"}, "missing_lines": [], "excluded_lines": [], "executed_branches": [], "missing_branches": [], "functions": {"": {"executed_lines": [], "summary": {"covered_lines": 0, "num_statements": 0, "percent_covered": 100.0, "percent_covered_display": "100", "missing_lines": 0, "excluded_lines": 0, "percent_statements_covered": 100.0, "percent_statements_covered_display": "100", "num_branches": 0, "num_partial_branches": 0, "covered_branches": 0, "missing_branches": 0, "percent_branches_covered": 100.0, "percent_branches_covered_display": "100"}, "missing_lines": [], "excluded_lines": [], "start_line": 1, "executed_branches": [], "missing_branches": []}}, "classes": {"": {"executed_lines": [], "summary": {"covered_lines": 0, "num_statements": 0, "percent_covered": 100.0, "percent_covered_display": "100", "missing_lines": 0, "excluded_lines": 0, "percent_statements_covered": 100.0, "percent_statements_covered_display": "100", "num_branches": 0, "num_partial_branches": 0, "covered_branches": 0, "missing_branches": 0, "percent_branches_covered": 100.0, "percent_branches_covered_display": "100"}, "missing_lines": [], "excluded_lines": [], "start_line": 1, "executed_branches": [], "missing_branches": []}}}, "src/siopv/adapters/authentication/__init__.py": {"executed_lines": [7, 9], "summary": {"covered_lines": 2, "num_statements": 2, "percent_covered": 100.0, "percent_covered_display": "100", "missing_lines": 0, "excluded_lines": 0, "percent_statements_covered": 100.0, "percent_statements_covered_display": "100", "num_branches": 0, "num_partial_branches": 0, "covered_branches": 0, "missing_branches": 0, "percent_branches_covered": 100.0, "percent_branches_covered_display": "100"}, "missing_lines": [], "excluded_lines": [], "executed_branches": [], "missing_branches": [], "functions": {"": {"executed_lines": [7, 9], "summary": {"covered_lines": 2, "num_statements": 2, "percent_covered": 100.0, "percent_covered_display": "100", "missing_lines": 0, "excluded_lines": 0, "percent_statements_covered": 100.0, "percent_statements_covered_display": "100", "num_branches": 0, "num_partial_branches": 0, "covered_branches": 0, "missing_branches": 0, "percent_branches_covered": 100.0, "percent_branches_covered_display": "100"}, "missing_lines": [], "excluded_lines": [], "start_line": 1, "executed_branches": [], "missing_branches": []}}, "classes": {"": {"executed_lines": [7, 9], "summary": {"covered_lines": 2, "num_statements": 2, "percent_covered": 100.0, "percent_covered_display": "100", "missing_lines": 0, "excluded_lines": 0, "percent_statements_covered": 100.0, "percent_statements_covered_display": "100", "num_branches": 0, "num_partial_branches": 0, "covered_branches": 0, "missing_branches": 0, "percent_branches_covered": 100.0, "percent_branches_covered_display": "100"}, "missing_lines": [], "excluded_lines": [], "start_line": 1, "executed_branches": [], "missing_branches": []}}}, "src/siopv/adapters/authentication/keycloak_oidc_adapter.py": {"executed_lines": [17, 19, 20, 22, 23, 24, 25, 27, 42, 45, 72, 84, 85, 86, 87, 88, 91, 92, 95, 96, 99, 100, 102, 110, 116, 118, 119, 120, 122, 124, 125, 126, 127, 133, 140, 141, 142, 144, 146, 147, 148, 149, 155, 171, 174, 176, 177, 178, 179, 183, 187, 188, 192, 197, 198, 199, 203, 205, 223, 224, 225, 226, 230, 231, 232, 236, 237, 238, 240, 249, 269, 270, 278, 279, 280, 281, 282, 283, 287, 288, 289, 293, 294, 298, 321, 324, 327, 328, 329, 330, 331, 332, 334, 337, 340, 341, 347, 348, 354, 356, 375, 376, 382, 388, 390, 404, 405, 407, 409, 410, 411, 412, 417, 418, 424, 425, 433, 434, 435, 439, 441, 450, 451, 452, 453, 457, 459, 460, 463, 475, 476, 484, 485, 487, 490], "summary": {"covered_lines": 135, "num_statements": 145, "percent_covered": 92.21556886227545, "percent_covered_display": "92", "missing_lines": 10, "excluded_lines": 2, "percent_statements_covered": 93.10344827586206, "percent_statements_covered_display": "93", "num_branches": 22, "num_partial_branches": 3, "covered_branches": 19, "missing_branches": 3, "percent_branches_covered": 86.36363636363636, "percent_branches_covered_display": "86"}, "missing_lines": [117, 342, 343, 377, 378, 428, 429, 481, 482, 486], "excluded_lines": [39, 40], "executed_branches": [[116, 118], [118, 119], [118, 120], [124, 125], [140, 141], [140, 142], [171, 174], [171, 176], [231, 232], [231, 236], [236, 237], [236, 240], [237, 236], [237, 238], [330, 331], [330, 334], [404, 405], [404, 407], [485, 487]], "missing_branches": [[116, 117], [124, -122], [485, 486]], "functions": {"KeycloakOIDCAdapter.__init__": {"executed_lines": [84, 85, 86, 87, 88, 91, 92, 95, 96, 99, 100, 102], "summary": {"covered_lines": 12, "num_statements": 12, "percent_covered": 100.0, "percent_covered_display": "100", "missing_lines": 0, "excluded_lines": 0, "percent_statements_covered": 100.0, "percent_statements_covered_display": "100", "num_branches": 0, "num_partial_branches": 0, "covered_branches": 0, "missing_branches": 0, "percent_branches_covered": 100.0, "percent_branches_covered_display": "100"}, "missing_lines": [], "excluded_lines": [], "start_line": 72, "executed_branches": [], "missing_branches": []}, "KeycloakOIDCAdapter._get_http_client": {"executed_lines": [116, 118, 119, 120], "summary": {"covered_lines": 4, "num_statements": 5, "percent_covered": 77.77777777777777, "percent_covered_display": "78", "missing_lines": 1, "excluded_lines": 0, "percent_statements_covered": 80.0, "percent_statements_covered_display": "80", "num_branches": 4, "num_partial_branches": 1, "covered_branches": 3, "missing_branches": 1, "percent_branches_covered": 75.0, "percent_branches_covered_display": "75"}, "missing_lines": [117], "excluded_lines": [], "start_line": 110, "executed_branches": [[116, 118], [118, 119], [118, 120]], "missing_branches": [[116, 117]]}, "KeycloakOIDCAdapter.close": {"executed_lines": [124, 125, 126, 127], "summary": {"covered_lines": 4, "num_statements": 4, "percent_covered": 83.33333333333333, "percent_covered_display": "83", "missing_lines": 0, "excluded_lines": 0, "percent_statements_covered": 100.0, "percent_statements_covered_display": "100", "num_branches": 2, "num_partial_branches": 1, "covered_branches": 1, "missing_branches": 1, "percent_branches_covered": 50.0, "percent_branches_covered_display": "50"}, "missing_lines": [], "excluded_lines": [], "start_line": 122, "executed_branches": [[124, 125]], "missing_branches": [[124, -122]]}, "KeycloakOIDCAdapter._is_cache_fresh": {"executed_lines": [140, 141, 142], "summary": {"covered_lines": 3, "num_statements": 3, "percent_covered": 100.0, "percent_covered_display": "100", "missing_lines": 0, "excluded_lines": 0, "percent_statements_covered": 100.0, "percent_statements_covered_display": "100", "num_branches": 2, "num_partial_branches": 0, "covered_branches": 2, "missing_branches": 0, "percent_branches_covered": 100.0, "percent_branches_covered_display": "100"}, "missing_lines": [], "excluded_lines": [], "start_line": 133, "executed_branches": [[140, 141], [140, 142]], "missing_branches": []}, "KeycloakOIDCAdapter._http_get_json": {"executed_lines": [146, 147, 148, 149], "summary": {"covered_lines": 4, "num_statements": 4, "percent_covered": 100.0, "percent_covered_display": "100", "missing_lines": 0, "excluded_lines": 0, "percent_statements_covered": 100.0, "percent_statements_covered_display": "100", "num_branches": 0, "num_partial_branches": 0, "covered_branches": 0, "missing_branches": 0, "percent_branches_covered": 100.0, "percent_branches_covered_display": "100"}, "missing_lines": [], "excluded_lines": [], "start_line": 144, "executed_branches": [], "missing_branches": []}, "KeycloakOIDCAdapter._fetch_jwks": {"executed_lines": [171, 174, 176, 177, 178, 179, 183, 187, 188, 192, 197, 198, 199, 203], "summary": {"covered_lines": 14, "num_statements": 14, "percent_covered": 100.0, "percent_covered_display": "100", "missing_lines": 0, "excluded_lines": 0, "percent_statements_covered": 100.0, "percent_statements_covered_display": "100", "num_branches": 2, "num_partial_branches": 0, "covered_branches": 2, "missing_branches": 0, "percent_branches_covered": 100.0, "percent_branches_covered_display": "100"}, "missing_lines": [], "excluded_lines": [], "start_line": 155, "executed_branches": [[171, 174], [171, 176]], "missing_branches": []}, "KeycloakOIDCAdapter._find_signing_key": {"executed_lines": [223, 224, 225, 226, 230, 231, 232, 236, 237, 238, 240], "summary": {"covered_lines": 11, "num_statements": 11, "percent_covered": 100.0, "percent_covered_display": "100", "missing_lines": 0, "excluded_lines": 0, "percent_statements_covered": 100.0, "percent_statements_covered_display": "100", "num_branches": 6, "num_partial_branches": 0, "covered_branches": 6, "missing_branches": 0, "percent_branches_covered": 100.0, "percent_branches_covered_display": "100"}, "missing_lines": [], "excluded_lines": [], "start_line": 205, "executed_branches": [[231, 232], [231, 236], [236, 237], [236, 240], [237, 236], [237, 238]], "missing_branches": []}, "KeycloakOIDCAdapter._decode_jwt": {"executed_lines": [269, 270, 278, 279, 280, 281, 282, 283, 287, 288, 289, 293, 294], "summary": {"covered_lines": 13, "num_statements": 13, "percent_covered": 100.0, "percent_covered_display": "100", "missing_lines": 0, "excluded_lines": 0, "percent_statements_covered": 100.0, "percent_statements_covered_display": "100", "num_branches": 0, "num_partial_branches": 0, "covered_branches": 0, "missing_branches": 0, "percent_branches_covered": 100.0, "percent_branches_covered_display": "100"}, "missing_lines": [], "excluded_lines": [], "start_line": 249, "executed_branches": [], "missing_branches": []}, "KeycloakOIDCAdapter.validate_token": {"executed_lines": [321, 324, 327, 328, 329, 330, 331, 332, 334, 337, 340, 341, 347, 348, 354], "summary": {"covered_lines": 15, "num_statements": 17, "percent_covered": 89.47368421052632, "percent_covered_display": "89", "missing_lines": 2, "excluded_lines": 0, "percent_statements_covered": 88.23529411764706, "percent_statements_covered_display": "88", "num_branches": 2, "num_partial_branches": 0, "covered_branches": 2, "missing_branches": 0, "percent_branches_covered": 100.0, "percent_branches_covered_display": "100"}, "missing_lines": [342, 343], "excluded_lines": [], "start_line": 298, "executed_branches": [[330, 331], [330, 334]], "missing_branches": []}, "KeycloakOIDCAdapter.extract_identity": {"executed_lines": [375, 376, 382, 388], "summary": {"covered_lines": 4, "num_statements": 6, "percent_covered": 66.66666666666667, "percent_covered_display": "67", "missing_lines": 2, "excluded_lines": 0, "percent_statements_covered": 66.66666666666667, "percent_statements_covered_display": "67", "num_branches": 0, "num_partial_branches": 0, "covered_branches": 0, "missing_branches": 0, "percent_branches_covered": 100.0, "percent_branches_covered_display": "100"}, "missing_lines": [377, 378], "excluded_lines": [], "start_line": 356, "executed_branches": [], "missing_branches": []}, "KeycloakOIDCAdapter.discover_provider": {"executed_lines": [404, 405, 407, 409, 410, 411, 412, 417, 418, 424, 425, 433, 434, 435, 439], "summary": {"covered_lines": 15, "num_statements": 17, "percent_covered": 89.47368421052632, "percent_covered_display": "89", "missing_lines": 2, "excluded_lines": 0, "percent_statements_covered": 88.23529411764706, "percent_statements_covered_display": "88", "num_branches": 2, "num_partial_branches": 0, "covered_branches": 2, "missing_branches": 0, "percent_branches_covered": 100.0, "percent_branches_covered_display": "100"}, "missing_lines": [428, 429], "excluded_lines": [], "start_line": 390, "executed_branches": [[404, 405], [404, 407]], "missing_branches": []}, "KeycloakOIDCAdapter.health_check": {"executed_lines": [450, 451, 452, 453, 457, 459, 460], "summary": {"covered_lines": 7, "num_statements": 7, "percent_covered": 100.0, "percent_covered_display": "100", "missing_lines": 0, "excluded_lines": 0, "percent_statements_covered": 100.0, "percent_statements_covered_display": "100", "num_branches": 0, "num_partial_branches": 0, "covered_branches": 0, "missing_branches": 0, "percent_branches_covered": 100.0, "percent_branches_covered_display": "100"}, "missing_lines": [], "excluded_lines": [], "start_line": 441, "executed_branches": [], "missing_branches": []}, "_extract_jti_safe": {"executed_lines": [475, 476, 484, 485, 487], "summary": {"covered_lines": 5, "num_statements": 8, "percent_covered": 60.0, "percent_covered_display": "60", "missing_lines": 3, "excluded_lines": 0, "percent_statements_covered": 62.5, "percent_statements_covered_display": "62", "num_branches": 2, "num_partial_branches": 1, "covered_branches": 1, "missing_branches": 1, "percent_branches_covered": 50.0, "percent_branches_covered_display": "50"}, "missing_lines": [481, 482, 486], "excluded_lines": [], "start_line": 463, "executed_branches": [[485, 487]], "missing_branches": [[485, 486]]}, "": {"executed_lines": [17, 19, 20, 22, 23, 24, 25, 27, 42, 45, 72, 110, 122, 133, 144, 155, 205, 249, 298, 356, 390, 441, 463, 490], "summary": {"covered_lines": 24, "num_statements": 24, "percent_covered": 100.0, "percent_covered_display": "100", "missing_lines": 0, "excluded_lines": 2, "percent_statements_covered": 100.0, "percent_statements_covered_display": "100", "num_branches": 0, "num_partial_branches": 0, "covered_branches": 0, "missing_branches": 0, "percent_branches_covered": 100.0, "percent_branches_covered_display": "100"}, "missing_lines": [], "excluded_lines": [39, 40], "start_line": 1, "executed_branches": [], "missing_branches": []}}, "classes": {"KeycloakOIDCAdapter": {"executed_lines": [84, 85, 86, 87, 88, 91, 92, 95, 96, 99, 100, 102, 116, 118, 119, 120, 124, 125, 126, 127, 140, 141, 142, 146, 147, 148, 149, 171, 174, 176, 177, 178, 179, 183, 187, 188, 192, 197, 198, 199, 203, 223, 224, 225, 226, 230, 231, 232, 236, 237, 238, 240, 269, 270, 278, 279, 280, 281, 282, 283, 287, 288, 289, 293, 294, 321, 324, 327, 328, 329, 330, 331, 332, 334, 337, 340, 341, 347, 348, 354, 375, 376, 382, 388, 404, 405, 407, 409, 410, 411, 412, 417, 418, 424, 425, 433, 434, 435, 439, 450, 451, 452, 453, 457, 459, 460], "summary": {"covered_lines": 106, "num_statements": 113, "percent_covered": 93.23308270676692, "percent_covered_display": "93", "missing_lines": 7, "excluded_lines": 0, "percent_statements_covered": 93.80530973451327, "percent_statements_covered_display": "94", "num_branches": 20, "num_partial_branches": 2, "covered_branches": 18, "missing_branches": 2, "percent_branches_covered": 90.0, "percent_branches_covered_display": "90"}, "missing_lines": [117, 342, 343, 377, 378, 428, 429], "excluded_lines": [], "start_line": 45, "executed_branches": [[116, 118], [118, 119], [118, 120], [124, 125], [140, 141], [140, 142], [171, 174], [171, 176], [231, 232], [231, 236], [236, 237], [236, 240], [237, 236], [237, 238], [330, 331], [330, 334], [404, 405], [404, 407]], "missing_branches": [[116, 117], [124, -122]]}, "": {"executed_lines": [17, 19, 20, 22, 23, 24, 25, 27, 42, 45, 72, 110, 122, 133, 144, 155, 205, 249, 298, 356, 390, 441, 463, 475, 476, 484, 485, 487, 490], "summary": {"covered_lines": 29, "num_statements": 32, "percent_covered": 88.23529411764706, "percent_covered_display": "88", "missing_lines": 3, "excluded_lines": 2, "percent_statements_covered": 90.625, "percent_statements_covered_display": "91", "num_branches": 2, "num_partial_branches": 1, "covered_branches": 1, "missing_branches": 1, "percent_branches_covered": 50.0, "percent_branches_covered_display": "50"}, "missing_lines": [481, 482, 486], "excluded_lines": [39, 40], "start_line": 1, "executed_branches": [[485, 487]], "missing_branches": [[485, 486]]}}}, "src/siopv/adapters/authorization/__init__.py": {"executed_lines": [25, 30], "summary": {"covered_lines": 2, "num_statements": 2, "percent_covered": 100.0, "percent_covered_display": "100", "missing_lines": 0, "excluded_lines": 0, "percent_statements_covered": 100.0, "percent_statements_covered_display": "100", "num_branches": 0, "num_partial_branches": 0, "covered_branches": 0, "missing_branches": 0, "percent_branches_covered": 100.0, "percent_branches_covered_display": "100"}, "missing_lines": [], "excluded_lines": [], "executed_branches": [], "missing_branches": [], "functions": {"": {"executed_lines": [25, 30], "summary": {"covered_lines": 2, "num_statements": 2, "percent_covered": 100.0, "percent_covered_display": "100", "missing_lines": 0, "excluded_lines": 0, "percent_statements_covered": 100.0, "percent_statements_covered_display": "100", "num_branches": 0, "num_partial_branches": 0, "covered_branches": 0, "missing_branches": 0, "percent_branches_covered": 100.0, "percent_branches_covered_display": "100"}, "missing_lines": [], "excluded_lines": [], "start_line": 1, "executed_branches": [], "missing_branches": []}}, "classes": {"": {"executed_lines": [25, 30], "summary": {"covered_lines": 2, "num_statements": 2, "percent_covered": 100.0, "percent_covered_display": "100", "missing_lines": 0, "excluded_lines": 0, "percent_statements_covered": 100.0, "percent_statements_covered_display": "100", "num_branches": 0, "num_partial_branches": 0, "covered_branches": 0, "missing_branches": 0, "percent_branches_covered": 100.0, "percent_branches_covered_display": "100"}, "missing_lines": [], "excluded_lines": [], "start_line": 1, "executed_branches": [], "missing_branches": []}}}, "src/siopv/adapters/authorization/openfga_adapter.py": {"executed_lines": [18, 20, 21, 23, 24, 25, 32, 33, 34, 41, 46, 61, 66, 69, 72, 76, 102, 114, 115, 116, 117, 118, 119, 120, 121, 122, 125, 132, 133, 136, 139, 141, 149, 158, 159, 161, 162, 164, 166, 167, 169, 174, 177, 178, 184, 185, 195, 197, 198, 200, 207, 212, 213, 214, 215, 216, 218, 227, 228, 230, 231, 235, 237, 250, 251, 254, 255, 256, 261, 263, 272, 278, 294, 296, 302, 322, 328, 329, 331, 332, 333, 335, 336, 342, 356, 358, 359, 360, 363, 364, 365, 370, 371, 379, 381, 388, 389, 391, 392, 394, 395, 400, 408, 409, 413, 418, 419, 424, 432, 442, 444, 456, 457, 459, 460, 461, 463, 469, 470, 474, 476, 478, 496, 498, 499, 500, 501, 507, 510, 513, 514, 520, 522, 524, 540, 541, 542, 544, 545, 546, 548, 550, 551, 554, 557, 558, 559, 561, 562, 563, 565, 568, 572, 577, 578, 580, 581, 582, 590, 591, 596, 604, 612, 614, 633, 640, 642, 643, 645, 646, 653, 655, 662, 663, 671, 672, 680, 697, 699, 701, 702, 703, 704, 705, 706, 708, 725, 732, 738, 748, 749, 750, 752, 753, 754, 755, 757, 758, 760, 767, 768, 772, 779, 780, 788, 789, 793, 801, 812, 813, 814, 816, 817, 818, 820, 821, 822, 824, 825, 826, 827, 829, 830, 832, 837, 838, 845, 846, 854, 855, 863, 872, 873, 874, 876, 877, 878, 879, 881, 882, 884, 891, 892, 900, 901, 905, 913, 923, 924, 925, 927, 928, 929, 931, 932, 933, 935, 936, 937, 938, 940, 941, 943, 948, 949, 957, 958, 966, 985, 986, 989, 990, 991, 992, 993, 994, 995, 997, 998, 1001, 1002, 1003, 1004, 1005, 1006, 1011, 1013, 1014, 1022, 1023, 1027, 1035, 1043, 1045, 1060, 1062, 1077, 1079, 1098, 1099, 1105, 1115, 1116, 1118, 1119, 1121, 1122, 1127, 1128, 1130, 1131, 1133, 1134, 1140, 1141, 1147, 1148, 1149, 1151, 1156, 1158, 1167, 1168, 1170, 1171, 1173, 1174, 1177, 1179, 1185, 1186, 1189, 1190, 1192, 1193, 1197, 1199, 1200, 1203], "summary": {"covered_lines": 339, "num_statements": 343, "percent_covered": 98.3451536643026, "percent_covered_display": "98", "missing_lines": 4, "excluded_lines": 2, "percent_statements_covered": 98.83381924198251, "percent_statements_covered_display": "99", "num_branches": 80, "num_partial_branches": 3, "covered_branches": 77, "missing_branches": 3, "percent_branches_covered": 96.25, "percent_branches_covered_display": "96"}, "missing_lines": [175, 710, 711, 717], "excluded_lines": [63, 64], "executed_branches": [[158, 159], [158, 161], [161, 162], [161, 164], [164, 166], [164, 169], [174, 177], [177, 178], [177, 184], [184, 185], [184, 195], [212, -207], [212, 213], [227, 228], [227, 230], [230, 231], [230, 235], [250, 251], [250, 254], [255, 256], [255, 261], [328, 329], [328, 331], [332, 333], [332, 335], [364, 365], [364, 370], [459, 460], [459, 476], [469, 470], [469, 474], [498, 499], [498, 510], [499, 500], [499, 522], [500, 501], [510, 513], [510, 522], [540, 541], [540, 544], [544, 545], [544, 548], [558, 559], [558, 561], [701, 702], [701, 725], [704, 701], [704, 705], [754, 755], [754, 757], [812, 813], [812, 816], [816, 817], [816, 820], [826, 827], [826, 829], [878, 879], [878, 881], [923, 924], [923, 927], [927, 928], [927, 931], [937, 938], [937, 940], [990, 991], [990, 992], [992, 993], [992, 994], [994, 995], [994, 997], [1002, 1003], [1002, 1035], [1003, 1004], [1003, 1035], [1004, 1005], [1121, 1122], [1121, 1147]], "missing_branches": [[174, 175], [500, 499], [1004, 1003]], "functions": {"OpenFGAAdapter.__init__": {"executed_lines": [114, 115, 116, 117, 118, 119, 120, 121, 122, 125, 132, 133, 136, 139, 141], "summary": {"covered_lines": 15, "num_statements": 15, "percent_covered": 100.0, "percent_covered_display": "100", "missing_lines": 0, "excluded_lines": 0, "percent_statements_covered": 100.0, "percent_statements_covered_display": "100", "num_branches": 0, "num_partial_branches": 0, "covered_branches": 0, "missing_branches": 0, "percent_branches_covered": 100.0, "percent_branches_covered_display": "100"}, "missing_lines": [], "excluded_lines": [], "start_line": 102, "executed_branches": [], "missing_branches": []}, "OpenFGAAdapter.initialize": {"executed_lines": [158, 159, 161, 162, 164, 166, 167, 169, 174, 177, 178, 184, 185, 195, 197, 198, 200], "summary": {"covered_lines": 17, "num_statements": 18, "percent_covered": 93.33333333333333, "percent_covered_display": "93", "missing_lines": 1, "excluded_lines": 0, "percent_statements_covered": 94.44444444444444, "percent_statements_covered_display": "94", "num_branches": 12, "num_partial_branches": 1, "covered_branches": 11, "missing_branches": 1, "percent_branches_covered": 91.66666666666667, "percent_branches_covered_display": "92"}, "missing_lines": [175], "excluded_lines": [], "start_line": 149, "executed_branches": [[158, 159], [158, 161], [161, 162], [161, 164], [164, 166], [164, 169], [174, 177], [177, 178], [177, 184], [184, 185], [184, 195]], "missing_branches": [[174, 175]]}, "OpenFGAAdapter.close": {"executed_lines": [212, 213, 214, 215, 216], "summary": {"covered_lines": 5, "num_statements": 5, "percent_covered": 100.0, "percent_covered_display": "100", "missing_lines": 0, "excluded_lines": 0, "percent_statements_covered": 100.0, "percent_statements_covered_display": "100", "num_branches": 2, "num_partial_branches": 0, "covered_branches": 2, "missing_branches": 0, "percent_branches_covered": 100.0, "percent_branches_covered_display": "100"}, "missing_lines": [], "excluded_lines": [], "start_line": 207, "executed_branches": [[212, -207], [212, 213]], "missing_branches": []}, "OpenFGAAdapter._get_client": {"executed_lines": [227, 228, 230, 231, 235], "summary": {"covered_lines": 5, "num_statements": 5, "percent_covered": 100.0, "percent_covered_display": "100", "missing_lines": 0, "excluded_lines": 0, "percent_statements_covered": 100.0, "percent_statements_covered_display": "100", "num_branches": 4, "num_partial_branches": 0, "covered_branches": 4, "missing_branches": 0, "percent_branches_covered": 100.0, "percent_branches_covered_display": "100"}, "missing_lines": [], "excluded_lines": [], "start_line": 218, "executed_branches": [[227, 228], [227, 230], [230, 231], [230, 235]], "missing_branches": []}, "OpenFGAAdapter._resolve_relation_for_action": {"executed_lines": [250, 251, 254, 255, 256, 261], "summary": {"covered_lines": 6, "num_statements": 6, "percent_covered": 100.0, "percent_covered_display": "100", "missing_lines": 0, "excluded_lines": 0, "percent_statements_covered": 100.0, "percent_statements_covered_display": "100", "num_branches": 4, "num_partial_branches": 0, "covered_branches": 4, "missing_branches": 0, "percent_branches_covered": 100.0, "percent_branches_covered_display": "100"}, "missing_lines": [], "excluded_lines": [], "start_line": 237, "executed_branches": [[250, 251], [250, 254], [255, 256], [255, 261]], "missing_branches": []}, "OpenFGAAdapter._domain_tuple_to_client_tuple": {"executed_lines": [272], "summary": {"covered_lines": 1, "num_statements": 1, "percent_covered": 100.0, "percent_covered_display": "100", "missing_lines": 0, "excluded_lines": 0, "percent_statements_covered": 100.0, "percent_statements_covered_display": "100", "num_branches": 0, "num_partial_branches": 0, "covered_branches": 0, "missing_branches": 0, "percent_branches_covered": 100.0, "percent_branches_covered_display": "100"}, "missing_lines": [], "excluded_lines": [], "start_line": 263, "executed_branches": [], "missing_branches": []}, "OpenFGAAdapter._client_tuple_to_domain_tuple": {"executed_lines": [294], "summary": {"covered_lines": 1, "num_statements": 1, "percent_covered": 100.0, "percent_covered_display": "100", "missing_lines": 0, "excluded_lines": 0, "percent_statements_covered": 100.0, "percent_statements_covered_display": "100", "num_branches": 0, "num_partial_branches": 0, "covered_branches": 0, "missing_branches": 0, "percent_branches_covered": 100.0, "percent_branches_covered_display": "100"}, "missing_lines": [], "excluded_lines": [], "start_line": 278, "executed_branches": [], "missing_branches": []}, "OpenFGAAdapter._execute_check": {"executed_lines": [322, 328, 329, 331, 332, 333, 335, 336], "summary": {"covered_lines": 8, "num_statements": 8, "percent_covered": 100.0, "percent_covered_display": "100", "missing_lines": 0, "excluded_lines": 0, "percent_statements_covered": 100.0, "percent_statements_covered_display": "100", "num_branches": 4, "num_partial_branches": 0, "covered_branches": 4, "missing_branches": 0, "percent_branches_covered": 100.0, "percent_branches_covered_display": "100"}, "missing_lines": [], "excluded_lines": [], "start_line": 302, "executed_branches": [[328, 329], [328, 331], [332, 333], [332, 335]], "missing_branches": []}, "OpenFGAAdapter.check": {"executed_lines": [356, 358, 359, 360, 363, 364, 365, 370, 371, 379, 381, 388, 389, 391, 392, 394, 395, 400, 408, 409, 413, 418, 419, 424, 432, 442], "summary": {"covered_lines": 26, "num_statements": 26, "percent_covered": 100.0, "percent_covered_display": "100", "missing_lines": 0, "excluded_lines": 0, "percent_statements_covered": 100.0, "percent_statements_covered_display": "100", "num_branches": 2, "num_partial_branches": 0, "covered_branches": 2, "missing_branches": 0, "percent_branches_covered": 100.0, "percent_branches_covered_display": "100"}, "missing_lines": [], "excluded_lines": [], "start_line": 342, "executed_branches": [[364, 365], [364, 370]], "missing_branches": []}, "OpenFGAAdapter._build_batch_check_items": {"executed_lines": [456, 457, 459, 460, 461, 463, 469, 470, 474, 476], "summary": {"covered_lines": 10, "num_statements": 10, "percent_covered": 100.0, "percent_covered_display": "100", "missing_lines": 0, "excluded_lines": 0, "percent_statements_covered": 100.0, "percent_statements_covered_display": "100", "num_branches": 4, "num_partial_branches": 0, "covered_branches": 4, "missing_branches": 0, "percent_branches_covered": 100.0, "percent_branches_covered_display": "100"}, "missing_lines": [], "excluded_lines": [], "start_line": 444, "executed_branches": [[459, 460], [459, 476], [469, 470], [469, 474]], "missing_branches": []}, "OpenFGAAdapter._process_batch_response": {"executed_lines": [496, 498, 499, 500, 501, 507, 510, 513, 514, 520, 522], "summary": {"covered_lines": 11, "num_statements": 11, "percent_covered": 94.73684210526316, "percent_covered_display": "95", "missing_lines": 0, "excluded_lines": 0, "percent_statements_covered": 100.0, "percent_statements_covered_display": "100", "num_branches": 8, "num_partial_branches": 1, "covered_branches": 7, "missing_branches": 1, "percent_branches_covered": 87.5, "percent_branches_covered_display": "88"}, "missing_lines": [], "excluded_lines": [], "start_line": 478, "executed_branches": [[498, 499], [498, 510], [499, 500], [499, 522], [500, 501], [510, 513], [510, 522]], "missing_branches": [[500, 499]]}, "OpenFGAAdapter.batch_check": {"executed_lines": [540, 541, 542, 544, 545, 546, 548, 550, 551, 554, 557, 558, 559, 561, 562, 563, 565, 568, 572, 577, 578, 580, 581, 582, 590, 591, 596, 604, 612], "summary": {"covered_lines": 29, "num_statements": 29, "percent_covered": 100.0, "percent_covered_display": "100", "missing_lines": 0, "excluded_lines": 0, "percent_statements_covered": 100.0, "percent_statements_covered_display": "100", "num_branches": 6, "num_partial_branches": 0, "covered_branches": 6, "missing_branches": 0, "percent_branches_covered": 100.0, "percent_branches_covered_display": "100"}, "missing_lines": [], "excluded_lines": [], "start_line": 524, "executed_branches": [[540, 541], [540, 544], [544, 545], [544, 548], [558, 559], [558, 561]], "missing_branches": []}, "OpenFGAAdapter.check_relation": {"executed_lines": [633, 640, 642, 643, 645, 646, 653, 655, 662, 663, 671, 672], "summary": {"covered_lines": 12, "num_statements": 12, "percent_covered": 100.0, "percent_covered_display": "100", "missing_lines": 0, "excluded_lines": 0, "percent_statements_covered": 100.0, "percent_statements_covered_display": "100", "num_branches": 0, "num_partial_branches": 0, "covered_branches": 0, "missing_branches": 0, "percent_branches_covered": 100.0, "percent_branches_covered_display": "100"}, "missing_lines": [], "excluded_lines": [], "start_line": 614, "executed_branches": [], "missing_branches": []}, "OpenFGAAdapter.list_user_relations": {"executed_lines": [697, 699, 701, 702, 703, 704, 705, 706, 708, 725, 732], "summary": {"covered_lines": 11, "num_statements": 14, "percent_covered": 83.33333333333333, "percent_covered_display": "83", "missing_lines": 3, "excluded_lines": 0, "percent_statements_covered": 78.57142857142857, "percent_statements_covered_display": "79", "num_branches": 4, "num_partial_branches": 0, "covered_branches": 4, "missing_branches": 0, "percent_branches_covered": 100.0, "percent_branches_covered_display": "100"}, "missing_lines": [710, 711, 717], "excluded_lines": [], "start_line": 680, "executed_branches": [[701, 702], [701, 725], [704, 701], [704, 705]], "missing_branches": []}, "OpenFGAAdapter.write_tuple": {"executed_lines": [748, 749, 750, 752, 753, 754, 755, 757, 758, 760, 767, 768, 772, 779, 780, 788, 789, 793], "summary": {"covered_lines": 18, "num_statements": 18, "percent_covered": 100.0, "percent_covered_display": "100", "missing_lines": 0, "excluded_lines": 0, "percent_statements_covered": 100.0, "percent_statements_covered_display": "100", "num_branches": 2, "num_partial_branches": 0, "covered_branches": 2, "missing_branches": 0, "percent_branches_covered": 100.0, "percent_branches_covered_display": "100"}, "missing_lines": [], "excluded_lines": [], "start_line": 738, "executed_branches": [[754, 755], [754, 757]], "missing_branches": []}, "OpenFGAAdapter.write_tuples": {"executed_lines": [812, 813, 814, 816, 817, 818, 820, 821, 822, 824, 825, 826, 827, 829, 830, 832, 837, 838, 845, 846, 854, 855], "summary": {"covered_lines": 22, "num_statements": 22, "percent_covered": 100.0, "percent_covered_display": "100", "missing_lines": 0, "excluded_lines": 0, "percent_statements_covered": 100.0, "percent_statements_covered_display": "100", "num_branches": 6, "num_partial_branches": 0, "covered_branches": 6, "missing_branches": 0, "percent_branches_covered": 100.0, "percent_branches_covered_display": "100"}, "missing_lines": [], "excluded_lines": [], "start_line": 801, "executed_branches": [[812, 813], [812, 816], [816, 817], [816, 820], [826, 827], [826, 829]], "missing_branches": []}, "OpenFGAAdapter.delete_tuple": {"executed_lines": [872, 873, 874, 876, 877, 878, 879, 881, 882, 884, 891, 892, 900, 901, 905], "summary": {"covered_lines": 15, "num_statements": 15, "percent_covered": 100.0, "percent_covered_display": "100", "missing_lines": 0, "excluded_lines": 0, "percent_statements_covered": 100.0, "percent_statements_covered_display": "100", "num_branches": 2, "num_partial_branches": 0, "covered_branches": 2, "missing_branches": 0, "percent_branches_covered": 100.0, "percent_branches_covered_display": "100"}, "missing_lines": [], "excluded_lines": [], "start_line": 863, "executed_branches": [[878, 879], [878, 881]], "missing_branches": []}, "OpenFGAAdapter.delete_tuples": {"executed_lines": [923, 924, 925, 927, 928, 929, 931, 932, 933, 935, 936, 937, 938, 940, 941, 943, 948, 949, 957, 958], "summary": {"covered_lines": 20, "num_statements": 20, "percent_covered": 100.0, "percent_covered_display": "100", "missing_lines": 0, "excluded_lines": 0, "percent_statements_covered": 100.0, "percent_statements_covered_display": "100", "num_branches": 6, "num_partial_branches": 0, "covered_branches": 6, "missing_branches": 0, "percent_branches_covered": 100.0, "percent_branches_covered_display": "100"}, "missing_lines": [], "excluded_lines": [], "start_line": 913, "executed_branches": [[923, 924], [923, 927], [927, 928], [927, 931], [937, 938], [937, 940]], "missing_branches": []}, "OpenFGAAdapter.read_tuples": {"executed_lines": [985, 986, 989, 990, 991, 992, 993, 994, 995, 997, 998, 1001, 1002, 1003, 1004, 1005, 1006, 1011, 1013, 1014, 1022, 1023, 1027, 1035, 1043], "summary": {"covered_lines": 25, "num_statements": 25, "percent_covered": 97.29729729729729, "percent_covered_display": "97", "missing_lines": 0, "excluded_lines": 0, "percent_statements_covered": 100.0, "percent_statements_covered_display": "100", "num_branches": 12, "num_partial_branches": 1, "covered_branches": 11, "missing_branches": 1, "percent_branches_covered": 91.66666666666667, "percent_branches_covered_display": "92"}, "missing_lines": [], "excluded_lines": [], "start_line": 966, "executed_branches": [[990, 991], [990, 992], [992, 993], [992, 994], [994, 995], [994, 997], [1002, 1003], [1002, 1035], [1003, 1004], [1003, 1035], [1004, 1005]], "missing_branches": [[1004, 1003]]}, "OpenFGAAdapter.read_tuples_for_resource": {"executed_lines": [1060], "summary": {"covered_lines": 1, "num_statements": 1, "percent_covered": 100.0, "percent_covered_display": "100", "missing_lines": 0, "excluded_lines": 0, "percent_statements_covered": 100.0, "percent_statements_covered_display": "100", "num_branches": 0, "num_partial_branches": 0, "covered_branches": 0, "missing_branches": 0, "percent_branches_covered": 100.0, "percent_branches_covered_display": "100"}, "missing_lines": [], "excluded_lines": [], "start_line": 1045, "executed_branches": [], "missing_branches": []}, "OpenFGAAdapter.read_tuples_for_user": {"executed_lines": [1077], "summary": {"covered_lines": 1, "num_statements": 1, "percent_covered": 100.0, "percent_covered_display": "100", "missing_lines": 0, "excluded_lines": 0, "percent_statements_covered": 100.0, "percent_statements_covered_display": "100", "num_branches": 0, "num_partial_branches": 0, "covered_branches": 0, "missing_branches": 0, "percent_branches_covered": 100.0, "percent_branches_covered_display": "100"}, "missing_lines": [], "excluded_lines": [], "start_line": 1062, "executed_branches": [], "missing_branches": []}, "OpenFGAAdapter.tuple_exists": {"executed_lines": [1098, 1099], "summary": {"covered_lines": 2, "num_statements": 2, "percent_covered": 100.0, "percent_covered_display": "100", "missing_lines": 0, "excluded_lines": 0, "percent_statements_covered": 100.0, "percent_statements_covered_display": "100", "num_branches": 0, "num_partial_branches": 0, "covered_branches": 0, "missing_branches": 0, "percent_branches_covered": 100.0, "percent_branches_covered_display": "100"}, "missing_lines": [], "excluded_lines": [], "start_line": 1079, "executed_branches": [], "missing_branches": []}, "OpenFGAAdapter.get_model_id": {"executed_lines": [1115, 1116, 1118, 1119, 1121, 1122, 1127, 1128, 1130, 1131, 1133, 1134, 1140, 1141, 1147, 1148, 1149, 1151, 1156], "summary": {"covered_lines": 19, "num_statements": 19, "percent_covered": 100.0, "percent_covered_display": "100", "missing_lines": 0, "excluded_lines": 0, "percent_statements_covered": 100.0, "percent_statements_covered_display": "100", "num_branches": 2, "num_partial_branches": 0, "covered_branches": 2, "missing_branches": 0, "percent_branches_covered": 100.0, "percent_branches_covered_display": "100"}, "missing_lines": [], "excluded_lines": [], "start_line": 1105, "executed_branches": [[1121, 1122], [1121, 1147]], "missing_branches": []}, "OpenFGAAdapter.validate_model": {"executed_lines": [1167, 1168, 1170, 1171, 1173, 1174, 1177], "summary": {"covered_lines": 7, "num_statements": 7, "percent_covered": 100.0, "percent_covered_display": "100", "missing_lines": 0, "excluded_lines": 0, "percent_statements_covered": 100.0, "percent_statements_covered_display": "100", "num_branches": 0, "num_partial_branches": 0, "covered_branches": 0, "missing_branches": 0, "percent_branches_covered": 100.0, "percent_branches_covered_display": "100"}, "missing_lines": [], "excluded_lines": [], "start_line": 1158, "executed_branches": [], "missing_branches": []}, "OpenFGAAdapter.health_check": {"executed_lines": [1185, 1186, 1189, 1190, 1192, 1193, 1197, 1199, 1200], "summary": {"covered_lines": 9, "num_statements": 9, "percent_covered": 100.0, "percent_covered_display": "100", "missing_lines": 0, "excluded_lines": 0, "percent_statements_covered": 100.0, "percent_statements_covered_display": "100", "num_branches": 0, "num_partial_branches": 0, "covered_branches": 0, "missing_branches": 0, "percent_branches_covered": 100.0, "percent_branches_covered_display": "100"}, "missing_lines": [], "excluded_lines": [], "start_line": 1179, "executed_branches": [], "missing_branches": []}, "": {"executed_lines": [18, 20, 21, 23, 24, 25, 32, 33, 34, 41, 46, 61, 66, 69, 72, 76, 102, 149, 207, 218, 237, 263, 278, 296, 302, 342, 444, 478, 524, 614, 680, 738, 801, 863, 913, 966, 1045, 1062, 1079, 1105, 1158, 1179, 1203], "summary": {"covered_lines": 43, "num_statements": 43, "percent_covered": 100.0, "percent_covered_display": "100", "missing_lines": 0, "excluded_lines": 2, "percent_statements_covered": 100.0, "percent_statements_covered_display": "100", "num_branches": 0, "num_partial_branches": 0, "covered_branches": 0, "missing_branches": 0, "percent_branches_covered": 100.0, "percent_branches_covered_display": "100"}, "missing_lines": [], "excluded_lines": [63, 64], "start_line": 1, "executed_branches": [], "missing_branches": []}}, "classes": {"OpenFGAAdapterError": {"executed_lines": [], "summary": {"covered_lines": 0, "num_statements": 0, "percent_covered": 100.0, "percent_covered_display": "100", "missing_lines": 0, "excluded_lines": 0, "percent_statements_covered": 100.0, "percent_statements_covered_display": "100", "num_branches": 0, "num_partial_branches": 0, "covered_branches": 0, "missing_branches": 0, "percent_branches_covered": 100.0, "percent_branches_covered_display": "100"}, "missing_lines": [], "excluded_lines": [], "start_line": 72, "executed_branches": [], "missing_branches": []}, "OpenFGAAdapter": {"executed_lines": [114, 115, 116, 117, 118, 119, 120, 121, 122, 125, 132, 133, 136, 139, 141, 158, 159, 161, 162, 164, 166, 167, 169, 174, 177, 178, 184, 185, 195, 197, 198, 200, 212, 213, 214, 215, 216, 227, 228, 230, 231, 235, 250, 251, 254, 255, 256, 261, 272, 294, 322, 328, 329, 331, 332, 333, 335, 336, 356, 358, 359, 360, 363, 364, 365, 370, 371, 379, 381, 388, 389, 391, 392, 394, 395, 400, 408, 409, 413, 418, 419, 424, 432, 442, 456, 457, 459, 460, 461, 463, 469, 470, 474, 476, 496, 498, 499, 500, 501, 507, 510, 513, 514, 520, 522, 540, 541, 542, 544, 545, 546, 548, 550, 551, 554, 557, 558, 559, 561, 562, 563, 565, 568, 572, 577, 578, 580, 581, 582, 590, 591, 596, 604, 612, 633, 640, 642, 643, 645, 646, 653, 655, 662, 663, 671, 672, 697, 699, 701, 702, 703, 704, 705, 706, 708, 725, 732, 748, 749, 750, 752, 753, 754, 755, 757, 758, 760, 767, 768, 772, 779, 780, 788, 789, 793, 812, 813, 814, 816, 817, 818, 820, 821, 822, 824, 825, 826, 827, 829, 830, 832, 837, 838, 845, 846, 854, 855, 872, 873, 874, 876, 877, 878, 879, 881, 882, 884, 891, 892, 900, 901, 905, 923, 924, 925, 927, 928, 929, 931, 932, 933, 935, 936, 937, 938, 940, 941, 943, 948, 949, 957, 958, 985, 986, 989, 990, 991, 992, 993, 994, 995, 997, 998, 1001, 1002, 1003, 1004, 1005, 1006, 1011, 1013, 1014, 1022, 1023, 1027, 1035, 1043, 1060, 1077, 1098, 1099, 1115, 1116, 1118, 1119, 1121, 1122, 1127, 1128, 1130, 1131, 1133, 1134, 1140, 1141, 1147, 1148, 1149, 1151, 1156, 1167, 1168, 1170, 1171, 1173, 1174, 1177, 1185, 1186, 1189, 1190, 1192, 1193, 1197, 1199, 1200], "summary": {"covered_lines": 296, "num_statements": 300, "percent_covered": 98.15789473684211, "percent_covered_display": "98", "missing_lines": 4, "excluded_lines": 0, "percent_statements_covered": 98.66666666666667, "percent_statements_covered_display": "99", "num_branches": 80, "num_partial_branches": 3, "covered_branches": 77, "missing_branches": 3, "percent_branches_covered": 96.25, "percent_branches_covered_display": "96"}, "missing_lines": [175, 710, 711, 717], "excluded_lines": [], "start_line": 76, "executed_branches": [[158, 159], [158, 161], [161, 162], [161, 164], [164, 166], [164, 169], [174, 177], [177, 178], [177, 184], [184, 185], [184, 195], [212, -207], [212, 213], [227, 228], [227, 230], [230, 231], [230, 235], [250, 251], [250, 254], [255, 256], [255, 261], [328, 329], [328, 331], [332, 333], [332, 335], [364, 365], [364, 370], [459, 460], [459, 476], [469, 470], [469, 474], [498, 499], [498, 510], [499, 500], [499, 522], [500, 501], [510, 513], [510, 522], [540, 541], [540, 544], [544, 545], [544, 548], [558, 559], [558, 561], [701, 702], [701, 725], [704, 701], [704, 705], [754, 755], [754, 757], [812, 813], [812, 816], [816, 817], [816, 820], [826, 827], [826, 829], [878, 879], [878, 881], [923, 924], [923, 927], [927, 928], [927, 931], [937, 938], [937, 940], [990, 991], [990, 992], [992, 993], [992, 994], [994, 995], [994, 997], [1002, 1003], [1002, 1035], [1003, 1004], [1003, 1035], [1004, 1005], [1121, 1122], [1121, 1147]], "missing_branches": [[174, 175], [500, 499], [1004, 1003]]}, "": {"executed_lines": [18, 20, 21, 23, 24, 25, 32, 33, 34, 41, 46, 61, 66, 69, 72, 76, 102, 149, 207, 218, 237, 263, 278, 296, 302, 342, 444, 478, 524, 614, 680, 738, 801, 863, 913, 966, 1045, 1062, 1079, 1105, 1158, 1179, 1203], "summary": {"covered_lines": 43, "num_statements": 43, "percent_covered": 100.0, "percent_covered_display": "100", "missing_lines": 0, "excluded_lines": 2, "percent_statements_covered": 100.0, "percent_statements_covered_display": "100", "num_branches": 0, "num_partial_branches": 0, "covered_branches": 0, "missing_branches": 0, "percent_branches_covered": 100.0, "percent_branches_covered_display": "100"}, "missing_lines": [], "excluded_lines": [63, 64], "start_line": 1, "executed_branches": [], "missing_branches": []}}}, "src/siopv/adapters/dlp/__init__.py": {"executed_lines": [3, 5, 6, 7, 9], "summary": {"covered_lines": 5, "num_statements": 5, "percent_covered": 100.0, "percent_covered_display": "100", "missing_lines": 0, "excluded_lines": 0, "percent_statements_covered": 100.0, "percent_statements_covered_display": "100", "num_branches": 0, "num_partial_branches": 0, "covered_branches": 0, "missing_branches": 0, "percent_branches_covered": 100.0, "percent_branches_covered_display": "100"}, "missing_lines": [], "excluded_lines": [], "executed_branches": [], "missing_branches": [], "functions": {"": {"executed_lines": [3, 5, 6, 7, 9], "summary": {"covered_lines": 5, "num_statements": 5, "percent_covered": 100.0, "percent_covered_display": "100", "missing_lines": 0, "excluded_lines": 0, "percent_statements_covered": 100.0, "percent_statements_covered_display": "100", "num_branches": 0, "num_partial_branches": 0, "covered_branches": 0, "missing_branches": 0, "percent_branches_covered": 100.0, "percent_branches_covered_display": "100"}, "missing_lines": [], "excluded_lines": [], "start_line": 1, "executed_branches": [], "missing_branches": []}}, "classes": {"": {"executed_lines": [3, 5, 6, 7, 9], "summary": {"covered_lines": 5, "num_statements": 5, "percent_covered": 100.0, "percent_covered_display": "100", "missing_lines": 0, "excluded_lines": 0, "percent_statements_covered": 100.0, "percent_statements_covered_display": "100", "num_branches": 0, "num_partial_branches": 0, "covered_branches": 0, "missing_branches": 0, "percent_branches_covered": 100.0, "percent_branches_covered_display": "100"}, "missing_lines": [], "excluded_lines": [], "start_line": 1, "executed_branches": [], "missing_branches": []}}}, "src/siopv/adapters/dlp/_haiku_utils.py": {"executed_lines": [3, 5, 6, 9, 12, 14, 17, 19, 22, 27, 28, 31], "summary": {"covered_lines": 12, "num_statements": 12, "percent_covered": 100.0, "percent_covered_display": "100", "missing_lines": 0, "excluded_lines": 0, "percent_statements_covered": 100.0, "percent_statements_covered_display": "100", "num_branches": 0, "num_partial_branches": 0, "covered_branches": 0, "missing_branches": 0, "percent_branches_covered": 100.0, "percent_branches_covered_display": "100"}, "missing_lines": [], "excluded_lines": [], "executed_branches": [], "missing_branches": [], "functions": {"create_haiku_client": {"executed_lines": [14], "summary": {"covered_lines": 1, "num_statements": 1, "percent_covered": 100.0, "percent_covered_display": "100", "missing_lines": 0, "excluded_lines": 0, "percent_statements_covered": 100.0, "percent_statements_covered_display": "100", "num_branches": 0, "num_partial_branches": 0, "covered_branches": 0, "missing_branches": 0, "percent_branches_covered": 100.0, "percent_branches_covered_display": "100"}, "missing_lines": [], "excluded_lines": [], "start_line": 12, "executed_branches": [], "missing_branches": []}, "truncate_for_haiku": {"executed_lines": [19], "summary": {"covered_lines": 1, "num_statements": 1, "percent_covered": 100.0, "percent_covered_display": "100", "missing_lines": 0, "excluded_lines": 0, "percent_statements_covered": 100.0, "percent_statements_covered_display": "100", "num_branches": 0, "num_partial_branches": 0, "covered_branches": 0, "missing_branches": 0, "percent_branches_covered": 100.0, "percent_branches_covered_display": "100"}, "missing_lines": [], "excluded_lines": [], "start_line": 17, "executed_branches": [], "missing_branches": []}, "extract_text_from_response": {"executed_lines": [27, 28], "summary": {"covered_lines": 2, "num_statements": 2, "percent_covered": 100.0, "percent_covered_display": "100", "missing_lines": 0, "excluded_lines": 0, "percent_statements_covered": 100.0, "percent_statements_covered_display": "100", "num_branches": 0, "num_partial_branches": 0, "covered_branches": 0, "missing_branches": 0, "percent_branches_covered": 100.0, "percent_branches_covered_display": "100"}, "missing_lines": [], "excluded_lines": [], "start_line": 22, "executed_branches": [], "missing_branches": []}, "": {"executed_lines": [3, 5, 6, 9, 12, 17, 22, 31], "summary": {"covered_lines": 8, "num_statements": 8, "percent_covered": 100.0, "percent_covered_display": "100", "missing_lines": 0, "excluded_lines": 0, "percent_statements_covered": 100.0, "percent_statements_covered_display": "100", "num_branches": 0, "num_partial_branches": 0, "covered_branches": 0, "missing_branches": 0, "percent_branches_covered": 100.0, "percent_branches_covered_display": "100"}, "missing_lines": [], "excluded_lines": [], "start_line": 1, "executed_branches": [], "missing_branches": []}}, "classes": {"": {"executed_lines": [3, 5, 6, 9, 12, 14, 17, 19, 22, 27, 28, 31], "summary": {"covered_lines": 12, "num_statements": 12, "percent_covered": 100.0, "percent_covered_display": "100", "missing_lines": 0, "excluded_lines": 0, "percent_statements_covered": 100.0, "percent_statements_covered_display": "100", "num_branches": 0, "num_partial_branches": 0, "covered_branches": 0, "missing_branches": 0, "percent_branches_covered": 100.0, "percent_branches_covered_display": "100"}, "missing_lines": [], "excluded_lines": [], "start_line": 1, "executed_branches": [], "missing_branches": []}}}, "src/siopv/adapters/dlp/dual_layer_adapter.py": {"executed_lines": [18, 20, 21, 22, 23, 25, 27, 33, 34, 36, 39, 45, 62, 65, 76, 88, 89, 91, 102, 103, 104, 114, 116, 117, 119, 120, 122, 138, 139, 140, 141, 143, 144, 150, 158, 164, 166, 179, 180, 181, 183, 184, 191, 192, 193, 194, 196, 201, 204, 220, 235, 236, 238, 253, 255, 257, 262, 265, 269, 271, 276, 279, 303, 306, 311, 313, 319, 322], "summary": {"covered_lines": 68, "num_statements": 69, "percent_covered": 97.46835443037975, "percent_covered_display": "97", "missing_lines": 1, "excluded_lines": 0, "percent_statements_covered": 98.55072463768116, "percent_statements_covered_display": "99", "num_branches": 10, "num_partial_branches": 1, "covered_branches": 9, "missing_branches": 1, "percent_branches_covered": 90.0, "percent_branches_covered_display": "90"}, "missing_lines": [185], "excluded_lines": [], "executed_branches": [[116, 117], [116, 120], [143, 144], [143, 158], [180, 181], [180, 183], [184, 191], [255, 257], [255, 265]], "missing_branches": [[184, 185]], "functions": {"_HaikuDLPAdapter.__init__": {"executed_lines": [88, 89], "summary": {"covered_lines": 2, "num_statements": 2, "percent_covered": 100.0, "percent_covered_display": "100", "missing_lines": 0, "excluded_lines": 0, "percent_statements_covered": 100.0, "percent_statements_covered_display": "100", "num_branches": 0, "num_partial_branches": 0, "covered_branches": 0, "missing_branches": 0, "percent_branches_covered": 100.0, "percent_branches_covered_display": "100"}, "missing_lines": [], "excluded_lines": [], "start_line": 76, "executed_branches": [], "missing_branches": []}, "_HaikuDLPAdapter._call_haiku_dlp": {"executed_lines": [102, 103, 104, 114, 116, 117, 119, 120], "summary": {"covered_lines": 8, "num_statements": 8, "percent_covered": 100.0, "percent_covered_display": "100", "missing_lines": 0, "excluded_lines": 0, "percent_statements_covered": 100.0, "percent_statements_covered_display": "100", "num_branches": 2, "num_partial_branches": 0, "covered_branches": 2, "missing_branches": 0, "percent_branches_covered": 100.0, "percent_branches_covered_display": "100"}, "missing_lines": [], "excluded_lines": [], "start_line": 91, "executed_branches": [[116, 117], [116, 120]], "missing_branches": []}, "_HaikuDLPAdapter._parse_haiku_response": {"executed_lines": [138, 139, 140, 141, 143, 144, 150, 158, 164], "summary": {"covered_lines": 9, "num_statements": 9, "percent_covered": 100.0, "percent_covered_display": "100", "missing_lines": 0, "excluded_lines": 0, "percent_statements_covered": 100.0, "percent_statements_covered_display": "100", "num_branches": 2, "num_partial_branches": 0, "covered_branches": 2, "missing_branches": 0, "percent_branches_covered": 100.0, "percent_branches_covered_display": "100"}, "missing_lines": [], "excluded_lines": [], "start_line": 122, "executed_branches": [[143, 144], [143, 158]], "missing_branches": []}, "_HaikuDLPAdapter.sanitize": {"executed_lines": [179, 180, 181, 183, 184, 191, 192, 193, 194, 196, 201], "summary": {"covered_lines": 11, "num_statements": 12, "percent_covered": 87.5, "percent_covered_display": "88", "missing_lines": 1, "excluded_lines": 0, "percent_statements_covered": 91.66666666666667, "percent_statements_covered_display": "92", "num_branches": 4, "num_partial_branches": 1, "covered_branches": 3, "missing_branches": 1, "percent_branches_covered": 75.0, "percent_branches_covered_display": "75"}, "missing_lines": [185], "excluded_lines": [], "start_line": 166, "executed_branches": [[180, 181], [180, 183], [184, 191]], "missing_branches": [[184, 185]]}, "DualLayerDLPAdapter.__init__": {"executed_lines": [235, 236], "summary": {"covered_lines": 2, "num_statements": 2, "percent_covered": 100.0, "percent_covered_display": "100", "missing_lines": 0, "excluded_lines": 0, "percent_statements_covered": 100.0, "percent_statements_covered_display": "100", "num_branches": 0, "num_partial_branches": 0, "covered_branches": 0, "missing_branches": 0, "percent_branches_covered": 100.0, "percent_branches_covered_display": "100"}, "missing_lines": [], "excluded_lines": [], "start_line": 220, "executed_branches": [], "missing_branches": []}, "DualLayerDLPAdapter.sanitize": {"executed_lines": [253, 255, 257, 262, 265, 269, 271, 276], "summary": {"covered_lines": 8, "num_statements": 8, "percent_covered": 100.0, "percent_covered_display": "100", "missing_lines": 0, "excluded_lines": 0, "percent_statements_covered": 100.0, "percent_statements_covered_display": "100", "num_branches": 2, "num_partial_branches": 0, "covered_branches": 2, "missing_branches": 0, "percent_branches_covered": 100.0, "percent_branches_covered_display": "100"}, "missing_lines": [], "excluded_lines": [], "start_line": 238, "executed_branches": [[255, 257], [255, 265]], "missing_branches": []}, "create_dual_layer_adapter": {"executed_lines": [303, 306, 311, 313, 319], "summary": {"covered_lines": 5, "num_statements": 5, "percent_covered": 100.0, "percent_covered_display": "100", "missing_lines": 0, "excluded_lines": 0, "percent_statements_covered": 100.0, "percent_statements_covered_display": "100", "num_branches": 0, "num_partial_branches": 0, "covered_branches": 0, "missing_branches": 0, "percent_branches_covered": 100.0, "percent_branches_covered_display": "100"}, "missing_lines": [], "excluded_lines": [], "start_line": 279, "executed_branches": [], "missing_branches": []}, "": {"executed_lines": [18, 20, 21, 22, 23, 25, 27, 33, 34, 36, 39, 45, 62, 65, 76, 91, 122, 166, 204, 220, 238, 279, 322], "summary": {"covered_lines": 23, "num_statements": 23, "percent_covered": 100.0, "percent_covered_display": "100", "missing_lines": 0, "excluded_lines": 0, "percent_statements_covered": 100.0, "percent_statements_covered_display": "100", "num_branches": 0, "num_partial_branches": 0, "covered_branches": 0, "missing_branches": 0, "percent_branches_covered": 100.0, "percent_branches_covered_display": "100"}, "missing_lines": [], "excluded_lines": [], "start_line": 1, "executed_branches": [], "missing_branches": []}}, "classes": {"_HaikuDLPAdapter": {"executed_lines": [88, 89, 102, 103, 104, 114, 116, 117, 119, 120, 138, 139, 140, 141, 143, 144, 150, 158, 164, 179, 180, 181, 183, 184, 191, 192, 193, 194, 196, 201], "summary": {"covered_lines": 30, "num_statements": 31, "percent_covered": 94.87179487179488, "percent_covered_display": "95", "missing_lines": 1, "excluded_lines": 0, "percent_statements_covered": 96.7741935483871, "percent_statements_covered_display": "97", "num_branches": 8, "num_partial_branches": 1, "covered_branches": 7, "missing_branches": 1, "percent_branches_covered": 87.5, "percent_branches_covered_display": "88"}, "missing_lines": [185], "excluded_lines": [], "start_line": 65, "executed_branches": [[116, 117], [116, 120], [143, 144], [143, 158], [180, 181], [180, 183], [184, 191]], "missing_branches": [[184, 185]]}, "DualLayerDLPAdapter": {"executed_lines": [235, 236, 253, 255, 257, 262, 265, 269, 271, 276], "summary": {"covered_lines": 10, "num_statements": 10, "percent_covered": 100.0, "percent_covered_display": "100", "missing_lines": 0, "excluded_lines": 0, "percent_statements_covered": 100.0, "percent_statements_covered_display": "100", "num_branches": 2, "num_partial_branches": 0, "covered_branches": 2, "missing_branches": 0, "percent_branches_covered": 100.0, "percent_branches_covered_display": "100"}, "missing_lines": [], "excluded_lines": [], "start_line": 204, "executed_branches": [[255, 257], [255, 265]], "missing_branches": []}, "": {"executed_lines": [18, 20, 21, 22, 23, 25, 27, 33, 34, 36, 39, 45, 62, 65, 76, 91, 122, 166, 204, 220, 238, 279, 303, 306, 311, 313, 319, 322], "summary": {"covered_lines": 28, "num_statements": 28, "percent_covered": 100.0, "percent_covered_display": "100", "missing_lines": 0, "excluded_lines": 0, "percent_statements_covered": 100.0, "percent_statements_covered_display": "100", "num_branches": 0, "num_partial_branches": 0, "covered_branches": 0, "missing_branches": 0, "percent_branches_covered": 100.0, "percent_branches_covered_display": "100"}, "missing_lines": [], "excluded_lines": [], "start_line": 1, "executed_branches": [], "missing_branches": []}}}, "src/siopv/adapters/dlp/haiku_validator.py": {"executed_lines": [11, 13, 14, 15, 17, 19, 26, 29, 34, 36, 52, 60, 71, 72, 74, 83, 84, 93, 95, 109, 110, 111, 112, 113, 120, 122, 127, 129, 131, 148, 149, 150, 153, 154, 155, 161, 164], "summary": {"covered_lines": 37, "num_statements": 37, "percent_covered": 100.0, "percent_covered_display": "100", "missing_lines": 0, "excluded_lines": 2, "percent_statements_covered": 100.0, "percent_statements_covered_display": "100", "num_branches": 4, "num_partial_branches": 0, "covered_branches": 4, "missing_branches": 0, "percent_branches_covered": 100.0, "percent_branches_covered_display": "100"}, "missing_lines": [], "excluded_lines": [31, 32], "executed_branches": [[148, 149], [148, 153], [154, 155], [154, 161]], "missing_branches": [], "functions": {"HaikuSemanticValidatorAdapter.__init__": {"executed_lines": [71, 72], "summary": {"covered_lines": 2, "num_statements": 2, "percent_covered": 100.0, "percent_covered_display": "100", "missing_lines": 0, "excluded_lines": 0, "percent_statements_covered": 100.0, "percent_statements_covered_display": "100", "num_branches": 0, "num_partial_branches": 0, "covered_branches": 0, "missing_branches": 0, "percent_branches_covered": 100.0, "percent_branches_covered_display": "100"}, "missing_lines": [], "excluded_lines": [], "start_line": 60, "executed_branches": [], "missing_branches": []}, "HaikuSemanticValidatorAdapter._call_haiku": {"executed_lines": [83, 84, 93], "summary": {"covered_lines": 3, "num_statements": 3, "percent_covered": 100.0, "percent_covered_display": "100", "missing_lines": 0, "excluded_lines": 0, "percent_statements_covered": 100.0, "percent_statements_covered_display": "100", "num_branches": 0, "num_partial_branches": 0, "covered_branches": 0, "missing_branches": 0, "percent_branches_covered": 100.0, "percent_branches_covered_display": "100"}, "missing_lines": [], "excluded_lines": [], "start_line": 74, "executed_branches": [], "missing_branches": []}, "HaikuSemanticValidatorAdapter._run_haiku_check": {"executed_lines": [109, 110, 111, 112, 113, 120, 122, 127, 129], "summary": {"covered_lines": 9, "num_statements": 9, "percent_covered": 100.0, "percent_covered_display": "100", "missing_lines": 0, "excluded_lines": 0, "percent_statements_covered": 100.0, "percent_statements_covered_display": "100", "num_branches": 0, "num_partial_branches": 0, "covered_branches": 0, "missing_branches": 0, "percent_branches_covered": 100.0, "percent_branches_covered_display": "100"}, "missing_lines": [], "excluded_lines": [], "start_line": 95, "executed_branches": [], "missing_branches": []}, "HaikuSemanticValidatorAdapter.validate": {"executed_lines": [148, 149, 150, 153, 154, 155, 161], "summary": {"covered_lines": 7, "num_statements": 7, "percent_covered": 100.0, "percent_covered_display": "100", "missing_lines": 0, "excluded_lines": 0, "percent_statements_covered": 100.0, "percent_statements_covered_display": "100", "num_branches": 4, "num_partial_branches": 0, "covered_branches": 4, "missing_branches": 0, "percent_branches_covered": 100.0, "percent_branches_covered_display": "100"}, "missing_lines": [], "excluded_lines": [], "start_line": 131, "executed_branches": [[148, 149], [148, 153], [154, 155], [154, 161]], "missing_branches": []}, "": {"executed_lines": [11, 13, 14, 15, 17, 19, 26, 29, 34, 36, 52, 60, 74, 95, 131, 164], "summary": {"covered_lines": 16, "num_statements": 16, "percent_covered": 100.0, "percent_covered_display": "100", "missing_lines": 0, "excluded_lines": 2, "percent_statements_covered": 100.0, "percent_statements_covered_display": "100", "num_branches": 0, "num_partial_branches": 0, "covered_branches": 0, "missing_branches": 0, "percent_branches_covered": 100.0, "percent_branches_covered_display": "100"}, "missing_lines": [], "excluded_lines": [31, 32], "start_line": 1, "executed_branches": [], "missing_branches": []}}, "classes": {"HaikuSemanticValidatorAdapter": {"executed_lines": [71, 72, 83, 84, 93, 109, 110, 111, 112, 113, 120, 122, 127, 129, 148, 149, 150, 153, 154, 155, 161], "summary": {"covered_lines": 21, "num_statements": 21, "percent_covered": 100.0, "percent_covered_display": "100", "missing_lines": 0, "excluded_lines": 0, "percent_statements_covered": 100.0, "percent_statements_covered_display": "100", "num_branches": 4, "num_partial_branches": 0, "covered_branches": 4, "missing_branches": 0, "percent_branches_covered": 100.0, "percent_branches_covered_display": "100"}, "missing_lines": [], "excluded_lines": [], "start_line": 52, "executed_branches": [[148, 149], [148, 153], [154, 155], [154, 161]], "missing_branches": []}, "": {"executed_lines": [11, 13, 14, 15, 17, 19, 26, 29, 34, 36, 52, 60, 74, 95, 131, 164], "summary": {"covered_lines": 16, "num_statements": 16, "percent_covered": 100.0, "percent_covered_display": "100", "missing_lines": 0, "excluded_lines": 2, "percent_statements_covered": 100.0, "percent_statements_covered_display": "100", "num_branches": 0, "num_partial_branches": 0, "covered_branches": 0, "missing_branches": 0, "percent_branches_covered": 100.0, "percent_branches_covered_display": "100"}, "missing_lines": [], "excluded_lines": [31, 32], "start_line": 1, "executed_branches": [], "missing_branches": []}}}, "src/siopv/adapters/dlp/presidio_adapter.py": {"executed_lines": [10, 12, 13, 14, 16, 18, 19, 20, 21, 23, 24, 25, 26, 27, 28, 33, 34, 35, 36, 41, 42, 43, 47, 50, 53, 56, 68, 69, 70, 72, 75, 80, 84, 86, 87, 90, 99, 100, 101, 103, 104, 107, 122, 123, 127, 129, 134, 144, 147, 168, 169, 175, 176, 177, 178, 179, 180, 183, 202, 210, 219, 229, 243, 244, 246, 247, 248, 252, 258, 263, 279, 280, 283, 284, 289, 290, 291, 292, 297, 302], "summary": {"covered_lines": 80, "num_statements": 88, "percent_covered": 92.0, "percent_covered_display": "92", "missing_lines": 8, "excluded_lines": 0, "percent_statements_covered": 90.9090909090909, "percent_statements_covered_display": "91", "num_branches": 12, "num_partial_branches": 0, "covered_branches": 12, "missing_branches": 0, "percent_branches_covered": 100.0, "percent_branches_covered_display": "100"}, "missing_lines": [29, 30, 31, 37, 38, 39, 44, 45], "excluded_lines": [], "executed_branches": [[68, 69], [68, 72], [99, 100], [99, 103], [175, 176], [175, 177], [247, 248], [247, 258], [279, 280], [279, 283], [291, 292], [291, 297]], "missing_branches": [], "functions": {"_build_analyzer": {"executed_lines": [68, 69, 70, 72, 75, 80, 84, 86, 87], "summary": {"covered_lines": 9, "num_statements": 9, "percent_covered": 100.0, "percent_covered_display": "100", "missing_lines": 0, "excluded_lines": 0, "percent_statements_covered": 100.0, "percent_statements_covered_display": "100", "num_branches": 2, "num_partial_branches": 0, "covered_branches": 2, "missing_branches": 0, "percent_branches_covered": 100.0, "percent_branches_covered_display": "100"}, "missing_lines": [], "excluded_lines": [], "start_line": 56, "executed_branches": [[68, 69], [68, 72]], "missing_branches": []}, "_build_anonymizer": {"executed_lines": [99, 100, 101, 103, 104], "summary": {"covered_lines": 5, "num_statements": 5, "percent_covered": 100.0, "percent_covered_display": "100", "missing_lines": 0, "excluded_lines": 0, "percent_statements_covered": 100.0, "percent_statements_covered_display": "100", "num_branches": 2, "num_partial_branches": 0, "covered_branches": 2, "missing_branches": 0, "percent_branches_covered": 100.0, "percent_branches_covered_display": "100"}, "missing_lines": [], "excluded_lines": [], "start_line": 90, "executed_branches": [[99, 100], [99, 103]], "missing_branches": []}, "_anonymize_and_convert": {"executed_lines": [122, 123, 127, 129, 134, 144], "summary": {"covered_lines": 6, "num_statements": 6, "percent_covered": 100.0, "percent_covered_display": "100", "missing_lines": 0, "excluded_lines": 0, "percent_statements_covered": 100.0, "percent_statements_covered_display": "100", "num_branches": 0, "num_partial_branches": 0, "covered_branches": 0, "missing_branches": 0, "percent_branches_covered": 100.0, "percent_branches_covered_display": "100"}, "missing_lines": [], "excluded_lines": [], "start_line": 107, "executed_branches": [], "missing_branches": []}, "_run_presidio": {"executed_lines": [168, 169, 175, 176, 177, 178, 179, 180], "summary": {"covered_lines": 8, "num_statements": 8, "percent_covered": 100.0, "percent_covered_display": "100", "missing_lines": 0, "excluded_lines": 0, "percent_statements_covered": 100.0, "percent_statements_covered_display": "100", "num_branches": 2, "num_partial_branches": 0, "covered_branches": 2, "missing_branches": 0, "percent_branches_covered": 100.0, "percent_branches_covered_display": "100"}, "missing_lines": [], "excluded_lines": [], "start_line": 147, "executed_branches": [[175, 176], [175, 177]], "missing_branches": []}, "_make_dlp_result": {"executed_lines": [202, 210], "summary": {"covered_lines": 2, "num_statements": 2, "percent_covered": 100.0, "percent_covered_display": "100", "missing_lines": 0, "excluded_lines": 0, "percent_statements_covered": 100.0, "percent_statements_covered_display": "100", "num_branches": 0, "num_partial_branches": 0, "covered_branches": 0, "missing_branches": 0, "percent_branches_covered": 100.0, "percent_branches_covered_display": "100"}, "missing_lines": [], "excluded_lines": [], "start_line": 183, "executed_branches": [], "missing_branches": []}, "PresidioAdapter.__init__": {"executed_lines": [243, 244, 246, 247, 248, 252, 258], "summary": {"covered_lines": 7, "num_statements": 7, "percent_covered": 100.0, "percent_covered_display": "100", "missing_lines": 0, "excluded_lines": 0, "percent_statements_covered": 100.0, "percent_statements_covered_display": "100", "num_branches": 2, "num_partial_branches": 0, "covered_branches": 2, "missing_branches": 0, "percent_branches_covered": 100.0, "percent_branches_covered_display": "100"}, "missing_lines": [], "excluded_lines": [], "start_line": 229, "executed_branches": [[247, 248], [247, 258]], "missing_branches": []}, "PresidioAdapter.sanitize": {"executed_lines": [279, 280, 283, 284, 289, 290, 291, 292, 297], "summary": {"covered_lines": 9, "num_statements": 9, "percent_covered": 100.0, "percent_covered_display": "100", "missing_lines": 0, "excluded_lines": 0, "percent_statements_covered": 100.0, "percent_statements_covered_display": "100", "num_branches": 4, "num_partial_branches": 0, "covered_branches": 4, "missing_branches": 0, "percent_branches_covered": 100.0, "percent_branches_covered_display": "100"}, "missing_lines": [], "excluded_lines": [], "start_line": 263, "executed_branches": [[279, 280], [279, 283], [291, 292], [291, 297]], "missing_branches": []}, "": {"executed_lines": [10, 12, 13, 14, 16, 18, 19, 20, 21, 23, 24, 25, 26, 27, 28, 33, 34, 35, 36, 41, 42, 43, 47, 50, 53, 56, 90, 107, 147, 183, 219, 229, 263, 302], "summary": {"covered_lines": 34, "num_statements": 42, "percent_covered": 80.95238095238095, "percent_covered_display": "81", "missing_lines": 8, "excluded_lines": 0, "percent_statements_covered": 80.95238095238095, "percent_statements_covered_display": "81", "num_branches": 0, "num_partial_branches": 0, "covered_branches": 0, "missing_branches": 0, "percent_branches_covered": 100.0, "percent_branches_covered_display": "100"}, "missing_lines": [29, 30, 31, 37, 38, 39, 44, 45], "excluded_lines": [], "start_line": 1, "executed_branches": [], "missing_branches": []}}, "classes": {"PresidioAdapter": {"executed_lines": [243, 244, 246, 247, 248, 252, 258, 279, 280, 283, 284, 289, 290, 291, 292, 297], "summary": {"covered_lines": 16, "num_statements": 16, "percent_covered": 100.0, "percent_covered_display": "100", "missing_lines": 0, "excluded_lines": 0, "percent_statements_covered": 100.0, "percent_statements_covered_display": "100", "num_branches": 6, "num_partial_branches": 0, "covered_branches": 6, "missing_branches": 0, "percent_branches_covered": 100.0, "percent_branches_covered_display": "100"}, "missing_lines": [], "excluded_lines": [], "start_line": 219, "executed_branches": [[247, 248], [247, 258], [279, 280], [279, 283], [291, 292], [291, 297]], "missing_branches": []}, "": {"executed_lines": [10, 12, 13, 14, 16, 18, 19, 20, 21, 23, 24, 25, 26, 27, 28, 33, 34, 35, 36, 41, 42, 43, 47, 50, 53, 56, 68, 69, 70, 72, 75, 80, 84, 86, 87, 90, 99, 100, 101, 103, 104, 107, 122, 123, 127, 129, 134, 144, 147, 168, 169, 175, 176, 177, 178, 179, 180, 183, 202, 210, 219, 229, 263, 302], "summary": {"covered_lines": 64, "num_statements": 72, "percent_covered": 89.74358974358974, "percent_covered_display": "90", "missing_lines": 8, "excluded_lines": 0, "percent_statements_covered": 88.88888888888889, "percent_statements_covered_display": "89", "num_branches": 6, "num_partial_branches": 0, "covered_branches": 6, "missing_branches": 0, "percent_branches_covered": 100.0, "percent_branches_covered_display": "100"}, "missing_lines": [29, 30, 31, 37, 38, 39, 44, 45], "excluded_lines": [], "start_line": 1, "executed_branches": [[68, 69], [68, 72], [99, 100], [99, 103], [175, 176], [175, 177]], "missing_branches": []}}}, "src/siopv/adapters/external_apis/__init__.py": {"executed_lines": [3, 4, 8, 9, 10, 12], "summary": {"covered_lines": 6, "num_statements": 6, "percent_covered": 100.0, "percent_covered_display": "100", "missing_lines": 0, "excluded_lines": 0, "percent_statements_covered": 100.0, "percent_statements_covered_display": "100", "num_branches": 0, "num_partial_branches": 0, "covered_branches": 0, "missing_branches": 0, "percent_branches_covered": 100.0, "percent_branches_covered_display": "100"}, "missing_lines": [], "excluded_lines": [], "executed_branches": [], "missing_branches": [], "functions": {"": {"executed_lines": [3, 4, 8, 9, 10, 12], "summary": {"covered_lines": 6, "num_statements": 6, "percent_covered": 100.0, "percent_covered_display": "100", "missing_lines": 0, "excluded_lines": 0, "percent_statements_covered": 100.0, "percent_statements_covered_display": "100", "num_branches": 0, "num_partial_branches": 0, "covered_branches": 0, "missing_branches": 0, "percent_branches_covered": 100.0, "percent_branches_covered_display": "100"}, "missing_lines": [], "excluded_lines": [], "start_line": 1, "executed_branches": [], "missing_branches": []}}, "classes": {"": {"executed_lines": [3, 4, 8, 9, 10, 12], "summary": {"covered_lines": 6, "num_statements": 6, "percent_covered": 100.0, "percent_covered_display": "100", "missing_lines": 0, "excluded_lines": 0, "percent_statements_covered": 100.0, "percent_statements_covered_display": "100", "num_branches": 0, "num_partial_branches": 0, "covered_branches": 0, "missing_branches": 0, "percent_branches_covered": 100.0, "percent_branches_covered_display": "100"}, "missing_lines": [], "excluded_lines": [], "start_line": 1, "executed_branches": [], "missing_branches": []}}}, "src/siopv/adapters/external_apis/epss_client.py": {"executed_lines": [9, 11, 13, 14, 15, 22, 23, 24, 25, 30, 35, 38, 42, 52, 86, 100, 106, 112, 139, 200, 206, 231, 291, 297], "summary": {"covered_lines": 24, "num_statements": 121, "percent_covered": 16.551724137931036, "percent_covered_display": "17", "missing_lines": 97, "excluded_lines": 2, "percent_statements_covered": 19.834710743801654, "percent_statements_covered_display": "20", "num_branches": 24, "num_partial_branches": 0, "covered_branches": 0, "missing_branches": 24, "percent_branches_covered": 0.0, "percent_branches_covered_display": "0"}, "missing_lines": [64, 67, 70, 77, 78, 79, 82, 84, 88, 89, 91, 92, 98, 102, 103, 104, 121, 122, 124, 126, 127, 129, 130, 132, 133, 134, 136, 137, 149, 150, 151, 153, 155, 158, 159, 161, 162, 165, 166, 168, 169, 170, 171, 173, 174, 175, 176, 178, 179, 184, 185, 187, 188, 189, 190, 192, 198, 217, 219, 220, 222, 224, 225, 227, 228, 229, 242, 245, 246, 247, 248, 250, 251, 253, 254, 255, 257, 259, 262, 264, 265, 266, 267, 270, 271, 272, 273, 274, 275, 277, 283, 284, 286, 287, 289, 293, 294], "excluded_lines": [32, 33], "executed_branches": [], "missing_branches": [[88, 89], [88, 91], [91, 92], [91, 98], [102, -100], [102, 103], [132, 133], [132, 136], [149, 150], [149, 153], [161, 162], [161, 165], [246, 247], [246, 253], [247, 248], [247, 250], [253, 254], [253, 257], [265, 266], [265, 277], [270, 265], [270, 271], [272, 270], [272, 273]], "functions": {"EPSSClient.__init__": {"executed_lines": [], "summary": {"covered_lines": 0, "num_statements": 8, "percent_covered": 0.0, "percent_covered_display": "0", "missing_lines": 8, "excluded_lines": 0, "percent_statements_covered": 0.0, "percent_statements_covered_display": "0", "num_branches": 0, "num_partial_branches": 0, "covered_branches": 0, "missing_branches": 0, "percent_branches_covered": 100.0, "percent_branches_covered_display": "100"}, "missing_lines": [64, 67, 70, 77, 78, 79, 82, 84], "excluded_lines": [], "start_line": 52, "executed_branches": [], "missing_branches": []}, "EPSSClient._get_client": {"executed_lines": [], "summary": {"covered_lines": 0, "num_statements": 5, "percent_covered": 0.0, "percent_covered_display": "0", "missing_lines": 5, "excluded_lines": 0, "percent_statements_covered": 0.0, "percent_statements_covered_display": "0", "num_branches": 4, "num_partial_branches": 0, "covered_branches": 0, "missing_branches": 4, "percent_branches_covered": 0.0, "percent_branches_covered_display": "0"}, "missing_lines": [88, 89, 91, 92, 98], "excluded_lines": [], "start_line": 86, "executed_branches": [], "missing_branches": [[88, 89], [88, 91], [91, 92], [91, 98]]}, "EPSSClient.close": {"executed_lines": [], "summary": {"covered_lines": 0, "num_statements": 3, "percent_covered": 0.0, "percent_covered_display": "0", "missing_lines": 3, "excluded_lines": 0, "percent_statements_covered": 0.0, "percent_statements_covered_display": "0", "num_branches": 2, "num_partial_branches": 0, "covered_branches": 0, "missing_branches": 2, "percent_branches_covered": 0.0, "percent_branches_covered_display": "0"}, "missing_lines": [102, 103, 104], "excluded_lines": [], "start_line": 100, "executed_branches": [], "missing_branches": [[102, -100], [102, 103]]}, "EPSSClient._fetch_epss": {"executed_lines": [], "summary": {"covered_lines": 0, "num_statements": 12, "percent_covered": 0.0, "percent_covered_display": "0", "missing_lines": 12, "excluded_lines": 0, "percent_statements_covered": 0.0, "percent_statements_covered_display": "0", "num_branches": 2, "num_partial_branches": 0, "covered_branches": 0, "missing_branches": 2, "percent_branches_covered": 0.0, "percent_branches_covered_display": "0"}, "missing_lines": [121, 122, 124, 126, 127, 129, 130, 132, 133, 134, 136, 137], "excluded_lines": [], "start_line": 112, "executed_branches": [], "missing_branches": [[132, 133], [132, 136]]}, "EPSSClient.get_score": {"executed_lines": [], "summary": {"covered_lines": 0, "num_statements": 29, "percent_covered": 0.0, "percent_covered_display": "0", "missing_lines": 29, "excluded_lines": 0, "percent_statements_covered": 0.0, "percent_statements_covered_display": "0", "num_branches": 4, "num_partial_branches": 0, "covered_branches": 0, "missing_branches": 4, "percent_branches_covered": 0.0, "percent_branches_covered_display": "0"}, "missing_lines": [149, 150, 151, 153, 155, 158, 159, 161, 162, 165, 166, 168, 169, 170, 171, 173, 174, 175, 176, 178, 179, 184, 185, 187, 188, 189, 190, 192, 198], "excluded_lines": [], "start_line": 139, "executed_branches": [], "missing_branches": [[149, 150], [149, 153], [161, 162], [161, 165]]}, "EPSSClient._fetch_epss_batch": {"executed_lines": [], "summary": {"covered_lines": 0, "num_statements": 9, "percent_covered": 0.0, "percent_covered_display": "0", "missing_lines": 9, "excluded_lines": 0, "percent_statements_covered": 0.0, "percent_statements_covered_display": "0", "num_branches": 0, "num_partial_branches": 0, "covered_branches": 0, "missing_branches": 0, "percent_branches_covered": 100.0, "percent_branches_covered_display": "100"}, "missing_lines": [217, 219, 220, 222, 224, 225, 227, 228, 229], "excluded_lines": [], "start_line": 206, "executed_branches": [], "missing_branches": []}, "EPSSClient.get_scores_batch": {"executed_lines": [], "summary": {"covered_lines": 0, "num_statements": 29, "percent_covered": 0.0, "percent_covered_display": "0", "missing_lines": 29, "excluded_lines": 0, "percent_statements_covered": 0.0, "percent_statements_covered_display": "0", "num_branches": 12, "num_partial_branches": 0, "covered_branches": 0, "missing_branches": 12, "percent_branches_covered": 0.0, "percent_branches_covered_display": "0"}, "missing_lines": [242, 245, 246, 247, 248, 250, 251, 253, 254, 255, 257, 259, 262, 264, 265, 266, 267, 270, 271, 272, 273, 274, 275, 277, 283, 284, 286, 287, 289], "excluded_lines": [], "start_line": 231, "executed_branches": [], "missing_branches": [[246, 247], [246, 253], [247, 248], [247, 250], [253, 254], [253, 257], [265, 266], [265, 277], [270, 265], [270, 271], [272, 270], [272, 273]]}, "EPSSClient.clear_cache": {"executed_lines": [], "summary": {"covered_lines": 0, "num_statements": 2, "percent_covered": 0.0, "percent_covered_display": "0", "missing_lines": 2, "excluded_lines": 0, "percent_statements_covered": 0.0, "percent_statements_covered_display": "0", "num_branches": 0, "num_partial_branches": 0, "covered_branches": 0, "missing_branches": 0, "percent_branches_covered": 100.0, "percent_branches_covered_display": "100"}, "missing_lines": [293, 294], "excluded_lines": [], "start_l
[...]
0.0, "percent_statements_covered_display": "100", "num_branches": 0, "num_partial_branches": 0, "covered_branches": 0, "missing_branches": 0, "percent_branches_covered": 100.0, "percent_branches_covered_display": "100"}, "missing_lines": [], "excluded_lines": [], "start_line": 235, "executed_branches": [], "missing_branches": []}, "RateLimiter.get_stats": {"executed_lines": [243], "summary": {"covered_lines": 1, "num_statements": 1, "percent_covered": 100.0, "percent_covered_display": "100", "missing_lines": 0, "excluded_lines": 0, "percent_statements_covered": 100.0, "percent_statements_covered_display": "100", "num_branches": 0, "num_partial_branches": 0, "covered_branches": 0, "missing_branches": 0, "percent_branches_covered": 100.0, "percent_branches_covered_display": "100"}, "missing_lines": [], "excluded_lines": [], "start_line": 241, "executed_branches": [], "missing_branches": []}, "create_nvd_rate_limiter": {"executed_lines": [263, 264], "summary": {"covered_lines": 2, "num_statements": 2, "percent_covered": 100.0, "percent_covered_display": "100", "missing_lines": 0, "excluded_lines": 0, "percent_statements_covered": 100.0, "percent_statements_covered_display": "100", "num_branches": 0, "num_partial_branches": 0, "covered_branches": 0, "missing_branches": 0, "percent_branches_covered": 100.0, "percent_branches_covered_display": "100"}, "missing_lines": [], "excluded_lines": [], "start_line": 254, "executed_branches": [], "missing_branches": []}, "create_github_rate_limiter": {"executed_lines": [281, 282], "summary": {"covered_lines": 2, "num_statements": 2, "percent_covered": 100.0, "percent_covered_display": "100", "missing_lines": 0, "excluded_lines": 0, "percent_statements_covered": 100.0, "percent_statements_covered_display": "100", "num_branches": 0, "num_partial_branches": 0, "covered_branches": 0, "missing_branches": 0, "percent_branches_covered": 100.0, "percent_branches_covered_display": "100"}, "missing_lines": [], "excluded_lines": [], "start_line": 272, "executed_branches": [], "missing_branches": []}, "create_epss_rate_limiter": {"executed_lines": [296], "summary": {"covered_lines": 1, "num_statements": 1, "percent_covered": 100.0, "percent_covered_display": "100", "missing_lines": 0, "excluded_lines": 0, "percent_statements_covered": 100.0, "percent_statements_covered_display": "100", "num_branches": 0, "num_partial_branches": 0, "covered_branches": 0, "missing_branches": 0, "percent_branches_covered": 100.0, "percent_branches_covered_display": "100"}, "missing_lines": [], "excluded_lines": [], "start_line": 290, "executed_branches": [], "missing_branches": []}, "": {"executed_lines": [11, 13, 14, 15, 16, 17, 18, 20, 22, 24, 25, 28, 31, 37, 38, 45, 46, 47, 48, 50, 55, 62, 77, 93, 109, 157, 199, 204, 225, 241, 254, 272, 290, 303], "summary": {"covered_lines": 34, "num_statements": 34, "percent_covered": 100.0, "percent_covered_display": "100", "missing_lines": 0, "excluded_lines": 0, "percent_statements_covered": 100.0, "percent_statements_covered_display": "100", "num_branches": 0, "num_partial_branches": 0, "covered_branches": 0, "missing_branches": 0, "percent_branches_covered": 100.0, "percent_branches_covered_display": "100"}, "missing_lines": [], "excluded_lines": [], "start_line": 1, "executed_branches": [], "missing_branches": []}}, "classes": {"RateLimitExceededError": {"executed_lines": [32, 33, 34], "summary": {"covered_lines": 3, "num_statements": 3, "percent_covered": 100.0, "percent_covered_display": "100", "missing_lines": 0, "excluded_lines": 0, "percent_statements_covered": 100.0, "percent_statements_covered_display": "100", "num_branches": 0, "num_partial_branches": 0, "covered_branches": 0, "missing_branches": 0, "percent_branches_covered": 100.0, "percent_branches_covered_display": "100"}, "missing_lines": [], "excluded_lines": [], "start_line": 28, "executed_branches": [], "missing_branches": []}, "TokenBucket": {"executed_lines": [52, 53, 57, 58, 59, 60, 71, 72, 73, 74, 75, 86, 87, 89, 90], "summary": {"covered_lines": 15, "num_statements": 16, "percent_covered": 90.0, "percent_covered_display": "90", "missing_lines": 1, "excluded_lines": 0, "percent_statements_covered": 93.75, "percent_statements_covered_display": "94", "num_branches": 4, "num_partial_branches": 1, "covered_branches": 3, "missing_branches": 1, "percent_branches_covered": 75.0, "percent_branches_covered_display": "75"}, "missing_lines": [88], "excluded_lines": [], "start_line": 38, "executed_branches": [[72, 73], [72, 75], [87, 89]], "missing_branches": [[87, 88]]}, "RateLimiter": {"executed_lines": [129, 130, 133, 134, 135, 136, 141, 142, 144, 147, 148, 150, 168, 169, 170, 171, 174, 175, 176, 179, 180, 183, 186, 197, 201, 202, 206, 208, 209, 210, 212, 213, 214, 215, 216, 217, 234, 235, 236, 237, 239, 243], "summary": {"covered_lines": 42, "num_statements": 50, "percent_covered": 82.3529411764706, "percent_covered_display": "82", "missing_lines": 8, "excluded_lines": 0, "percent_statements_covered": 84.0, "percent_statements_covered_display": "84", "num_branches": 18, "num_partial_branches": 4, "covered_branches": 14, "missing_branches": 4, "percent_branches_covered": 77.77777777777777, "percent_branches_covered_display": "78"}, "missing_lines": [138, 187, 188, 189, 190, 195, 222, 223], "excluded_lines": [], "start_line": 93, "executed_branches": [[133, 134], [133, 135], [135, 136], [169, 170], [169, 174], [174, 175], [174, 179], [186, 197], [201, -199], [201, 202], [206, -204], [206, 208], [209, 210], [213, 214]], "missing_branches": [[135, 138], [186, 187], [209, 212], [213, 206]]}, "": {"executed_lines": [11, 13, 14, 15, 16, 17, 18, 20, 22, 24, 25, 28, 31, 37, 38, 45, 46, 47, 48, 50, 55, 62, 77, 93, 109, 157, 199, 204, 225, 241, 254, 263, 264, 272, 281, 282, 290, 296, 303], "summary": {"covered_lines": 39, "num_statements": 39, "percent_covered": 100.0, "percent_covered_display": "100", "missing_lines": 0, "excluded_lines": 0, "percent_statements_covered": 100.0, "percent_statements_covered_display": "100", "num_branches": 0, "num_partial_branches": 0, "covered_branches": 0, "missing_branches": 0, "percent_branches_covered": 100.0, "percent_branches_covered_display": "100"}, "missing_lines": [], "excluded_lines": [], "start_line": 1, "executed_branches": [], "missing_branches": []}}}, "src/siopv/infrastructure/types.py": {"executed_lines": [6, 10, 12], "summary": {"covered_lines": 3, "num_statements": 3, "percent_covered": 100.0, "percent_covered_display": "100", "missing_lines": 0, "excluded_lines": 0, "percent_statements_covered": 100.0, "percent_statements_covered_display": "100", "num_branches": 0, "num_partial_branches": 0, "covered_branches": 0, "missing_branches": 0, "percent_branches_covered": 100.0, "percent_branches_covered_display": "100"}, "missing_lines": [], "excluded_lines": [], "executed_branches": [], "missing_branches": [], "functions": {"": {"executed_lines": [6, 10, 12], "summary": {"covered_lines": 3, "num_statements": 3, "percent_covered": 100.0, "percent_covered_display": "100", "missing_lines": 0, "excluded_lines": 0, "percent_statements_covered": 100.0, "percent_statements_covered_display": "100", "num_branches": 0, "num_partial_branches": 0, "covered_branches": 0, "missing_branches": 0, "percent_branches_covered": 100.0, "percent_branches_covered_display": "100"}, "missing_lines": [], "excluded_lines": [], "start_line": 1, "executed_branches": [], "missing_branches": []}}, "classes": {"": {"executed_lines": [6, 10, 12], "summary": {"covered_lines": 3, "num_statements": 3, "percent_covered": 100.0, "percent_covered_display": "100", "missing_lines": 0, "excluded_lines": 0, "percent_statements_covered": 100.0, "percent_statements_covered_display": "100", "num_branches": 0, "num_partial_branches": 0, "covered_branches": 0, "missing_branches": 0, "percent_branches_covered": 100.0, "percent_branches_covered_display": "100"}, "missing_lines": [], "excluded_lines": [], "start_line": 1, "executed_branches": [], "missing_branches": []}}}, "src/siopv/interfaces/__init__.py": {"executed_lines": [], "summary": {"covered_lines": 0, "num_statements": 0, "percent_covered": 100.0, "percent_covered_display": "100", "missing_lines": 0, "excluded_lines": 0, "percent_statements_covered": 100.0, "percent_statements_covered_display": "100", "num_branches": 0, "num_partial_branches": 0, "covered_branches": 0, "missing_branches": 0, "percent_branches_covered": 100.0, "percent_branches_covered_display": "100"}, "missing_lines": [], "excluded_lines": [], "executed_branches": [], "missing_branches": [], "functions": {"": {"executed_lines": [], "summary": {"covered_lines": 0, "num_statements": 0, "percent_covered": 100.0, "percent_covered_display": "100", "missing_lines": 0, "excluded_lines": 0, "percent_statements_covered": 100.0, "percent_statements_covered_display": "100", "num_branches": 0, "num_partial_branches": 0, "covered_branches": 0, "missing_branches": 0, "percent_branches_covered": 100.0, "percent_branches_covered_display": "100"}, "missing_lines": [], "excluded_lines": [], "start_line": 1, "executed_branches": [], "missing_branches": []}}, "classes": {"": {"executed_lines": [], "summary": {"covered_lines": 0, "num_statements": 0, "percent_covered": 100.0, "percent_covered_display": "100", "missing_lines": 0, "excluded_lines": 0, "percent_statements_covered": 100.0, "percent_statements_covered_display": "100", "num_branches": 0, "num_partial_branches": 0, "covered_branches": 0, "missing_branches": 0, "percent_branches_covered": 100.0, "percent_branches_covered_display": "100"}, "missing_lines": [], "excluded_lines": [], "start_line": 1, "executed_branches": [], "missing_branches": []}}}, "src/siopv/interfaces/api/__init__.py": {"executed_lines": [], "summary": {"covered_lines": 0, "num_statements": 0, "percent_covered": 100.0, "percent_covered_display": "100", "missing_lines": 0, "excluded_lines": 0, "percent_statements_covered": 100.0, "percent_statements_covered_display": "100", "num_branches": 0, "num_partial_branches": 0, "covered_branches": 0, "missing_branches": 0, "percent_branches_covered": 100.0, "percent_branches_covered_display": "100"}, "missing_lines": [], "excluded_lines": [], "executed_branches": [], "missing_branches": [], "functions": {"": {"executed_lines": [], "summary": {"covered_lines": 0, "num_statements": 0, "percent_covered": 100.0, "percent_covered_display": "100", "missing_lines": 0, "excluded_lines": 0, "percent_statements_covered": 100.0, "percent_statements_covered_display": "100", "num_branches": 0, "num_partial_branches": 0, "covered_branches": 0, "missing_branches": 0, "percent_branches_covered": 100.0, "percent_branches_covered_display": "100"}, "missing_lines": [], "excluded_lines": [], "start_line": 1, "executed_branches": [], "missing_branches": []}}, "classes": {"": {"executed_lines": [], "summary": {"covered_lines": 0, "num_statements": 0, "percent_covered": 100.0, "percent_covered_display": "100", "missing_lines": 0, "excluded_lines": 0, "percent_statements_covered": 100.0, "percent_statements_covered_display": "100", "num_branches": 0, "num_partial_branches": 0, "covered_branches": 0, "missing_branches": 0, "percent_branches_covered": 100.0, "percent_branches_covered_display": "100"}, "missing_lines": [], "excluded_lines": [], "start_line": 1, "executed_branches": [], "missing_branches": []}}}, "src/siopv/interfaces/cli/__init__.py": {"executed_lines": [], "summary": {"covered_lines": 0, "num_statements": 0, "percent_covered": 100.0, "percent_covered_display": "100", "missing_lines": 0, "excluded_lines": 0, "percent_statements_covered": 100.0, "percent_statements_covered_display": "100", "num_branches": 0, "num_partial_branches": 0, "covered_branches": 0, "missing_branches": 0, "percent_branches_covered": 100.0, "percent_branches_covered_display": "100"}, "missing_lines": [], "excluded_lines": [], "executed_branches": [], "missing_branches": [], "functions": {"": {"executed_lines": [], "summary": {"covered_lines": 0, "num_statements": 0, "percent_covered": 100.0, "percent_covered_display": "100", "missing_lines": 0, "excluded_lines": 0, "percent_statements_covered": 100.0, "percent_statements_covered_display": "100", "num_branches": 0, "num_partial_branches": 0, "covered_branches": 0, "missing_branches": 0, "percent_branches_covered": 100.0, "percent_branches_covered_display": "100"}, "missing_lines": [], "excluded_lines": [], "start_line": 1, "executed_branches": [], "missing_branches": []}}, "classes": {"": {"executed_lines": [], "summary": {"covered_lines": 0, "num_statements": 0, "percent_covered": 100.0, "percent_covered_display": "100", "missing_lines": 0, "excluded_lines": 0, "percent_statements_covered": 100.0, "percent_statements_covered_display": "100", "num_branches": 0, "num_partial_branches": 0, "covered_branches": 0, "missing_branches": 0, "percent_branches_covered": 100.0, "percent_branches_covered_display": "100"}, "missing_lines": [], "excluded_lines": [], "start_line": 1, "executed_branches": [], "missing_branches": []}}}, "src/siopv/interfaces/cli/main.py": {"executed_lines": [], "summary": {"covered_lines": 0, "num_statements": 34, "percent_covered": 0.0, "percent_covered_display": "0", "missing_lines": 34, "excluded_lines": 2, "percent_statements_covered": 0.0, "percent_statements_covered_display": "0", "num_branches": 0, "num_partial_branches": 0, "covered_branches": 0, "missing_branches": 0, "percent_branches_covered": 100.0, "percent_branches_covered_display": "100"}, "missing_lines": [6, 7, 9, 11, 12, 14, 21, 22, 29, 30, 36, 37, 56, 57, 60, 61, 62, 65, 66, 68, 69, 72, 73, 76, 77, 92, 93, 96, 97, 98, 101, 102, 104, 105], "excluded_lines": [108, 109], "executed_branches": [], "missing_branches": [], "functions": {"main": {"executed_lines": [], "summary": {"covered_lines": 0, "num_statements": 2, "percent_covered": 0.0, "percent_covered_display": "0", "missing_lines": 2, "excluded_lines": 0, "percent_statements_covered": 0.0, "percent_statements_covered_display": "0", "num_branches": 0, "num_partial_branches": 0, "covered_branches": 0, "missing_branches": 0, "percent_branches_covered": 100.0, "percent_branches_covered_display": "100"}, "missing_lines": [29, 30], "excluded_lines": [], "start_line": 22, "executed_branches": [], "missing_branches": []}, "process_report": {"executed_lines": [], "summary": {"covered_lines": 0, "num_statements": 5, "percent_covered": 0.0, "percent_covered_display": "0", "missing_lines": 5, "excluded_lines": 0, "percent_statements_covered": 0.0, "percent_statements_covered_display": "0", "num_branches": 0, "num_partial_branches": 0, "covered_branches": 0, "missing_branches": 0, "percent_branches_covered": 100.0, "percent_branches_covered_display": "100"}, "missing_lines": [56, 57, 60, 61, 62], "excluded_lines": [], "start_line": 37, "executed_branches": [], "missing_branches": []}, "dashboard": {"executed_lines": [], "summary": {"covered_lines": 0, "num_statements": 4, "percent_covered": 0.0, "percent_covered_display": "0", "missing_lines": 4, "excluded_lines": 0, "percent_statements_covered": 0.0, "percent_statements_covered_display": "0", "num_branches": 0, "num_partial_branches": 0, "covered_branches": 0, "missing_branches": 0, "percent_branches_covered": 100.0, "percent_branches_covered_display": "100"}, "missing_lines": [68, 69, 72, 73], "excluded_lines": [], "start_line": 66, "executed_branches": [], "missing_branches": []}, "train_model": {"executed_lines": [], "summary": {"covered_lines": 0, "num_statements": 5, "percent_covered": 0.0, "percent_covered_display": "0", "missing_lines": 5, "excluded_lines": 0, "percent_statements_covered": 0.0, "percent_statements_covered_display": "0", "num_branches": 0, "num_partial_branches": 0, "covered_branches": 0, "missing_branches": 0, "percent_branches_covered": 100.0, "percent_branches_covered_display": "100"}, "missing_lines": [92, 93, 96, 97, 98], "excluded_lines": [], "start_line": 77, "executed_branches": [], "missing_branches": []}, "version": {"executed_lines": [], "summary": {"covered_lines": 0, "num_statements": 2, "percent_covered": 0.0, "percent_covered_display": "0", "missing_lines": 2, "excluded_lines": 0, "percent_statements_covered": 0.0, "percent_statements_covered_display": "0", "num_branches": 0, "num_partial_branches": 0, "covered_branches": 0, "missing_branches": 0, "percent_branches_covered": 100.0, "percent_branches_covered_display": "100"}, "missing_lines": [104, 105], "excluded_lines": [], "start_line": 102, "executed_branches": [], "missing_branches": []}, "": {"executed_lines": [], "summary": {"covered_lines": 0, "num_statements": 16, "percent_covered": 0.0, "percent_covered_display": "0", "missing_lines": 16, "excluded_lines": 2, "percent_statements_covered": 0.0, "percent_statements_covered_display": "0", "num_branches": 0, "num_partial_branches": 0, "covered_branches": 0, "missing_branches": 0, "percent_branches_covered": 100.0, "percent_branches_covered_display": "100"}, "missing_lines": [6, 7, 9, 11, 12, 14, 21, 22, 36, 37, 65, 66, 76, 77, 101, 102], "excluded_lines": [108, 109], "start_line": 1, "executed_branches": [], "missing_branches": []}}, "classes": {"": {"executed_lines": [], "summary": {"covered_lines": 0, "num_statements": 34, "percent_covered": 0.0, "percent_covered_display": "0", "missing_lines": 34, "excluded_lines": 2, "percent_statements_covered": 0.0, "percent_statements_covered_display": "0", "num_branches": 0, "num_partial_branches": 0, "covered_branches": 0, "missing_branches": 0, "percent_branches_covered": 100.0, "percent_branches_covered_display": "100"}, "missing_lines": [6, 7, 9, 11, 12, 14, 21, 22, 29, 30, 36, 37, 56, 57, 60, 61, 62, 65, 66, 68, 69, 72, 73, 76, 77, 92, 93, 96, 97, 98, 101, 102, 104, 105], "excluded_lines": [108, 109], "start_line": 1, "executed_branches": [], "missing_branches": []}}}, "src/siopv/interfaces/dashboard/__init__.py": {"executed_lines": [], "summary": {"covered_lines": 0, "num_statements": 0, "percent_covered": 100.0, "percent_covered_display": "100", "missing_lines": 0, "excluded_lines": 0, "percent_statements_covered": 100.0, "percent_statements_covered_display": "100", "num_branches": 0, "num_partial_branches": 0, "covered_branches": 0, "missing_branches": 0, "percent_branches_covered": 100.0, "percent_branches_covered_display": "100"}, "missing_lines": [], "excluded_lines": [], "executed_branches": [], "missing_branches": [], "functions": {"": {"executed_lines": [], "summary": {"covered_lines": 0, "num_statements": 0, "percent_covered": 100.0, "percent_covered_display": "100", "missing_lines": 0, "excluded_lines": 0, "percent_statements_covered": 100.0, "percent_statements_covered_display": "100", "num_branches": 0, "num_partial_branches": 0, "covered_branches": 0, "missing_branches": 0, "percent_branches_covered": 100.0, "percent_branches_covered_display": "100"}, "missing_lines": [], "excluded_lines": [], "start_line": 1, "executed_branches": [], "missing_branches": []}}, "classes": {"": {"executed_lines": [], "summary": {"covered_lines": 0, "num_statements": 0, "percent_covered": 100.0, "percent_covered_display": "100", "missing_lines": 0, "excluded_lines": 0, "percent_statements_covered": 100.0, "percent_statements_covered_display": "100", "num_branches": 0, "num_partial_branches": 0, "covered_branches": 0, "missing_branches": 0, "percent_branches_covered": 100.0, "percent_branches_covered_display": "100"}, "missing_lines": [], "excluded_lines": [], "start_line": 1, "executed_branches": [], "missing_branches": []}}}}, "totals": {"covered_lines": 4062, "num_statements": 4833, "percent_covered": 82.84096939678047, "percent_covered_display": "83", "missing_lines": 771, "excluded_lines": 91, "percent_statements_covered": 84.0471756672874, "percent_statements_covered_display": "84", "num_branches": 820, "num_partial_branches": 69, "covered_branches": 621, "missing_branches": 199, "percent_branches_covered": 75.73170731707317, "percent_branches_covered_display": "76"}}